<?xml version="1.0" encoding="UTF-8"?>
<coverage generated="1779470381902" clover="3.2.0">
  <project timestamp="1779470381902" name="All files">
    <metrics statements="870" coveredstatements="870" conditionals="934" coveredconditionals="834" methods="215" coveredmethods="215" elements="2019" coveredelements="1919" complexity="0" loc="870" ncloc="870" packages="1" files="5" classes="5"/>
    <file name="context.ts" path="C:\src\netsuite-repository\src\context.ts">
      <metrics statements="40" coveredstatements="40" conditionals="3" coveredconditionals="3" methods="18" coveredmethods="18"/>
      <line num="1" count="2" type="stmt"/>
      <line num="3" count="2" type="stmt"/>
      <line num="4" count="2" type="stmt"/>
      <line num="6" count="2" type="stmt"/>
      <line num="10" count="36" type="stmt"/>
      <line num="14" count="3" type="stmt"/>
      <line num="18" count="2" type="stmt"/>
      <line num="22" count="9" type="stmt"/>
      <line num="26" count="2" type="stmt"/>
      <line num="30" count="2" type="stmt"/>
      <line num="34" count="1" type="stmt"/>
      <line num="38" count="3" type="stmt"/>
      <line num="42" count="3" type="stmt"/>
      <line num="46" count="1" type="stmt"/>
      <line num="50" count="2" type="stmt"/>
      <line num="54" count="3" type="stmt"/>
      <line num="55" count="3" type="cond" truecount="1" falsecount="0"/>
      <line num="56" count="2" type="stmt"/>
      <line num="59" count="1" type="stmt"/>
      <line num="67" count="2" type="stmt"/>
      <line num="70" count="12" type="stmt"/>
      <line num="71" count="12" type="stmt"/>
      <line num="75" count="4" type="stmt"/>
      <line num="76" count="4" type="cond" truecount="1" falsecount="0"/>
      <line num="77" count="1" type="stmt"/>
      <line num="79" count="3" type="stmt"/>
      <line num="83" count="2" type="stmt"/>
      <line num="87" count="2" type="stmt"/>
      <line num="88" count="2" type="cond" truecount="1" falsecount="0"/>
      <line num="89" count="1" type="stmt"/>
      <line num="91" count="1" type="stmt"/>
      <line num="95" count="12" type="stmt"/>
      <line num="96" count="12" type="stmt"/>
      <line num="97" count="23" type="stmt"/>
      <line num="99" count="12" type="stmt"/>
      <line num="105" count="2" type="stmt"/>
      <line num="106" count="5" type="stmt"/>
      <line num="107" count="5" type="stmt"/>
      <line num="108" count="9" type="stmt"/>
      <line num="115" count="5" type="stmt"/>
    </file>
    <file name="index.ts" path="C:\src\netsuite-repository\src\index.ts">
      <metrics statements="14" coveredstatements="14" conditionals="3" coveredconditionals="3" methods="3" coveredmethods="3"/>
      <line num="1" count="1" type="stmt"/>
      <line num="2" count="1" type="stmt"/>
      <line num="3" count="1" type="stmt"/>
      <line num="4" count="1" type="stmt"/>
      <line num="8" count="1" type="stmt"/>
      <line num="9" count="1" type="stmt"/>
      <line num="10" count="1" type="stmt"/>
      <line num="12" count="1" type="stmt"/>
      <line num="16" count="3" type="stmt"/>
      <line num="17" count="3" type="cond" truecount="1" falsecount="0"/>
      <line num="18" count="3" type="cond" truecount="2" falsecount="0"/>
      <line num="21" count="4" type="stmt"/>
      <line num="22" count="1" type="stmt"/>
      <line num="27" count="1" type="stmt"/>
    </file>
    <file name="query.ts" path="C:\src\netsuite-repository\src\query.ts">
      <metrics statements="235" coveredstatements="235" conditionals="174" coveredconditionals="173" methods="72" coveredmethods="72"/>
      <line num="2" count="4" type="stmt"/>
      <line num="31" count="29" type="stmt"/>
      <line num="34" count="4" type="stmt"/>
      <line num="36" count="116" type="stmt"/>
      <line num="37" count="116" type="stmt"/>
      <line num="38" count="116" type="stmt"/>
      <line num="41" count="116" type="stmt"/>
      <line num="44" count="116" type="stmt"/>
      <line num="48" count="113" type="stmt"/>
      <line num="52" count="2" type="cond" truecount="1" falsecount="0"/>
      <line num="53" count="2" type="stmt"/>
      <line num="56" count="2" type="stmt"/>
      <line num="57" count="2" type="stmt"/>
      <line num="60" count="2" type="stmt"/>
      <line num="64" count="1" type="stmt"/>
      <line num="65" count="1" type="stmt"/>
      <line num="69" count="1" type="stmt"/>
      <line num="70" count="1" type="stmt"/>
      <line num="74" count="31" type="stmt"/>
      <line num="78" count="2" type="stmt"/>
      <line num="82" count="1" type="stmt"/>
      <line num="83" count="1" type="stmt"/>
      <line num="87" count="1" type="stmt"/>
      <line num="88" count="1" type="stmt"/>
      <line num="92" count="3" type="cond" truecount="4" falsecount="0"/>
      <line num="96" count="2" type="cond" truecount="4" falsecount="0"/>
      <line num="100" count="1" type="stmt"/>
      <line num="104" count="1" type="stmt"/>
      <line num="108" count="3" type="cond" truecount="4" falsecount="0"/>
      <line num="112" count="2" type="stmt"/>
      <line num="116" count="1" type="stmt"/>
      <line num="120" count="3" type="stmt"/>
      <line num="121" count="3" type="stmt"/>
      <line num="125" count="1" type="stmt"/>
      <line num="129" count="1" type="stmt"/>
      <line num="133" count="7" type="stmt"/>
      <line num="134" count="7" type="stmt"/>
      <line num="138" count="3" type="stmt"/>
      <line num="139" count="3" type="stmt"/>
      <line num="143" count="2" type="stmt"/>
      <line num="144" count="2" type="stmt"/>
      <line num="145" count="2" type="stmt"/>
      <line num="146" count="2" type="stmt"/>
      <line num="147" count="2" type="stmt"/>
      <line num="151" count="87" type="stmt"/>
      <line num="152" count="87" type="stmt"/>
      <line num="153" count="87" type="cond" truecount="2" falsecount="0"/>
      <line num="154" count="87" type="cond" truecount="6" falsecount="0"/>
      <line num="156" count="87" type="stmt"/>
      <line num="157" count="86" type="stmt"/>
      <line num="158" count="86" type="stmt"/>
      <line num="160" count="86" type="cond" truecount="1" falsecount="0"/>
      <line num="161" count="23" type="stmt"/>
      <line num="164" count="86" type="cond" truecount="1" falsecount="0"/>
      <line num="165" count="3" type="stmt"/>
      <line num="168" count="86" type="stmt"/>
      <line num="176" count="21" type="stmt"/>
      <line num="177" count="21" type="stmt"/>
      <line num="181" count="21" type="stmt"/>
      <line num="182" count="21" type="cond" truecount="2" falsecount="0"/>
      <line num="184" count="21" type="stmt"/>
      <line num="188" count="4" type="stmt"/>
      <line num="192" count="14" type="stmt"/>
      <line num="193" count="14" type="stmt"/>
      <line num="197" count="2" type="stmt"/>
      <line num="198" count="2" type="stmt"/>
      <line num="206" count="3" type="stmt"/>
      <line num="207" count="3" type="stmt"/>
      <line num="208" count="3" type="stmt"/>
      <line num="209" count="3" type="stmt"/>
      <line num="210" count="3" type="cond" truecount="4" falsecount="0"/>
      <line num="214" count="7" type="stmt"/>
      <line num="215" count="7" type="stmt"/>
      <line num="216" count="7" type="stmt"/>
      <line num="217" count="7" type="stmt"/>
      <line num="218" count="7" type="cond" truecount="4" falsecount="0"/>
      <line num="222" count="3" type="stmt"/>
      <line num="223" count="3" type="stmt"/>
      <line num="224" count="3" type="cond" truecount="1" falsecount="0"/>
      <line num="225" count="1" type="stmt"/>
      <line num="228" count="3" type="stmt"/>
      <line num="229" count="3" type="stmt"/>
      <line num="230" count="3" type="cond" truecount="8" falsecount="0"/>
      <line num="234" count="3" type="stmt"/>
      <line num="235" count="3" type="stmt"/>
      <line num="236" count="3" type="cond" truecount="1" falsecount="0"/>
      <line num="237" count="1" type="stmt"/>
      <line num="240" count="3" type="stmt"/>
      <line num="244" count="4" type="stmt"/>
      <line num="245" count="4" type="stmt"/>
      <line num="246" count="4" type="stmt"/>
      <line num="250" count="26" type="cond" truecount="1" falsecount="0"/>
      <line num="251" count="4" type="stmt"/>
      <line num="254" count="22" type="stmt"/>
      <line num="255" count="22" type="stmt"/>
      <line num="256" count="22" type="cond" truecount="4" falsecount="0"/>
      <line num="258" count="16" type="stmt"/>
      <line num="260" count="22" type="stmt"/>
      <line num="261" count="22" type="cond" truecount="6" falsecount="0"/>
      <line num="265" count="33" type="cond" truecount="4" falsecount="0"/>
      <line num="266" count="1" type="stmt"/>
      <line num="269" count="32" type="stmt"/>
      <line num="270" count="31" type="cond" truecount="2" falsecount="0"/>
      <line num="271" count="31" type="stmt"/>
      <line num="272" count="31" type="stmt"/>
      <line num="276" count="3" type="stmt"/>
      <line num="277" count="3" type="stmt"/>
      <line num="279" count="3" type="cond" truecount="1" falsecount="0"/>
      <line num="280" count="1" type="stmt"/>
      <line num="283" count="2" type="stmt"/>
      <line num="284" count="3" type="cond" truecount="2" falsecount="0"/>
      <line num="287" count="2" type="stmt"/>
      <line num="292" count="2" type="stmt"/>
      <line num="296" count="36" type="cond" truecount="3" falsecount="0"/>
      <line num="297" count="2" type="stmt"/>
      <line num="300" count="34" type="cond" truecount="1" falsecount="0"/>
      <line num="301" count="3" type="cond" truecount="3" falsecount="0"/>
      <line num="302" count="2" type="stmt"/>
      <line num="304" count="1" type="stmt"/>
      <line num="307" count="31" type="cond" truecount="3" falsecount="0"/>
      <line num="308" count="4" type="cond" truecount="3" falsecount="0"/>
      <line num="309" count="2" type="stmt"/>
      <line num="311" count="5" type="stmt"/>
      <line num="314" count="27" type="cond" truecount="1" falsecount="0"/>
      <line num="315" count="1" type="stmt"/>
      <line num="318" count="26" type="cond" truecount="4" falsecount="0"/>
      <line num="322" count="87" type="stmt"/>
      <line num="323" count="386" type="cond" truecount="1" falsecount="0"/>
      <line num="324" count="85" type="stmt"/>
      <line num="326" count="301" type="cond" truecount="1" falsecount="0"/>
      <line num="327" count="2" type="stmt"/>
      <line num="329" count="299" type="cond" truecount="2" falsecount="0"/>
      <line num="334" count="87" type="stmt"/>
      <line num="335" count="87" type="stmt"/>
      <line num="336" count="381" type="cond" truecount="4" falsecount="0"/>
      <line num="337" count="381" type="stmt"/>
      <line num="343" count="87" type="stmt"/>
      <line num="347" count="87" type="cond" truecount="1" falsecount="0"/>
      <line num="348" count="1" type="stmt"/>
      <line num="351" count="86" type="stmt"/>
      <line num="352" count="381" type="cond" truecount="4" falsecount="0"/>
      <line num="353" count="381" type="stmt"/>
      <line num="354" count="381" type="cond" truecount="2" falsecount="0"/>
      <line num="359" count="92" type="cond" truecount="1" falsecount="0"/>
      <line num="360" count="92" type="stmt"/>
      <line num="364" count="15" type="stmt"/>
      <line num="365" count="23" type="cond" truecount="4" falsecount="0"/>
      <line num="366" count="23" type="cond" truecount="4" falsecount="0"/>
      <line num="367" count="23" type="stmt"/>
      <line num="368" count="23" type="cond" truecount="6" falsecount="0"/>
      <line num="373" count="92" type="cond" truecount="2" falsecount="0"/>
      <line num="377" count="86" type="stmt"/>
      <line num="381" count="35" type="stmt"/>
      <line num="382" count="35" type="cond" truecount="1" falsecount="0"/>
      <line num="383" count="1" type="stmt"/>
      <line num="385" count="34" type="stmt"/>
      <line num="389" count="94" type="stmt"/>
      <line num="393" count="22" type="stmt"/>
      <line num="394" count="22" type="stmt"/>
      <line num="395" count="87" type="cond" truecount="1" falsecount="0"/>
      <line num="396" count="15" type="cond" truecount="4" falsecount="0"/>
      <line num="397" count="15" type="stmt"/>
      <line num="400" count="22" type="stmt"/>
      <line num="404" count="22" type="stmt"/>
      <line num="405" count="21" type="cond" truecount="1" falsecount="0"/>
      <line num="406" count="20" type="cond" truecount="4" falsecount="0"/>
      <line num="409" count="2" type="stmt"/>
      <line num="413" count="6" type="stmt"/>
      <line num="414" count="6" type="stmt"/>
      <line num="415" count="11" type="stmt"/>
      <line num="416" count="11" type="cond" truecount="3" falsecount="0"/>
      <line num="417" count="1" type="stmt"/>
      <line num="419" count="10" type="cond" truecount="4" falsecount="0"/>
      <line num="420" count="10" type="stmt"/>
      <line num="421" count="10" type="stmt"/>
      <line num="423" count="6" type="stmt"/>
      <line num="427" count="6" type="stmt"/>
      <line num="429" count="6" type="stmt"/>
      <line num="430" count="6" type="stmt"/>
      <line num="433" count="6" type="stmt"/>
      <line num="434" count="6" type="stmt"/>
      <line num="435" count="10" type="stmt"/>
      <line num="436" count="10" type="stmt"/>
      <line num="437" count="10" type="cond" truecount="3" falsecount="0"/>
      <line num="438" count="2" type="stmt"/>
      <line num="440" count="8" type="stmt"/>
      <line num="441" count="8" type="cond" truecount="1" falsecount="0"/>
      <line num="442" count="1" type="stmt"/>
      <line num="444" count="7" type="stmt"/>
      <line num="445" count="7" type="stmt"/>
      <line num="449" count="6" type="stmt"/>
      <line num="453" count="22" type="stmt"/>
      <line num="454" count="22" type="stmt"/>
      <line num="455" count="89" type="stmt"/>
      <line num="456" count="89" type="stmt"/>
      <line num="457" count="89" type="cond" truecount="3" falsecount="0"/>
      <line num="458" count="15" type="stmt"/>
      <line num="460" count="74" type="stmt"/>
      <line num="462" count="22" type="stmt"/>
      <line num="466" count="10" type="stmt"/>
      <line num="467" count="10" type="stmt"/>
      <line num="469" count="10" type="stmt"/>
      <line num="470" count="38" type="stmt"/>
      <line num="471" count="38" type="cond" truecount="3" falsecount="0"/>
      <line num="472" count="16" type="stmt"/>
      <line num="475" count="22" type="cond" truecount="2" falsecount="0"/>
      <line num="476" count="22" type="stmt"/>
      <line num="477" count="22" type="cond" truecount="4" falsecount="0"/>
      <line num="478" count="16" type="stmt"/>
      <line num="480" count="22" type="stmt"/>
      <line num="483" count="10" type="cond" truecount="2" falsecount="0"/>
      <line num="487" count="111" type="cond" truecount="2" falsecount="0"/>
      <line num="491" count="96" type="stmt"/>
      <line num="492" count="96" type="stmt"/>
      <line num="494" count="96" type="stmt"/>
      <line num="495" count="4" type="stmt"/>
      <line num="496" count="4" type="stmt"/>
      <line num="497" count="4" type="cond" truecount="4" falsecount="0"/>
      <line num="498" count="4" type="stmt"/>
      <line num="500" count="4" type="stmt"/>
      <line num="503" count="96" type="stmt"/>
      <line num="507" count="15" type="cond" truecount="1" falsecount="0"/>
      <line num="508" count="8" type="stmt"/>
      <line num="510" count="7" type="cond" truecount="1" falsecount="0"/>
      <line num="511" count="1" type="stmt"/>
      <line num="513" count="6" type="stmt"/>
      <line num="517" count="4" type="cond" truecount="1" falsecount="0"/>
      <line num="518" count="1" type="stmt"/>
      <line num="520" count="3" type="cond" truecount="3" falsecount="0"/>
      <line num="521" count="2" type="stmt"/>
      <line num="523" count="1" type="stmt"/>
      <line num="527" count="4" type="stmt"/>
      <line num="528" count="12" type="stmt"/>
      <line num="531" count="4" type="stmt"/>
      <line num="532" count="1" type="stmt"/>
    </file>
    <file name="record-updater.ts" path="C:\src\netsuite-repository\src\record-updater.ts">
      <metrics statements="570" coveredstatements="570" conditionals="744" coveredconditionals="645" methods="118" coveredmethods="118"/>
      <line num="2" count="4" type="stmt"/>
      <line num="57" count="23" type="stmt"/>
      <line num="61" count="21" type="stmt"/>
      <line num="71" count="4" type="cond" truecount="1" falsecount="1"/>
      <line num="75" count="73" type="cond" truecount="3" falsecount="0"/>
      <line num="79" count="10" type="cond" truecount="9" falsecount="0"/>
      <line num="81" count="1" type="stmt"/>
      <line num="83" count="1" type="stmt"/>
      <line num="85" count="1" type="stmt"/>
      <line num="87" count="1" type="stmt"/>
      <line num="89" count="1" type="stmt"/>
      <line num="91" count="1" type="stmt"/>
      <line num="93" count="1" type="stmt"/>
      <line num="95" count="1" type="stmt"/>
      <line num="97" count="2" type="stmt"/>
      <line num="101" count="4" type="stmt"/>
      <line num="103" count="8" type="stmt"/>
      <line num="104" count="8" type="stmt"/>
      <line num="105" count="8" type="stmt"/>
      <line num="109" count="7" type="stmt"/>
      <line num="110" count="6" type="stmt"/>
      <line num="114" count="2" type="stmt"/>
      <line num="115" count="2" type="stmt"/>
      <line num="119" count="7" type="stmt"/>
      <line num="123" count="4" type="stmt"/>
      <line num="125" count="5" type="stmt"/>
      <line num="126" count="5" type="stmt"/>
      <line num="127" count="5" type="stmt"/>
      <line num="131" count="3" type="stmt"/>
      <line num="132" count="3" type="stmt"/>
      <line num="136" count="1" type="stmt"/>
      <line num="137" count="1" type="stmt"/>
      <line num="141" count="1" type="stmt"/>
      <line num="142" count="2" type="stmt"/>
      <line num="144" count="1" type="stmt"/>
      <line num="148" count="1" type="stmt"/>
      <line num="149" count="1" type="stmt"/>
      <line num="153" count="1" type="stmt"/>
      <line num="154" count="1" type="stmt"/>
      <line num="158" count="5" type="stmt"/>
      <line num="162" count="4" type="stmt"/>
      <line num="164" count="174" type="stmt"/>
      <line num="165" count="174" type="stmt"/>
      <line num="174" count="174" type="stmt"/>
      <line num="175" count="174" type="stmt"/>
      <line num="176" count="174" type="stmt"/>
      <line num="177" count="174" type="stmt"/>
      <line num="178" count="174" type="stmt"/>
      <line num="179" count="174" type="stmt"/>
      <line num="182" count="174" type="stmt"/>
      <line num="186" count="174" type="stmt"/>
      <line num="190" count="171" type="stmt"/>
      <line num="191" count="171" type="stmt"/>
      <line num="195" count="2" type="stmt"/>
      <line num="196" count="2" type="stmt"/>
      <line num="200" count="8" type="stmt"/>
      <line num="201" count="8" type="stmt"/>
      <line num="205" count="1" type="stmt"/>
      <line num="206" count="1" type="stmt"/>
      <line num="210" count="10" type="stmt"/>
      <line num="211" count="8" type="stmt"/>
      <line num="215" count="6" type="stmt"/>
      <line num="216" count="5" type="stmt"/>
      <line num="222" count="116" type="stmt"/>
      <line num="223" count="106" type="cond" truecount="4" falsecount="0"/>
      <line num="225" count="106" type="cond" truecount="1" falsecount="0"/>
      <line num="226" count="1" type="stmt"/>
      <line num="229" count="105" type="stmt"/>
      <line num="230" count="92" type="cond" truecount="1" falsecount="0"/>
      <line num="231" count="59" type="stmt"/>
      <line num="232" count="59" type="stmt"/>
      <line num="235" count="33" type="stmt"/>
      <line num="236" count="32" type="cond" truecount="4" falsecount="0"/>
      <line num="237" count="32" type="stmt"/>
      <line num="238" count="32" type="stmt"/>
      <line num="240" count="32" type="cond" truecount="4" falsecount="0"/>
      <line num="241" count="6" type="stmt"/>
      <line num="246" count="32" type="stmt"/>
      <line num="250" count="2" type="stmt"/>
      <line num="251" count="4" type="cond" truecount="1" falsecount="0"/>
      <line num="252" count="3" type="stmt"/>
      <line num="255" count="2" type="stmt"/>
      <line num="259" count="33" type="stmt"/>
      <line num="260" count="33" type="stmt"/>
      <line num="261" count="35" type="cond" truecount="1" falsecount="0"/>
      <line num="262" count="1" type="stmt"/>
      <line num="265" count="34" type="cond" truecount="4" falsecount="0"/>
      <line num="266" count="34" type="cond" truecount="1" falsecount="0"/>
      <line num="267" count="10" type="stmt"/>
      <line num="268" count="6" type="stmt"/>
      <line num="271" count="24" type="stmt"/>
      <line num="274" count="20" type="stmt"/>
      <line num="275" count="9" type="cond" truecount="1" falsecount="0"/>
      <line num="276" count="9" type="stmt"/>
      <line num="279" count="20" type="stmt"/>
      <line num="283" count="10" type="stmt"/>
      <line num="284" count="9" type="stmt"/>
      <line num="288" count="6" type="stmt"/>
      <line num="289" count="6" type="stmt"/>
      <line num="298" count="6" type="stmt"/>
      <line num="302" count="1" type="stmt"/>
      <line num="303" count="2" type="stmt"/>
      <line num="305" count="1" type="stmt"/>
      <line num="309" count="3" type="stmt"/>
      <line num="310" count="3" type="stmt"/>
      <line num="314" count="9" type="stmt"/>
      <line num="315" count="9" type="stmt"/>
      <line num="319" count="12" type="stmt"/>
      <line num="320" count="11" type="stmt"/>
      <line num="321" count="11" type="stmt"/>
      <line num="322" count="11" type="cond" truecount="4" falsecount="0"/>
      <line num="323" count="11" type="stmt"/>
      <line num="324" count="11" type="stmt"/>
      <line num="325" count="11" type="stmt"/>
      <line num="326" count="11" type="stmt"/>
      <line num="330" count="3" type="stmt"/>
      <line num="331" count="5" type="cond" truecount="1" falsecount="0"/>
      <line num="332" count="5" type="stmt"/>
      <line num="335" count="3" type="stmt"/>
      <line num="339" count="4" type="stmt"/>
      <line num="340" count="4" type="stmt"/>
      <line num="344" count="3" type="stmt"/>
      <line num="345" count="3" type="stmt"/>
      <line num="346" count="3" type="stmt"/>
      <line num="355" count="3" type="stmt"/>
      <line num="359" count="2" type="stmt"/>
      <line num="360" count="2" type="stmt"/>
      <line num="364" count="25" type="cond" truecount="1" falsecount="0"/>
      <line num="365" count="1" type="stmt"/>
      <line num="368" count="24" type="cond" truecount="1" falsecount="0"/>
      <line num="369" count="1" type="stmt"/>
      <line num="372" count="23" type="stmt"/>
      <line num="373" count="23" type="stmt"/>
      <line num="374" count="22" type="cond" truecount="2" falsecount="0"/>
      <line num="376" count="4" type="stmt"/>
      <line num="381" count="107" type="stmt"/>
      <line num="382" count="107" type="cond" truecount="4" falsecount="0"/>
      <line num="383" count="107" type="cond" truecount="4" falsecount="0"/>
      <line num="384" count="107" type="stmt"/>
      <line num="386" count="107" type="stmt"/>
      <line num="398" count="20" type="stmt"/>
      <line num="399" count="20" type="stmt"/>
      <line num="400" count="20" type="stmt"/>
      <line num="401" count="20" type="stmt"/>
      <line num="402" count="20" type="stmt"/>
      <line num="403" count="20" type="stmt"/>
      <line num="404" count="20" type="stmt"/>
      <line num="408" count="135" type="stmt"/>
      <line num="409" count="135" type="stmt"/>
      <line num="410" count="45" type="stmt"/>
      <line num="412" count="135" type="stmt"/>
      <line num="416" count="124" type="cond" truecount="5" falsecount="0"/>
      <line num="420" count="107" type="stmt"/>
      <line num="430" count="31" type="stmt"/>
      <line num="439" count="71" type="stmt"/>
      <line num="446" count="71" type="cond" truecount="1" falsecount="0"/>
      <line num="447" count="3" type="stmt"/>
      <line num="453" count="71" type="stmt"/>
      <line num="454" count="9" type="stmt"/>
      <line num="457" count="71" type="stmt"/>
      <line num="458" count="27" type="stmt"/>
      <line num="467" count="71" type="stmt"/>
      <line num="468" count="5" type="stmt"/>
      <line num="475" count="71" type="stmt"/>
      <line num="476" count="37" type="stmt"/>
      <line num="477" count="37" type="stmt"/>
      <line num="485" count="71" type="stmt"/>
      <line num="491" count="71" type="stmt"/>
      <line num="495" count="107" type="stmt"/>
      <line num="496" count="107" type="stmt"/>
      <line num="497" count="107" type="stmt"/>
      <line num="499" count="107" type="cond" truecount="2" falsecount="0"/>
      <line num="500" count="31" type="stmt"/>
      <line num="501" count="76" type="cond" truecount="1" falsecount="0"/>
      <line num="502" count="71" type="stmt"/>
      <line num="504" count="107" type="cond" truecount="1" falsecount="0"/>
      <line num="505" count="11" type="stmt"/>
      <line num="507" count="107" type="cond" truecount="1" falsecount="0"/>
      <line num="508" count="12" type="stmt"/>
      <line num="511" count="107" type="stmt"/>
      <line num="524" count="120" type="stmt"/>
      <line num="528" count="27" type="stmt"/>
      <line num="530" count="27" type="cond" truecount="4" falsecount="0"/>
      <line num="531" count="2" type="stmt"/>
      <line num="534" count="27" type="cond" truecount="1" falsecount="0"/>
      <line num="535" count="1" type="stmt"/>
      <line num="538" count="27" type="cond" truecount="3" falsecount="0"/>
      <line num="539" count="1" type="stmt"/>
      <line num="542" count="27" type="cond" truecount="3" falsecount="0"/>
      <line num="543" count="1" type="stmt"/>
      <line num="546" count="27" type="cond" truecount="1" falsecount="0"/>
      <line num="547" count="5" type="stmt"/>
      <line num="552" count="10" type="stmt"/>
      <line num="553" count="10" type="stmt"/>
      <line num="554" count="12" type="stmt"/>
      <line num="557" count="10" type="stmt"/>
      <line num="567" count="9" type="stmt"/>
      <line num="568" count="9" type="stmt"/>
      <line num="576" count="12" type="stmt"/>
      <line num="581" count="11" type="stmt"/>
      <line num="583" count="11" type="stmt"/>
      <line num="584" count="2" type="stmt"/>
      <line num="585" count="2" type="stmt"/>
      <line num="588" count="11" type="stmt"/>
      <line num="589" count="2" type="stmt"/>
      <line num="590" count="2" type="stmt"/>
      <line num="593" count="11" type="stmt"/>
      <line num="594" count="3" type="stmt"/>
      <line num="595" count="2" type="stmt"/>
      <line num="598" count="10" type="stmt"/>
      <line num="599" count="1" type="stmt"/>
      <line num="600" count="1" type="stmt"/>
      <line num="603" count="10" type="stmt"/>
      <line num="604" count="6" type="stmt"/>
      <line num="605" count="6" type="stmt"/>
      <line num="608" count="10" type="stmt"/>
      <line num="613" count="10" type="stmt"/>
      <line num="614" count="10" type="stmt"/>
      <line num="618" count="3" type="cond" truecount="2" falsecount="0"/>
      <line num="622" count="3" type="cond" truecount="1" falsecount="0"/>
      <line num="623" count="1" type="stmt"/>
      <line num="626" count="2" type="stmt"/>
      <line num="627" count="2" type="stmt"/>
      <line num="632" count="1" type="stmt"/>
      <line num="633" count="1" type="stmt"/>
      <line num="634" count="2" type="stmt"/>
      <line num="639" count="6" type="stmt"/>
      <line num="640" count="6" type="stmt"/>
      <line num="642" count="6" type="cond" truecount="3" falsecount="0"/>
      <line num="643" count="1" type="stmt"/>
      <line num="644" count="1" type="stmt"/>
      <line num="645" count="1" type="stmt"/>
      <line num="648" count="6" type="stmt"/>
      <line num="649" count="6" type="stmt"/>
      <line num="650" count="6" type="stmt"/>
      <line num="653" count="6" type="stmt"/>
      <line num="657" count="2" type="stmt"/>
      <line num="658" count="2" type="stmt"/>
      <line num="659" count="4" type="cond" truecount="1" falsecount="0"/>
      <line num="660" count="1" type="stmt"/>
      <line num="663" count="1" type="stmt"/>
      <line num="667" count="19" type="stmt"/>
      <line num="668" count="22" type="stmt"/>
      <line num="669" count="21" type="stmt"/>
      <line num="674" count="28" type="stmt"/>
      <line num="675" count="28" type="cond" truecount="6" falsecount="1"/>
      <line num="676" count="1" type="stmt"/>
      <line num="678" count="27" type="stmt"/>
      <line num="682" count="9" type="stmt"/>
      <line num="683" count="12" type="stmt"/>
      <line num="684" count="12" type="stmt"/>
      <line num="685" count="12" type="stmt"/>
      <line num="690" count="10" type="cond" truecount="1" falsecount="0"/>
      <line num="691" count="2" type="cond" truecount="1" falsecount="0"/>
      <line num="692" count="1" type="stmt"/>
      <line num="694" count="1" type="stmt"/>
      <line num="695" count="1" type="stmt"/>
      <line num="698" count="8" type="cond" truecount="1" falsecount="0"/>
      <line num="699" count="1" type="stmt"/>
      <line num="701" count="7" type="stmt"/>
      <line num="705" count="7" type="cond" truecount="4" falsecount="0"/>
      <line num="706" count="5" type="stmt"/>
      <line num="709" count="5" type="cond" truecount="4" falsecount="0"/>
      <line num="710" count="1" type="stmt"/>
      <line num="713" count="5" type="cond" truecount="4" falsecount="0"/>
      <line num="714" count="2" type="stmt"/>
      <line num="719" count="5" type="cond" truecount="4" falsecount="0"/>
      <line num="720" count="5" type="cond" truecount="1" falsecount="0"/>
      <line num="721" count="1" type="stmt"/>
      <line num="724" count="4" type="cond" truecount="1" falsecount="0"/>
      <line num="725" count="1" type="stmt"/>
      <line num="726" count="1" type="stmt"/>
      <line num="729" count="3" type="cond" truecount="5" falsecount="1"/>
      <line num="730" count="3" type="cond" truecount="3" falsecount="0"/>
      <line num="731" count="1" type="stmt"/>
      <line num="734" count="2" type="stmt"/>
      <line num="738" count="16" type="cond" truecount="4" falsecount="0"/>
      <line num="739" count="16" type="cond" truecount="1" falsecount="0"/>
      <line num="740" count="1" type="stmt"/>
      <line num="742" count="15" type="stmt"/>
      <line num="746" count="10" type="stmt"/>
      <line num="747" count="9" type="cond" truecount="1" falsecount="0"/>
      <line num="748" count="1" type="stmt"/>
      <line num="750" count="8" type="stmt"/>
      <line num="754" count="6" type="stmt"/>
      <line num="755" count="6" type="cond" truecount="1" falsecount="0"/>
      <line num="756" count="1" type="stmt"/>
      <line num="758" count="5" type="stmt"/>
      <line num="762" count="27" type="cond" truecount="4" falsecount="0"/>
      <line num="763" count="27" type="cond" truecount="1" falsecount="0"/>
      <line num="764" count="1" type="stmt"/>
      <line num="767" count="26" type="stmt"/>
      <line num="768" count="26" type="cond" truecount="1" falsecount="0"/>
      <line num="769" count="23" type="stmt"/>
      <line num="772" count="3" type="stmt"/>
      <line num="773" count="8" type="cond" truecount="7" falsecount="1"/>
      <line num="774" count="2" type="stmt"/>
      <line num="778" count="1" type="stmt"/>
      <line num="782" count="11" type="cond" truecount="8" falsecount="0"/>
      <line num="783" count="11" type="cond" truecount="5" falsecount="0"/>
      <line num="784" count="1" type="stmt"/>
      <line num="792" count="180" type="stmt"/>
      <line num="793" count="180" type="cond" truecount="2" falsecount="0"/>
      <line num="794" count="176" type="cond" truecount="1" falsecount="0"/>
      <line num="795" count="1" type="stmt"/>
      <line num="797" count="175" type="cond" truecount="8" falsecount="0"/>
      <line num="798" count="1" type="stmt"/>
      <line num="800" count="174" type="cond" truecount="1" falsecount="0"/>
      <line num="801" count="1" type="stmt"/>
      <line num="803" count="173" type="stmt"/>
      <line num="804" count="170" type="stmt"/>
      <line num="808" count="169" type="stmt"/>
      <line num="809" count="169" type="cond" truecount="1" falsecount="0"/>
      <line num="811" count="62" type="cond" truecount="7" falsecount="0"/>
      <line num="815" count="3" type="cond" truecount="2" falsecount="0"/>
      <line num="817" count="1" type="stmt"/>
      <line num="819" count="3" type="stmt"/>
      <line num="827" count="4" type="stmt"/>
      <line num="836" count="4" type="cond" truecount="3" falsecount="0"/>
      <line num="837" count="2" type="stmt"/>
      <line num="842" count="4" type="stmt"/>
      <line num="845" count="51" type="stmt"/>
      <line num="856" count="11" type="stmt"/>
      <line num="857" count="11" type="cond" truecount="1" falsecount="0"/>
      <line num="859" count="10" type="cond" truecount="7" falsecount="1"/>
      <line num="860" count="10" type="cond" truecount="7" falsecount="0"/>
      <line num="861" count="1" type="cond" truecount="12" falsecount="16"/>
      <line num="862" count="1" type="cond" truecount="0" falsecount="1"/>
      <line num="863" count="1" type="stmt"/>
      <line num="874" count="9" type="cond" truecount="4" falsecount="3"/>
      <line num="892" count="9" type="cond" truecount="6" falsecount="6"/>
      <line num="893" count="9" type="cond" truecount="0" falsecount="1"/>
      <line num="894" count="9" type="stmt"/>
      <line num="906" count="155" type="stmt"/>
      <line num="907" count="142" type="stmt"/>
      <line num="908" count="142" type="stmt"/>
      <line num="917" count="154" type="cond" truecount="3" falsecount="0"/>
      <line num="918" count="1" type="stmt"/>
      <line num="921" count="153" type="cond" truecount="7" falsecount="0"/>
      <line num="922" count="3" type="cond" truecount="1" falsecount="0"/>
      <line num="923" count="2" type="cond" truecount="1" falsecount="0"/>
      <line num="924" count="1" type="cond" truecount="1" falsecount="0"/>
      <line num="927" count="150" type="cond" truecount="8" falsecount="0"/>
      <line num="930" count="21" type="cond" truecount="2" falsecount="0"/>
      <line num="933" count="26" type="cond" truecount="2" falsecount="0"/>
      <line num="936" count="3" type="cond" truecount="4" falsecount="0"/>
      <line num="938" count="2" type="cond" truecount="2" falsecount="0"/>
      <line num="940" count="98" type="stmt"/>
      <line num="945" count="173" type="stmt"/>
      <line num="946" count="173" type="cond" truecount="1" falsecount="0"/>
      <line num="947" count="38" type="cond" truecount="1" falsecount="0"/>
      <line num="948" count="1" type="stmt"/>
      <line num="951" count="37" type="cond" truecount="4" falsecount="0"/>
      <line num="952" count="37" type="cond" truecount="1" falsecount="0"/>
      <line num="953" count="2" type="stmt"/>
      <line num="954" count="2" type="cond" truecount="6" falsecount="2"/>
      <line num="955" count="2" type="cond" truecount="4" falsecount="1"/>
      <line num="956" count="1" type="stmt"/>
      <line num="958" count="1" type="cond" truecount="3" falsecount="1"/>
      <line num="959" count="1" type="cond" truecount="3" falsecount="0"/>
      <line num="960" count="1" type="stmt"/>
      <line num="967" count="36" type="cond" truecount="1" falsecount="0"/>
      <line num="968" count="2" type="stmt"/>
      <line num="969" count="2" type="cond" truecount="6" falsecount="2"/>
      <line num="970" count="2" type="cond" truecount="4" falsecount="1"/>
      <line num="971" count="1" type="stmt"/>
      <line num="977" count="155" type="stmt"/>
      <line num="978" count="155" type="cond" truecount="0" falsecount="1"/>
      <line num="979" count="155" type="cond" truecount="1" falsecount="0"/>
      <line num="980" count="2" type="cond" truecount="6" falsecount="1"/>
      <line num="981" count="1" type="stmt"/>
      <line num="983" count="1" type="stmt"/>
      <line num="985" count="153" type="cond" truecount="7" falsecount="0"/>
      <line num="987" count="33" type="cond" truecount="9" falsecount="0"/>
      <line num="988" count="1" type="stmt"/>
      <line num="991" count="32" type="cond" truecount="1" falsecount="0"/>
      <line num="992" count="18" type="cond" truecount="3" falsecount="0"/>
      <line num="993" count="1" type="stmt"/>
      <line num="995" count="17" type="cond" truecount="3" falsecount="0"/>
      <line num="996" count="1" type="stmt"/>
      <line num="998" count="16" type="cond" truecount="3" falsecount="0"/>
      <line num="999" count="1" type="stmt"/>
      <line num="1003" count="29" type="cond" truecount="4" falsecount="0"/>
      <line num="1004" count="29" type="cond" truecount="12" falsecount="0"/>
      <line num="1008" count="7" type="cond" truecount="5" falsecount="0"/>
      <line num="1009" count="1" type="stmt"/>
      <line num="1011" count="6" type="cond" truecount="3" falsecount="0"/>
      <line num="1012" count="1" type="stmt"/>
      <line num="1014" count="5" type="cond" truecount="3" falsecount="0"/>
      <line num="1015" count="1" type="stmt"/>
      <line num="1017" count="4" type="stmt"/>
      <line num="1019" count="4" type="cond" truecount="3" falsecount="0"/>
      <line num="1020" count="1" type="stmt"/>
      <line num="1022" count="3" type="stmt"/>
      <line num="1025" count="4" type="cond" truecount="5" falsecount="0"/>
      <line num="1026" count="1" type="stmt"/>
      <line num="1028" count="3" type="stmt"/>
      <line num="1030" count="3" type="cond" truecount="1" falsecount="0"/>
      <line num="1031" count="1" type="stmt"/>
      <line num="1033" count="2" type="stmt"/>
      <line num="1035" count="5" type="cond" truecount="4" falsecount="0"/>
      <line num="1036" count="1" type="stmt"/>
      <line num="1038" count="4" type="stmt"/>
      <line num="1042" count="2" type="cond" truecount="3" falsecount="0"/>
      <line num="1043" count="1" type="stmt"/>
      <line num="1045" count="1" type="stmt"/>
      <line num="1047" count="4" type="stmt"/>
      <line num="1052" count="470" type="stmt"/>
      <line num="1053" count="470" type="cond" truecount="1" falsecount="0"/>
      <line num="1055" count="95" type="cond" truecount="4" falsecount="0"/>
      <line num="1056" count="95" type="cond" truecount="4" falsecount="0"/>
      <line num="1057" count="95" type="cond" truecount="3" falsecount="0"/>
      <line num="1058" count="4" type="cond" truecount="21" falsecount="3"/>
      <line num="1064" count="91" type="cond" truecount="3" falsecount="0"/>
      <line num="1065" count="4" type="cond" truecount="21" falsecount="3"/>
      <line num="1071" count="87" type="cond" truecount="6" falsecount="6"/>
      <line num="1075" count="20" type="stmt"/>
      <line num="1076" count="20" type="stmt"/>
      <line num="1077" count="23" type="cond" truecount="2" falsecount="0"/>
      <line num="1079" count="23" type="cond" truecount="1" falsecount="0"/>
      <line num="1080" count="21" type="stmt"/>
      <line num="1081" count="21" type="stmt"/>
      <line num="1084" count="2" type="cond" truecount="4" falsecount="0"/>
      <line num="1085" count="3" type="stmt"/>
      <line num="1086" count="1" type="cond" truecount="1" falsecount="0"/>
      <line num="1087" count="1" type="stmt"/>
      <line num="1088" count="1" type="stmt"/>
      <line num="1092" count="1" type="cond" truecount="1" falsecount="0"/>
      <line num="1093" count="1" type="stmt"/>
      <line num="1096" count="20" type="stmt"/>
      <line num="1100" count="35" type="stmt"/>
      <line num="1101" count="35" type="stmt"/>
      <line num="1102" count="43" type="cond" truecount="2" falsecount="0"/>
      <line num="1103" count="43" type="cond" truecount="2" falsecount="0"/>
      <line num="1104" count="43" type="stmt"/>
      <line num="1106" count="43" type="cond" truecount="1" falsecount="0"/>
      <line num="1107" count="22" type="stmt"/>
      <line num="1108" count="22" type="stmt"/>
      <line num="1111" count="21" type="cond" truecount="1" falsecount="0"/>
      <line num="1112" count="14" type="stmt"/>
      <line num="1113" count="13" type="cond" truecount="1" falsecount="0"/>
      <line num="1114" count="11" type="stmt"/>
      <line num="1115" count="5" type="stmt"/>
      <line num="1118" count="2" type="stmt"/>
      <line num="1119" count="2" type="cond" truecount="2" falsecount="0"/>
      <line num="1120" count="1" type="stmt"/>
      <line num="1121" count="1" type="cond" truecount="1" falsecount="0"/>
      <line num="1122" count="1" type="stmt"/>
      <line num="1125" count="1" type="stmt"/>
      <line num="1128" count="7" type="cond" truecount="1" falsecount="0"/>
      <line num="1129" count="2" type="stmt"/>
      <line num="1130" count="1" type="stmt"/>
      <line num="1133" count="5" type="cond" truecount="1" falsecount="0"/>
      <line num="1134" count="1" type="stmt"/>
      <line num="1135" count="1" type="stmt"/>
      <line num="1138" count="4" type="cond" truecount="1" falsecount="0"/>
      <line num="1139" count="1" type="stmt"/>
      <line num="1142" count="25" type="stmt"/>
      <line num="1146" count="7" type="cond" truecount="4" falsecount="0"/>
      <line num="1150" count="11" type="stmt"/>
      <line num="1151" count="11" type="cond" truecount="1" falsecount="0"/>
      <line num="1152" count="1" type="stmt"/>
      <line num="1155" count="10" type="stmt"/>
      <line num="1156" count="7" type="cond" truecount="1" falsecount="0"/>
      <line num="1157" count="1" type="stmt"/>
      <line num="1160" count="6" type="stmt"/>
      <line num="1161" count="6" type="stmt"/>
      <line num="1162" count="6" type="stmt"/>
      <line num="1164" count="6" type="stmt"/>
      <line num="1165" count="10" type="stmt"/>
      <line num="1166" count="10" type="cond" truecount="6" falsecount="1"/>
      <line num="1167" count="2" type="cond" truecount="1" falsecount="0"/>
      <line num="1168" count="1" type="stmt"/>
      <line num="1170" count="1" type="stmt"/>
      <line num="1173" count="8" type="cond" truecount="3" falsecount="0"/>
      <line num="1174" count="2" type="stmt"/>
      <line num="1177" count="6" type="stmt"/>
      <line num="1180" count="5" type="cond" truecount="0" falsecount="1"/>
      <line num="1182" count="5" type="cond" truecount="2" falsecount="0"/>
      <line num="1189" count="10" type="stmt"/>
      <line num="1190" count="10" type="cond" truecount="1" falsecount="0"/>
      <line num="1192" count="7" type="stmt"/>
      <line num="1193" count="6" type="cond" truecount="1" falsecount="0"/>
      <line num="1195" count="5" type="stmt"/>
      <line num="1196" count="5" type="cond" truecount="1" falsecount="0"/>
      <line num="1197" count="1" type="stmt"/>
      <line num="1200" count="4" type="stmt"/>
      <line num="1201" count="4" type="cond" truecount="1" falsecount="0"/>
      <line num="1202" count="1" type="stmt"/>
      <line num="1205" count="3" type="stmt"/>
      <line num="1214" count="14" type="stmt"/>
      <line num="1215" count="14" type="stmt"/>
      <line num="1216" count="36" type="stmt"/>
      <line num="1217" count="36" type="cond" truecount="1" falsecount="0"/>
      <line num="1218" count="18" type="cond" truecount="1" falsecount="0"/>
      <line num="1219" count="18" type="stmt"/>
      <line num="1223" count="14" type="cond" truecount="1" falsecount="0"/>
      <line num="1224" count="1" type="stmt"/>
      <line num="1227" count="13" type="stmt"/>
      <line num="1231" count="7" type="stmt"/>
      <line num="1232" count="7" type="stmt"/>
      <line num="1233" count="19" type="stmt"/>
      <line num="1234" count="19" type="cond" truecount="9" falsecount="0"/>
      <line num="1235" count="7" type="stmt"/>
      <line num="1239" count="7" type="cond" truecount="1" falsecount="0"/>
      <line num="1240" count="1" type="stmt"/>
      <line num="1243" count="6" type="stmt"/>
      <line num="1247" count="4" type="stmt"/>
      <line num="1248" count="8" type="stmt"/>
      <line num="1249" count="8" type="cond" truecount="3" falsecount="0"/>
      <line num="1250" count="4" type="cond" truecount="3" falsecount="1"/>
      <line num="1251" count="4" type="stmt"/>
      <line num="1252" count="4" type="cond" truecount="7" falsecount="0"/>
      <line num="1253" count="3" type="stmt"/>
      <line num="1256" count="1" type="stmt"/>
      <line num="1260" count="8" type="stmt"/>
      <line num="1261" count="8" type="cond" truecount="5" falsecount="0"/>
      <line num="1262" count="4" type="stmt"/>
      <line num="1270" count="4" type="cond" truecount="1" falsecount="2"/>
      <line num="1271" count="4" type="stmt"/>
      <line num="1275" count="36" type="cond" truecount="7" falsecount="1"/>
      <line num="1279" count="58" type="cond" truecount="3" falsecount="1"/>
      <line num="1283" count="25" type="stmt"/>
      <line num="1284" count="25" type="stmt"/>
      <line num="1285" count="25" type="stmt"/>
      <line num="1289" count="108" type="stmt"/>
      <line num="1293" count="10" type="stmt"/>
      <line num="1294" count="31" type="stmt"/>
      <line num="1295" count="31" type="cond" truecount="4" falsecount="0"/>
      <line num="1296" count="28" type="cond" truecount="1" falsecount="4"/>
      <line num="1298" count="7" type="stmt"/>
      <line num="1302" count="6" type="stmt"/>
      <line num="1303" count="6" type="stmt"/>
      <line num="1304" count="6" type="stmt"/>
      <line num="1305" count="6" type="stmt"/>
      <line num="1306" count="6" type="stmt"/>
      <line num="1307" count="6" type="stmt"/>
      <line num="1311" count="5" type="stmt"/>
      <line num="1312" count="5" type="cond" truecount="1" falsecount="0"/>
      <line num="1314" count="2" type="stmt"/>
      <line num="1317" count="2" type="stmt"/>
      <line num="1321" count="7" type="stmt"/>
      <line num="1322" count="8" type="cond" truecount="1" falsecount="0"/>
      <line num="1323" count="7" type="stmt"/>
      <line num="1328" count="5" type="cond" truecount="5" falsecount="1"/>
      <line num="1332" count="4" type="stmt"/>
      <line num="1336" count="43" type="cond" truecount="1" falsecount="0"/>
      <line num="1337" count="31" type="cond" truecount="0" falsecount="1"/>
      <line num="1339" count="31" type="stmt"/>
      <line num="1346" count="31" type="stmt"/>
      <line num="1347" count="158" type="cond" truecount="3" falsecount="1"/>
      <line num="1348" count="79" type="cond" truecount="5" falsecount="0"/>
      <line num="1349" count="10" type="stmt"/>
      <line num="1353" count="21" type="stmt"/>
      <line num="1357" count="58" type="stmt"/>
      <line num="1361" count="58" type="stmt"/>
      <line num="1365" count="13" type="stmt"/>
      <line num="1366" count="13" type="stmt"/>
      <line num="1367" count="18" type="cond" truecount="2" falsecount="0"/>
      <line num="1368" count="18" type="cond" truecount="4" falsecount="0"/>
      <line num="1369" count="1" type="stmt"/>
      <line num="1370" count="1" type="stmt"/>
      <line num="1372" count="17" type="stmt"/>
      <line num="1374" count="13" type="stmt"/>
      <line num="1378" count="133" type="stmt"/>
      <line num="1382" count="37" type="cond" truecount="1" falsecount="0"/>
      <line num="1383" count="1" type="stmt"/>
      <line num="1385" count="36" type="stmt"/>
      <line num="1389" count="4" type="stmt"/>
      <line num="1390" count="174" type="stmt"/>
    </file>
    <file name="types.ts" path="C:\src\netsuite-repository\src\types.ts">
      <metrics statements="11" coveredstatements="11" conditionals="10" coveredconditionals="10" methods="4" coveredmethods="4"/>
      <line num="440" count="7" type="stmt"/>
      <line num="441" count="112" type="stmt"/>
      <line num="444" count="7" type="stmt"/>
      <line num="445" count="437" type="stmt"/>
      <line num="446" count="437" type="stmt"/>
      <line num="447" count="1613" type="stmt"/>
      <line num="449" count="437" type="stmt"/>
      <line num="452" count="7" type="stmt"/>
      <line num="453" count="1618" type="cond" truecount="1" falsecount="0"/>
      <line num="454" count="6" type="stmt"/>
      <line num="462" count="1618" type="cond" truecount="5" falsecount="0"/>
    </file>
  </project>
</coverage>
