{"C:\\src\\netsuite-repository\\src\\context.ts": {"path":"C:\\src\\netsuite-repository\\src\\context.ts","statementMap":{"0":{"start":{"line":105,"column":0},"end":{"line":105,"column":16}},"1":{"start":{"line":1,"column":0},"end":{"line":1,"column":47}},"2":{"start":{"line":3,"column":0},"end":{"line":3,"column":46}},"3":{"start":{"line":4,"column":0},"end":{"line":4,"column":63}},"4":{"start":{"line":10,"column":8},"end":{"line":10,"column":51}},"5":{"start":{"line":14,"column":8},"end":{"line":14,"column":38}},"6":{"start":{"line":18,"column":8},"end":{"line":18,"column":27}},"7":{"start":{"line":22,"column":8},"end":{"line":22,"column":34}},"8":{"start":{"line":26,"column":8},"end":{"line":26,"column":43}},"9":{"start":{"line":30,"column":8},"end":{"line":30,"column":41}},"10":{"start":{"line":34,"column":8},"end":{"line":34,"column":58}},"11":{"start":{"line":38,"column":8},"end":{"line":38,"column":83}},"12":{"start":{"line":42,"column":8},"end":{"line":42,"column":66}},"13":{"start":{"line":46,"column":8},"end":{"line":46,"column":73}},"14":{"start":{"line":50,"column":8},"end":{"line":50,"column":53}},"15":{"start":{"line":54,"column":8},"end":{"line":58,"column":9}},"16":{"start":{"line":55,"column":12},"end":{"line":57,"column":13}},"17":{"start":{"line":56,"column":16},"end":{"line":56,"column":27}},"18":{"start":{"line":59,"column":8},"end":{"line":59,"column":91}},"19":{"start":{"line":6,"column":0},"end":{"line":6,"column":13}},"20":{"start":{"line":70,"column":33},"end":{"line":70,"column":48}},"21":{"start":{"line":71,"column":8},"end":{"line":71,"column":54}},"22":{"start":{"line":75,"column":26},"end":{"line":75,"column":45}},"23":{"start":{"line":76,"column":8},"end":{"line":78,"column":9}},"24":{"start":{"line":77,"column":12},"end":{"line":77,"column":91}},"25":{"start":{"line":79,"column":8},"end":{"line":79,"column":25}},"26":{"start":{"line":83,"column":8},"end":{"line":83,"column":71}},"27":{"start":{"line":87,"column":23},"end":{"line":87,"column":40}},"28":{"start":{"line":88,"column":8},"end":{"line":90,"column":9}},"29":{"start":{"line":89,"column":12},"end":{"line":89,"column":91}},"30":{"start":{"line":91,"column":8},"end":{"line":91,"column":22}},"31":{"start":{"line":95,"column":51},"end":{"line":95,"column":53}},"32":{"start":{"line":96,"column":8},"end":{"line":98,"column":9}},"33":{"start":{"line":97,"column":12},"end":{"line":97,"column":102}},"34":{"start":{"line":99,"column":8},"end":{"line":99,"column":43}},"35":{"start":{"line":67,"column":0},"end":{"line":67,"column":13}},"36":{"start":{"line":106,"column":20},"end":{"line":106,"column":83}},"37":{"start":{"line":107,"column":4},"end":{"line":114,"column":5}},"38":{"start":{"line":108,"column":8},"end":{"line":113,"column":11}},"39":{"start":{"line":115,"column":4},"end":{"line":115,"column":19}}},"fnMap":{"0":{"name":"(anonymous_0)","decl":{"start":{"line":9,"column":4},"end":{"line":9,"column":16}},"loc":{"start":{"line":9,"column":72},"end":{"line":11,"column":5}}},"1":{"name":"(anonymous_1)","decl":{"start":{"line":13,"column":4},"end":{"line":13,"column":8}},"loc":{"start":{"line":13,"column":18},"end":{"line":15,"column":5}}},"2":{"name":"(anonymous_2)","decl":{"start":{"line":17,"column":4},"end":{"line":17,"column":8}},"loc":{"start":{"line":17,"column":16},"end":{"line":19,"column":5}}},"3":{"name":"(anonymous_3)","decl":{"start":{"line":21,"column":4},"end":{"line":21,"column":9}},"loc":{"start":{"line":21,"column":9},"end":{"line":23,"column":5}}},"4":{"name":"(anonymous_4)","decl":{"start":{"line":25,"column":4},"end":{"line":25,"column":7}},"loc":{"start":{"line":25,"column":7},"end":{"line":27,"column":5}}},"5":{"name":"(anonymous_5)","decl":{"start":{"line":29,"column":4},"end":{"line":29,"column":9}},"loc":{"start":{"line":29,"column":9},"end":{"line":31,"column":5}}},"6":{"name":"(anonymous_6)","decl":{"start":{"line":33,"column":4},"end":{"line":33,"column":9}},"loc":{"start":{"line":33,"column":109},"end":{"line":35,"column":5}}},"7":{"name":"(anonymous_7)","decl":{"start":{"line":37,"column":4},"end":{"line":37,"column":8}},"loc":{"start":{"line":37,"column":21},"end":{"line":39,"column":5}}},"8":{"name":"(anonymous_8)","decl":{"start":{"line":41,"column":4},"end":{"line":41,"column":10}},"loc":{"start":{"line":41,"column":23},"end":{"line":43,"column":5}}},"9":{"name":"(anonymous_9)","decl":{"start":{"line":45,"column":4},"end":{"line":45,"column":10}},"loc":{"start":{"line":45,"column":75},"end":{"line":47,"column":5}}},"10":{"name":"(anonymous_10)","decl":{"start":{"line":49,"column":4},"end":{"line":49,"column":15}},"loc":{"start":{"line":49,"column":62},"end":{"line":51,"column":5}}},"11":{"name":"(anonymous_11)","decl":{"start":{"line":53,"column":12},"end":{"line":53,"column":30}},"loc":{"start":{"line":53,"column":30},"end":{"line":60,"column":5}}},"12":{"name":"(anonymous_12)","decl":{"start":{"line":70,"column":4},"end":{"line":70,"column":33}},"loc":{"start":{"line":70,"column":48},"end":{"line":72,"column":5}}},"13":{"name":"(anonymous_13)","decl":{"start":{"line":74,"column":4},"end":{"line":74,"column":7}},"loc":{"start":{"line":74,"column":49},"end":{"line":80,"column":5}}},"14":{"name":"(anonymous_14)","decl":{"start":{"line":82,"column":4},"end":{"line":82,"column":7}},"loc":{"start":{"line":82,"column":20},"end":{"line":84,"column":5}}},"15":{"name":"(anonymous_15)","decl":{"start":{"line":86,"column":4},"end":{"line":86,"column":13}},"loc":{"start":{"line":86,"column":55},"end":{"line":92,"column":5}}},"16":{"name":"(anonymous_16)","decl":{"start":{"line":94,"column":12},"end":{"line":94,"column":28}},"loc":{"start":{"line":94,"column":44},"end":{"line":100,"column":5}}},"17":{"name":"createNetSuiteContext","decl":{"start":{"line":105,"column":16},"end":{"line":105,"column":37}},"loc":{"start":{"line":105,"column":83},"end":{"line":116,"column":1}}}},"branchMap":{"0":{"loc":{"start":{"line":55,"column":12},"end":{"line":57,"column":13}},"type":"if","locations":[{"start":{"line":55,"column":12},"end":{"line":57,"column":13}}]},"1":{"loc":{"start":{"line":76,"column":8},"end":{"line":78,"column":9}},"type":"if","locations":[{"start":{"line":76,"column":8},"end":{"line":78,"column":9}}]},"2":{"loc":{"start":{"line":88,"column":8},"end":{"line":90,"column":9}},"type":"if","locations":[{"start":{"line":88,"column":8},"end":{"line":90,"column":9}}]}},"s":{"0":2,"1":2,"2":2,"3":2,"4":36,"5":3,"6":2,"7":9,"8":2,"9":2,"10":1,"11":3,"12":3,"13":1,"14":2,"15":3,"16":3,"17":2,"18":1,"19":2,"20":12,"21":12,"22":4,"23":4,"24":1,"25":3,"26":2,"27":2,"28":2,"29":1,"30":1,"31":12,"32":12,"33":23,"34":12,"35":2,"36":5,"37":5,"38":9,"39":5},"f":{"0":36,"1":3,"2":2,"3":9,"4":2,"5":2,"6":1,"7":3,"8":3,"9":1,"10":2,"11":3,"12":12,"13":4,"14":2,"15":2,"16":12,"17":5},"b":{"0":[2],"1":[1],"2":[1]}}
,"C:\\src\\netsuite-repository\\src\\index.ts": {"path":"C:\\src\\netsuite-repository\\src\\index.ts","statementMap":{"0":{"start":{"line":12,"column":0},"end":{"line":12,"column":16}},"1":{"start":{"line":1,"column":0},"end":{"line":1,"column":24}},"2":{"start":{"line":2,"column":0},"end":{"line":2,"column":24}},"3":{"start":{"line":3,"column":0},"end":{"line":3,"column":33}},"4":{"start":{"line":4,"column":0},"end":{"line":4,"column":26}},"5":{"start":{"line":8,"column":0},"end":{"line":8,"column":50}},"6":{"start":{"line":9,"column":0},"end":{"line":9,"column":32}},"7":{"start":{"line":10,"column":0},"end":{"line":10,"column":48}},"8":{"start":{"line":16,"column":24},"end":{"line":16,"column":69}},"9":{"start":{"line":17,"column":8},"end":{"line":17,"column":50}},"10":{"start":{"line":17,"column":21},"end":{"line":17,"column":50}},"11":{"start":{"line":18,"column":8},"end":{"line":18,"column":77}},"12":{"start":{"line":21,"column":4},"end":{"line":24,"column":6}},"13":{"start":{"line":22,"column":21},"end":{"line":22,"column":34}},"14":{"start":{"line":27,"column":13},"end":{"line":27,"column":51}}},"fnMap":{"0":{"name":"repository","decl":{"start":{"line":12,"column":16},"end":{"line":12,"column":26}},"loc":{"start":{"line":12,"column":178},"end":{"line":25,"column":1}}},"1":{"name":"update","decl":{"start":{"line":15,"column":13},"end":{"line":15,"column":19}},"loc":{"start":{"line":15,"column":99},"end":{"line":19,"column":5}}},"2":{"name":"(anonymous_6)","decl":{"start":{"line":22,"column":15},"end":{"line":22,"column":18}},"loc":{"start":{"line":22,"column":21},"end":{"line":22,"column":34}}}},"branchMap":{"0":{"loc":{"start":{"line":17,"column":8},"end":{"line":17,"column":50}},"type":"if","locations":[{"start":{"line":17,"column":8},"end":{"line":17,"column":50}}]},"1":{"loc":{"start":{"line":18,"column":15},"end":{"line":18,"column":76}},"type":"cond-expr","locations":[{"start":{"line":18,"column":37},"end":{"line":18,"column":44}},{"start":{"line":18,"column":47},"end":{"line":18,"column":76}}]}},"s":{"0":1,"1":1,"2":1,"3":1,"4":1,"5":1,"6":1,"7":1,"8":3,"9":3,"10":1,"11":3,"12":4,"13":1,"14":1},"f":{"0":4,"1":3,"2":1},"b":{"0":[1],"1":[1,2]}}
,"C:\\src\\netsuite-repository\\src\\query.ts": {"path":"C:\\src\\netsuite-repository\\src\\query.ts","statementMap":{"0":{"start":{"line":527,"column":0},"end":{"line":527,"column":16}},"1":{"start":{"line":531,"column":0},"end":{"line":531,"column":16}},"2":{"start":{"line":2,"column":0},"end":{"line":2,"column":47}},"3":{"start":{"line":31,"column":4},"end":{"line":31,"column":56}},"4":{"start":{"line":36,"column":12},"end":{"line":36,"column":52}},"5":{"start":{"line":37,"column":21},"end":{"line":37,"column":53}},"6":{"start":{"line":38,"column":21},"end":{"line":38,"column":43}},"7":{"start":{"line":41,"column":12},"end":{"line":41,"column":33}},"8":{"start":{"line":44,"column":8},"end":{"line":44,"column":29}},"9":{"start":{"line":48,"column":8},"end":{"line":48,"column":62}},"10":{"start":{"line":52,"column":8},"end":{"line":54,"column":9}},"11":{"start":{"line":53,"column":12},"end":{"line":53,"column":50}},"12":{"start":{"line":56,"column":8},"end":{"line":58,"column":9}},"13":{"start":{"line":57,"column":12},"end":{"line":57,"column":47}},"14":{"start":{"line":60,"column":8},"end":{"line":60,"column":20}},"15":{"start":{"line":64,"column":8},"end":{"line":64,"column":33}},"16":{"start":{"line":65,"column":8},"end":{"line":65,"column":20}},"17":{"start":{"line":69,"column":8},"end":{"line":69,"column":33}},"18":{"start":{"line":70,"column":8},"end":{"line":70,"column":20}},"19":{"start":{"line":74,"column":8},"end":{"line":74,"column":69}},"20":{"start":{"line":78,"column":8},"end":{"line":78,"column":68}},"21":{"start":{"line":82,"column":8},"end":{"line":82,"column":75}},"22":{"start":{"line":83,"column":8},"end":{"line":83,"column":20}},"23":{"start":{"line":87,"column":8},"end":{"line":87,"column":74}},"24":{"start":{"line":88,"column":8},"end":{"line":88,"column":20}},"25":{"start":{"line":92,"column":8},"end":{"line":92,"column":84}},"26":{"start":{"line":96,"column":8},"end":{"line":96,"column":88}},"27":{"start":{"line":100,"column":8},"end":{"line":100,"column":44}},"28":{"start":{"line":104,"column":8},"end":{"line":104,"column":48}},"29":{"start":{"line":108,"column":8},"end":{"line":108,"column":104}},"30":{"start":{"line":112,"column":8},"end":{"line":112,"column":51}},"31":{"start":{"line":116,"column":8},"end":{"line":116,"column":50}},"32":{"start":{"line":120,"column":8},"end":{"line":120,"column":95}},"33":{"start":{"line":121,"column":8},"end":{"line":121,"column":20}},"34":{"start":{"line":125,"column":8},"end":{"line":125,"column":42}},"35":{"start":{"line":129,"column":8},"end":{"line":129,"column":43}},"36":{"start":{"line":133,"column":8},"end":{"line":133,"column":57}},"37":{"start":{"line":134,"column":8},"end":{"line":134,"column":20}},"38":{"start":{"line":138,"column":8},"end":{"line":138,"column":58}},"39":{"start":{"line":139,"column":8},"end":{"line":139,"column":20}},"40":{"start":{"line":143,"column":25},"end":{"line":143,"column":60}},"41":{"start":{"line":144,"column":29},"end":{"line":144,"column":62}},"42":{"start":{"line":145,"column":8},"end":{"line":145,"column":39}},"43":{"start":{"line":146,"column":8},"end":{"line":146,"column":57}},"44":{"start":{"line":147,"column":8},"end":{"line":147,"column":20}},"45":{"start":{"line":151,"column":23},"end":{"line":151,"column":46}},"46":{"start":{"line":152,"column":25},"end":{"line":152,"column":51}},"47":{"start":{"line":153,"column":25},"end":{"line":153,"column":61}},"48":{"start":{"line":154,"column":20},"end":{"line":154,"column":108}},"49":{"start":{"line":156,"column":18},"end":{"line":156,"column":109}},"50":{"start":{"line":157,"column":28},"end":{"line":157,"column":51}},"51":{"start":{"line":158,"column":30},"end":{"line":158,"column":55}},"52":{"start":{"line":160,"column":8},"end":{"line":162,"column":9}},"53":{"start":{"line":161,"column":12},"end":{"line":161,"column":44}},"54":{"start":{"line":164,"column":8},"end":{"line":166,"column":9}},"55":{"start":{"line":165,"column":12},"end":{"line":165,"column":49}},"56":{"start":{"line":168,"column":8},"end":{"line":172,"column":10}},"57":{"start":{"line":176,"column":22},"end":{"line":176,"column":34}},"58":{"start":{"line":177,"column":26},"end":{"line":180,"column":10}},"59":{"start":{"line":181,"column":21},"end":{"line":181,"column":86}},"60":{"start":{"line":182,"column":21},"end":{"line":182,"column":75}},"61":{"start":{"line":184,"column":8},"end":{"line":184,"column":38}},"62":{"start":{"line":188,"column":8},"end":{"line":188,"column":35}},"63":{"start":{"line":192,"column":23},"end":{"line":192,"column":37}},"64":{"start":{"line":193,"column":8},"end":{"line":193,"column":67}},"65":{"start":{"line":197,"column":22},"end":{"line":197,"column":34}},"66":{"start":{"line":198,"column":8},"end":{"line":202,"column":11}},"67":{"start":{"line":206,"column":30},"end":{"line":206,"column":45}},"68":{"start":{"line":207,"column":8},"end":{"line":207,"column":28}},"69":{"start":{"line":208,"column":21},"end":{"line":208,"column":38}},"70":{"start":{"line":209,"column":8},"end":{"line":209,"column":40}},"71":{"start":{"line":210,"column":8},"end":{"line":210,"column":31}},"72":{"start":{"line":214,"column":30},"end":{"line":214,"column":45}},"73":{"start":{"line":215,"column":8},"end":{"line":215,"column":28}},"74":{"start":{"line":216,"column":21},"end":{"line":216,"column":40}},"75":{"start":{"line":217,"column":8},"end":{"line":217,"column":40}},"76":{"start":{"line":218,"column":8},"end":{"line":218,"column":31}},"77":{"start":{"line":222,"column":28},"end":{"line":222,"column":51}},"78":{"start":{"line":223,"column":18},"end":{"line":223,"column":78}},"79":{"start":{"line":224,"column":8},"end":{"line":226,"column":9}},"80":{"start":{"line":225,"column":12},"end":{"line":225,"column":44}},"81":{"start":{"line":228,"column":26},"end":{"line":228,"column":127}},"82":{"start":{"line":229,"column":21},"end":{"line":229,"column":87}},"83":{"start":{"line":230,"column":8},"end":{"line":230,"column":43}},"84":{"start":{"line":234,"column":28},"end":{"line":234,"column":51}},"85":{"start":{"line":235,"column":18},"end":{"line":235,"column":78}},"86":{"start":{"line":236,"column":8},"end":{"line":238,"column":9}},"87":{"start":{"line":237,"column":12},"end":{"line":237,"column":44}},"88":{"start":{"line":240,"column":8},"end":{"line":240,"column":146}},"89":{"start":{"line":244,"column":22},"end":{"line":244,"column":34}},"90":{"start":{"line":245,"column":20},"end":{"line":245,"column":21}},"91":{"start":{"line":246,"column":8},"end":{"line":246,"column":87}},"92":{"start":{"line":246,"column":46},"end":{"line":246,"column":85}},"93":{"start":{"line":250,"column":8},"end":{"line":252,"column":9}},"94":{"start":{"line":251,"column":12},"end":{"line":251,"column":22}},"95":{"start":{"line":254,"column":27},"end":{"line":254,"column":47}},"96":{"start":{"line":255,"column":29},"end":{"line":255,"column":51}},"97":{"start":{"line":256,"column":24},"end":{"line":258,"column":77}},"98":{"start":{"line":258,"column":32},"end":{"line":258,"column":76}},"99":{"start":{"line":260,"column":32},"end":{"line":260,"column":43}},"100":{"start":{"line":261,"column":8},"end":{"line":261,"column":85}},"101":{"start":{"line":261,"column":50},"end":{"line":261,"column":74}},"102":{"start":{"line":265,"column":8},"end":{"line":267,"column":9}},"103":{"start":{"line":266,"column":12},"end":{"line":266,"column":24}},"104":{"start":{"line":269,"column":30},"end":{"line":269,"column":72}},"105":{"start":{"line":270,"column":27},"end":{"line":270,"column":83}},"106":{"start":{"line":271,"column":8},"end":{"line":271,"column":96}},"107":{"start":{"line":272,"column":8},"end":{"line":272,"column":20}},"108":{"start":{"line":276,"column":22},"end":{"line":276,"column":51}},"109":{"start":{"line":277,"column":8},"end":{"line":277,"column":24}},"110":{"start":{"line":279,"column":8},"end":{"line":281,"column":9}},"111":{"start":{"line":280,"column":12},"end":{"line":280,"column":24}},"112":{"start":{"line":283,"column":27},"end":{"line":285,"column":22}},"113":{"start":{"line":284,"column":39},"end":{"line":284,"column":123}},"114":{"start":{"line":287,"column":8},"end":{"line":291,"column":11}},"115":{"start":{"line":292,"column":8},"end":{"line":292,"column":20}},"116":{"start":{"line":296,"column":8},"end":{"line":298,"column":9}},"117":{"start":{"line":297,"column":12},"end":{"line":297,"column":75}},"118":{"start":{"line":300,"column":8},"end":{"line":305,"column":9}},"119":{"start":{"line":301,"column":12},"end":{"line":303,"column":13}},"120":{"start":{"line":302,"column":16},"end":{"line":302,"column":72}},"121":{"start":{"line":304,"column":12},"end":{"line":304,"column":82}},"122":{"start":{"line":307,"column":8},"end":{"line":312,"column":9}},"123":{"start":{"line":308,"column":12},"end":{"line":310,"column":13}},"124":{"start":{"line":309,"column":16},"end":{"line":309,"column":76}},"125":{"start":{"line":311,"column":12},"end":{"line":311,"column":115}},"126":{"start":{"line":311,"column":79},"end":{"line":311,"column":82}},"127":{"start":{"line":314,"column":8},"end":{"line":316,"column":9}},"128":{"start":{"line":315,"column":12},"end":{"line":315,"column":75}},"129":{"start":{"line":318,"column":8},"end":{"line":318,"column":86}},"130":{"start":{"line":322,"column":8},"end":{"line":330,"column":11}},"131":{"start":{"line":323,"column":12},"end":{"line":325,"column":13}},"132":{"start":{"line":324,"column":16},"end":{"line":324,"column":28}},"133":{"start":{"line":326,"column":12},"end":{"line":328,"column":13}},"134":{"start":{"line":327,"column":16},"end":{"line":327,"column":29}},"135":{"start":{"line":329,"column":12},"end":{"line":329,"column":68}},"136":{"start":{"line":334,"column":30},"end":{"line":334,"column":32}},"137":{"start":{"line":335,"column":8},"end":{"line":342,"column":9}},"138":{"start":{"line":336,"column":26},"end":{"line":336,"column":60}},"139":{"start":{"line":337,"column":12},"end":{"line":341,"column":14}},"140":{"start":{"line":343,"column":8},"end":{"line":343,"column":19}},"141":{"start":{"line":347,"column":8},"end":{"line":349,"column":9}},"142":{"start":{"line":348,"column":12},"end":{"line":348,"column":74}},"143":{"start":{"line":351,"column":8},"end":{"line":355,"column":30}},"144":{"start":{"line":352,"column":26},"end":{"line":352,"column":44}},"145":{"start":{"line":353,"column":31},"end":{"line":353,"column":74}},"146":{"start":{"line":354,"column":12},"end":{"line":354,"column":95}},"147":{"start":{"line":359,"column":37},"end":{"line":359,"column":54}},"148":{"start":{"line":360,"column":8},"end":{"line":360,"column":191}},"149":{"start":{"line":360,"column":69},"end":{"line":360,"column":177}},"150":{"start":{"line":364,"column":8},"end":{"line":369,"column":21}},"151":{"start":{"line":365,"column":32},"end":{"line":365,"column":81}},"152":{"start":{"line":366,"column":32},"end":{"line":366,"column":85}},"153":{"start":{"line":367,"column":31},"end":{"line":367,"column":144}},"154":{"start":{"line":368,"column":12},"end":{"line":368,"column":98}},"155":{"start":{"line":373,"column":8},"end":{"line":373,"column":153}},"156":{"start":{"line":373,"column":57},"end":{"line":373,"column":141}},"157":{"start":{"line":377,"column":8},"end":{"line":377,"column":91}},"158":{"start":{"line":377,"column":40},"end":{"line":377,"column":78}},"159":{"start":{"line":381,"column":22},"end":{"line":381,"column":50}},"160":{"start":{"line":382,"column":8},"end":{"line":384,"column":9}},"161":{"start":{"line":383,"column":12},"end":{"line":383,"column":115}},"162":{"start":{"line":385,"column":8},"end":{"line":385,"column":59}},"163":{"start":{"line":389,"column":8},"end":{"line":389,"column":72}},"164":{"start":{"line":389,"column":54},"end":{"line":389,"column":70}},"165":{"start":{"line":393,"column":22},"end":{"line":393,"column":39}},"166":{"start":{"line":394,"column":8},"end":{"line":399,"column":9}},"167":{"start":{"line":395,"column":12},"end":{"line":398,"column":13}},"168":{"start":{"line":396,"column":29},"end":{"line":396,"column":50}},"169":{"start":{"line":397,"column":16},"end":{"line":397,"column":46}},"170":{"start":{"line":400,"column":8},"end":{"line":400,"column":33}},"171":{"start":{"line":404,"column":8},"end":{"line":408,"column":9}},"172":{"start":{"line":405,"column":12},"end":{"line":407,"column":13}},"173":{"start":{"line":406,"column":16},"end":{"line":406,"column":51}},"174":{"start":{"line":409,"column":8},"end":{"line":409,"column":20}},"175":{"start":{"line":413,"column":23},"end":{"line":413,"column":86}},"176":{"start":{"line":414,"column":8},"end":{"line":422,"column":9}},"177":{"start":{"line":415,"column":23},"end":{"line":415,"column":40}},"178":{"start":{"line":416,"column":12},"end":{"line":418,"column":13}},"179":{"start":{"line":417,"column":16},"end":{"line":417,"column":25}},"180":{"start":{"line":419,"column":26},"end":{"line":419,"column":46}},"181":{"start":{"line":420,"column":12},"end":{"line":420,"column":28}},"182":{"start":{"line":421,"column":12},"end":{"line":421,"column":34}},"183":{"start":{"line":423,"column":8},"end":{"line":423,"column":113}},"184":{"start":{"line":423,"column":62},"end":{"line":423,"column":111}},"185":{"start":{"line":427,"column":21},"end":{"line":427,"column":96}},"186":{"start":{"line":429,"column":8},"end":{"line":431,"column":9}},"187":{"start":{"line":430,"column":12},"end":{"line":430,"column":33}},"188":{"start":{"line":433,"column":21},"end":{"line":433,"column":38}},"189":{"start":{"line":434,"column":8},"end":{"line":447,"column":9}},"190":{"start":{"line":435,"column":12},"end":{"line":446,"column":13}},"191":{"start":{"line":436,"column":29},"end":{"line":436,"column":74}},"192":{"start":{"line":437,"column":16},"end":{"line":439,"column":17}},"193":{"start":{"line":438,"column":20},"end":{"line":438,"column":29}},"194":{"start":{"line":440,"column":28},"end":{"line":440,"column":48}},"195":{"start":{"line":441,"column":16},"end":{"line":443,"column":17}},"196":{"start":{"line":442,"column":20},"end":{"line":442,"column":29}},"197":{"start":{"line":444,"column":16},"end":{"line":444,"column":48}},"198":{"start":{"line":445,"column":17},"end":{"line":445,"column":58}},"199":{"start":{"line":449,"column":8},"end":{"line":449,"column":31}},"200":{"start":{"line":453,"column":48},"end":{"line":453,"column":50}},"201":{"start":{"line":454,"column":8},"end":{"line":461,"column":9}},"202":{"start":{"line":455,"column":25},"end":{"line":455,"column":43}},"203":{"start":{"line":456,"column":26},"end":{"line":456,"column":87}},"204":{"start":{"line":457,"column":12},"end":{"line":459,"column":13}},"205":{"start":{"line":457,"column":47},"end":{"line":457,"column":101}},"206":{"start":{"line":458,"column":16},"end":{"line":458,"column":25}},"207":{"start":{"line":460,"column":12},"end":{"line":460,"column":46}},"208":{"start":{"line":462,"column":8},"end":{"line":462,"column":33}},"209":{"start":{"line":466,"column":46},"end":{"line":466,"column":48}},"210":{"start":{"line":467,"column":23},"end":{"line":467,"column":28}},"211":{"start":{"line":469,"column":8},"end":{"line":481,"column":9}},"212":{"start":{"line":470,"column":25},"end":{"line":470,"column":43}},"213":{"start":{"line":471,"column":12},"end":{"line":473,"column":13}},"214":{"start":{"line":472,"column":16},"end":{"line":472,"column":25}},"215":{"start":{"line":475,"column":29},"end":{"line":475,"column":96}},"216":{"start":{"line":476,"column":26},"end":{"line":476,"column":87}},"217":{"start":{"line":477,"column":12},"end":{"line":479,"column":13}},"218":{"start":{"line":478,"column":16},"end":{"line":478,"column":32}},"219":{"start":{"line":480,"column":12},"end":{"line":480,"column":48}},"220":{"start":{"line":483,"column":8},"end":{"line":483,"column":38}},"221":{"start":{"line":487,"column":8},"end":{"line":487,"column":57}},"222":{"start":{"line":491,"column":22},"end":{"line":491,"column":53}},"223":{"start":{"line":492,"column":21},"end":{"line":492,"column":27}},"224":{"start":{"line":494,"column":8},"end":{"line":501,"column":9}},"225":{"start":{"line":494,"column":25},"end":{"line":494,"column":26}},"226":{"start":{"line":495,"column":25},"end":{"line":495,"column":37}},"227":{"start":{"line":496,"column":25},"end":{"line":496,"column":37}},"228":{"start":{"line":497,"column":12},"end":{"line":499,"column":13}},"229":{"start":{"line":498,"column":16},"end":{"line":498,"column":34}},"230":{"start":{"line":500,"column":12},"end":{"line":500,"column":61}},"231":{"start":{"line":503,"column":8},"end":{"line":503,"column":48}},"232":{"start":{"line":507,"column":8},"end":{"line":509,"column":9}},"233":{"start":{"line":508,"column":12},"end":{"line":508,"column":37}},"234":{"start":{"line":510,"column":8},"end":{"line":512,"column":9}},"235":{"start":{"line":511,"column":12},"end":{"line":511,"column":38}},"236":{"start":{"line":513,"column":8},"end":{"line":513,"column":28}},"237":{"start":{"line":517,"column":8},"end":{"line":519,"column":9}},"238":{"start":{"line":518,"column":12},"end":{"line":518,"column":26}},"239":{"start":{"line":520,"column":8},"end":{"line":522,"column":9}},"240":{"start":{"line":521,"column":12},"end":{"line":521,"column":33}},"241":{"start":{"line":523,"column":8},"end":{"line":523,"column":48}},"242":{"start":{"line":34,"column":0},"end":{"line":34,"column":13}},"243":{"start":{"line":528,"column":4},"end":{"line":528,"column":37}},"244":{"start":{"line":532,"column":4},"end":{"line":532,"column":40}}},"fnMap":{"0":{"name":"getNsQuery","decl":{"start":{"line":30,"column":9},"end":{"line":30,"column":19}},"loc":{"start":{"line":30,"column":19},"end":{"line":32,"column":1}}},"1":{"name":"(anonymous_1)","decl":{"start":{"line":43,"column":4},"end":{"line":43,"column":24}},"loc":{"start":{"line":43,"column":52},"end":{"line":45,"column":5}}},"2":{"name":"(anonymous_2)","decl":{"start":{"line":47,"column":4},"end":{"line":47,"column":10}},"loc":{"start":{"line":47,"column":81},"end":{"line":49,"column":5}}},"3":{"name":"(anonymous_3)","decl":{"start":{"line":51,"column":4},"end":{"line":51,"column":10}},"loc":{"start":{"line":51,"column":49},"end":{"line":61,"column":5}}},"4":{"name":"(anonymous_4)","decl":{"start":{"line":63,"column":4},"end":{"line":63,"column":13}},"loc":{"start":{"line":63,"column":13},"end":{"line":66,"column":5}}},"5":{"name":"(anonymous_5)","decl":{"start":{"line":68,"column":4},"end":{"line":68,"column":12}},"loc":{"start":{"line":68,"column":12},"end":{"line":71,"column":5}}},"6":{"name":"(anonymous_6)","decl":{"start":{"line":73,"column":4},"end":{"line":73,"column":9}},"loc":{"start":{"line":73,"column":126},"end":{"line":75,"column":5}}},"7":{"name":"(anonymous_7)","decl":{"start":{"line":77,"column":4},"end":{"line":77,"column":11}},"loc":{"start":{"line":77,"column":128},"end":{"line":79,"column":5}}},"8":{"name":"(anonymous_8)","decl":{"start":{"line":81,"column":4},"end":{"line":81,"column":12}},"loc":{"start":{"line":81,"column":54},"end":{"line":84,"column":5}}},"9":{"name":"(anonymous_9)","decl":{"start":{"line":86,"column":4},"end":{"line":86,"column":14}},"loc":{"start":{"line":86,"column":56},"end":{"line":89,"column":5}}},"10":{"name":"(anonymous_10)","decl":{"start":{"line":91,"column":4},"end":{"line":91,"column":11}},"loc":{"start":{"line":91,"column":80},"end":{"line":93,"column":5}}},"11":{"name":"(anonymous_11)","decl":{"start":{"line":95,"column":4},"end":{"line":95,"column":14}},"loc":{"start":{"line":95,"column":83},"end":{"line":97,"column":5}}},"12":{"name":"(anonymous_12)","decl":{"start":{"line":99,"column":4},"end":{"line":99,"column":13}},"loc":{"start":{"line":99,"column":43},"end":{"line":101,"column":5}}},"13":{"name":"(anonymous_13)","decl":{"start":{"line":103,"column":4},"end":{"line":103,"column":16}},"loc":{"start":{"line":103,"column":46},"end":{"line":105,"column":5}}},"14":{"name":"(anonymous_14)","decl":{"start":{"line":107,"column":4},"end":{"line":107,"column":16}},"loc":{"start":{"line":107,"column":114},"end":{"line":109,"column":5}}},"15":{"name":"(anonymous_15)","decl":{"start":{"line":111,"column":4},"end":{"line":111,"column":14}},"loc":{"start":{"line":111,"column":82},"end":{"line":113,"column":5}}},"16":{"name":"(anonymous_16)","decl":{"start":{"line":115,"column":4},"end":{"line":115,"column":16}},"loc":{"start":{"line":115,"column":84},"end":{"line":117,"column":5}}},"17":{"name":"(anonymous_17)","decl":{"start":{"line":119,"column":4},"end":{"line":119,"column":11}},"loc":{"start":{"line":119,"column":75},"end":{"line":122,"column":5}}},"18":{"name":"(anonymous_18)","decl":{"start":{"line":124,"column":4},"end":{"line":124,"column":14}},"loc":{"start":{"line":124,"column":44},"end":{"line":126,"column":5}}},"19":{"name":"(anonymous_19)","decl":{"start":{"line":128,"column":4},"end":{"line":128,"column":15}},"loc":{"start":{"line":128,"column":45},"end":{"line":130,"column":5}}},"20":{"name":"(anonymous_20)","decl":{"start":{"line":132,"column":4},"end":{"line":132,"column":9}},"loc":{"start":{"line":132,"column":23},"end":{"line":135,"column":5}}},"21":{"name":"(anonymous_21)","decl":{"start":{"line":137,"column":4},"end":{"line":137,"column":10}},"loc":{"start":{"line":137,"column":24},"end":{"line":140,"column":5}}},"22":{"name":"(anonymous_22)","decl":{"start":{"line":142,"column":4},"end":{"line":142,"column":8}},"loc":{"start":{"line":142,"column":45},"end":{"line":148,"column":5}}},"23":{"name":"(anonymous_23)","decl":{"start":{"line":150,"column":4},"end":{"line":150,"column":9}},"loc":{"start":{"line":150,"column":9},"end":{"line":173,"column":5}}},"24":{"name":"(anonymous_24)","decl":{"start":{"line":175,"column":4},"end":{"line":175,"column":11}},"loc":{"start":{"line":175,"column":11},"end":{"line":185,"column":5}}},"25":{"name":"(anonymous_25)","decl":{"start":{"line":187,"column":4},"end":{"line":187,"column":14}},"loc":{"start":{"line":187,"column":14},"end":{"line":189,"column":5}}},"26":{"name":"(anonymous_26)","decl":{"start":{"line":191,"column":4},"end":{"line":191,"column":16}},"loc":{"start":{"line":191,"column":16},"end":{"line":194,"column":5}}},"27":{"name":"(anonymous_27)","decl":{"start":{"line":196,"column":4},"end":{"line":196,"column":16}},"loc":{"start":{"line":196,"column":47},"end":{"line":203,"column":5}}},"28":{"name":"(anonymous_28)","decl":{"start":{"line":205,"column":4},"end":{"line":205,"column":9}},"loc":{"start":{"line":205,"column":9},"end":{"line":211,"column":5}}},"29":{"name":"(anonymous_29)","decl":{"start":{"line":213,"column":4},"end":{"line":213,"column":14}},"loc":{"start":{"line":213,"column":14},"end":{"line":219,"column":5}}},"30":{"name":"(anonymous_30)","decl":{"start":{"line":221,"column":4},"end":{"line":221,"column":9}},"loc":{"start":{"line":221,"column":9},"end":{"line":231,"column":5}}},"31":{"name":"(anonymous_31)","decl":{"start":{"line":233,"column":4},"end":{"line":233,"column":10}},"loc":{"start":{"line":233,"column":10},"end":{"line":241,"column":5}}},"32":{"name":"(anonymous_32)","decl":{"start":{"line":243,"column":4},"end":{"line":243,"column":9}},"loc":{"start":{"line":243,"column":9},"end":{"line":247,"column":5}}},"33":{"name":"(anonymous_33)","decl":{"start":{"line":246,"column":40},"end":{"line":246,"column":43}},"loc":{"start":{"line":246,"column":46},"end":{"line":246,"column":85}}},"34":{"name":"(anonymous_34)","decl":{"start":{"line":249,"column":4},"end":{"line":249,"column":14}},"loc":{"start":{"line":249,"column":75},"end":{"line":262,"column":5}}},"35":{"name":"(anonymous_35)","decl":{"start":{"line":258,"column":23},"end":{"line":258,"column":24}},"loc":{"start":{"line":258,"column":32},"end":{"line":258,"column":76}}},"36":{"name":"(anonymous_36)","decl":{"start":{"line":261,"column":41},"end":{"line":261,"column":42}},"loc":{"start":{"line":261,"column":49},"end":{"line":261,"column":74}}},"37":{"name":"(anonymous_37)","decl":{"start":{"line":264,"column":12},"end":{"line":264,"column":20}},"loc":{"start":{"line":264,"column":161},"end":{"line":273,"column":5}}},"38":{"name":"(anonymous_38)","decl":{"start":{"line":275,"column":12},"end":{"line":275,"column":25}},"loc":{"start":{"line":275,"column":117},"end":{"line":293,"column":5}}},"39":{"name":"(anonymous_39)","decl":{"start":{"line":284,"column":17},"end":{"line":284,"column":18}},"loc":{"start":{"line":284,"column":39},"end":{"line":284,"column":123}}},"40":{"name":"(anonymous_40)","decl":{"start":{"line":295,"column":12},"end":{"line":295,"column":26}},"loc":{"start":{"line":295,"column":115},"end":{"line":319,"column":5}}},"41":{"name":"(anonymous_41)","decl":{"start":{"line":311,"column":73},"end":{"line":311,"column":76}},"loc":{"start":{"line":311,"column":79},"end":{"line":311,"column":82}}},"42":{"name":"(anonymous_42)","decl":{"start":{"line":321,"column":12},"end":{"line":321,"column":28}},"loc":{"start":{"line":321,"column":28},"end":{"line":331,"column":5}}},"43":{"name":"(anonymous_43)","decl":{"start":{"line":322,"column":57},"end":{"line":322,"column":58}},"loc":{"start":{"line":322,"column":74},"end":{"line":330,"column":9}}},"44":{"name":"(anonymous_44)","decl":{"start":{"line":333,"column":12},"end":{"line":333,"column":25}},"loc":{"start":{"line":333,"column":102},"end":{"line":344,"column":5}}},"45":{"name":"(anonymous_45)","decl":{"start":{"line":346,"column":12},"end":{"line":346,"column":29}},"loc":{"start":{"line":346,"column":106},"end":{"line":356,"column":5}}},"46":{"name":"(anonymous_46)","decl":{"start":{"line":351,"column":26},"end":{"line":351,"column":27}},"loc":{"start":{"line":351,"column":43},"end":{"line":355,"column":9}}},"47":{"name":"(anonymous_47)","decl":{"start":{"line":358,"column":12},"end":{"line":358,"column":27}},"loc":{"start":{"line":358,"column":27},"end":{"line":361,"column":5}}},"48":{"name":"(anonymous_48)","decl":{"start":{"line":360,"column":59},"end":{"line":360,"column":60}},"loc":{"start":{"line":360,"column":69},"end":{"line":360,"column":177}}},"49":{"name":"(anonymous_49)","decl":{"start":{"line":363,"column":12},"end":{"line":363,"column":25}},"loc":{"start":{"line":363,"column":39},"end":{"line":370,"column":5}}},"50":{"name":"(anonymous_50)","decl":{"start":{"line":364,"column":36},"end":{"line":364,"column":37}},"loc":{"start":{"line":364,"column":58},"end":{"line":369,"column":9}}},"51":{"name":"(anonymous_51)","decl":{"start":{"line":372,"column":12},"end":{"line":372,"column":28}},"loc":{"start":{"line":372,"column":28},"end":{"line":374,"column":5}}},"52":{"name":"(anonymous_52)","decl":{"start":{"line":373,"column":35},"end":{"line":373,"column":36}},"loc":{"start":{"line":373,"column":57},"end":{"line":373,"column":141}}},"53":{"name":"(anonymous_53)","decl":{"start":{"line":376,"column":12},"end":{"line":376,"column":30}},"loc":{"start":{"line":376,"column":30},"end":{"line":378,"column":5}}},"54":{"name":"(anonymous_54)","decl":{"start":{"line":377,"column":30},"end":{"line":377,"column":31}},"loc":{"start":{"line":377,"column":40},"end":{"line":377,"column":78}}},"55":{"name":"(anonymous_55)","decl":{"start":{"line":380,"column":12},"end":{"line":380,"column":34}},"loc":{"start":{"line":380,"column":51},"end":{"line":386,"column":5}}},"56":{"name":"(anonymous_56)","decl":{"start":{"line":388,"column":12},"end":{"line":388,"column":21}},"loc":{"start":{"line":388,"column":21},"end":{"line":390,"column":5}}},"57":{"name":"(anonymous_57)","decl":{"start":{"line":389,"column":39},"end":{"line":389,"column":40}},"loc":{"start":{"line":389,"column":54},"end":{"line":389,"column":70}}},"58":{"name":"(anonymous_58)","decl":{"start":{"line":392,"column":12},"end":{"line":392,"column":25}},"loc":{"start":{"line":392,"column":25},"end":{"line":401,"column":5}}},"59":{"name":"(anonymous_59)","decl":{"start":{"line":403,"column":12},"end":{"line":403,"column":27}},"loc":{"start":{"line":403,"column":27},"end":{"line":410,"column":5}}},"60":{"name":"(anonymous_60)","decl":{"start":{"line":412,"column":12},"end":{"line":412,"column":26}},"loc":{"start":{"line":412,"column":131},"end":{"line":424,"column":5}}},"61":{"name":"(anonymous_61)","decl":{"start":{"line":423,"column":47},"end":{"line":423,"column":48}},"loc":{"start":{"line":423,"column":62},"end":{"line":423,"column":111}}},"62":{"name":"(anonymous_62)","decl":{"start":{"line":426,"column":12},"end":{"line":426,"column":23}},"loc":{"start":{"line":426,"column":106},"end":{"line":450,"column":5}}},"63":{"name":"(anonymous_63)","decl":{"start":{"line":452,"column":12},"end":{"line":452,"column":24}},"loc":{"start":{"line":452,"column":104},"end":{"line":463,"column":5}}},"64":{"name":"(anonymous_64)","decl":{"start":{"line":457,"column":32},"end":{"line":457,"column":33}},"loc":{"start":{"line":457,"column":47},"end":{"line":457,"column":101}}},"65":{"name":"(anonymous_65)","decl":{"start":{"line":465,"column":12},"end":{"line":465,"column":26}},"loc":{"start":{"line":465,"column":103},"end":{"line":484,"column":5}}},"66":{"name":"(anonymous_66)","decl":{"start":{"line":486,"column":12},"end":{"line":486,"column":26}},"loc":{"start":{"line":486,"column":178},"end":{"line":488,"column":5}}},"67":{"name":"(anonymous_67)","decl":{"start":{"line":490,"column":12},"end":{"line":490,"column":19}},"loc":{"start":{"line":490,"column":81},"end":{"line":504,"column":5}}},"68":{"name":"(anonymous_68)","decl":{"start":{"line":506,"column":12},"end":{"line":506,"column":25}},"loc":{"start":{"line":506,"column":47},"end":{"line":514,"column":5}}},"69":{"name":"(anonymous_69)","decl":{"start":{"line":516,"column":12},"end":{"line":516,"column":23}},"loc":{"start":{"line":516,"column":46},"end":{"line":524,"column":5}}},"70":{"name":"query","decl":{"start":{"line":527,"column":16},"end":{"line":527,"column":21}},"loc":{"start":{"line":527,"column":87},"end":{"line":529,"column":1}}},"71":{"name":"runQuery","decl":{"start":{"line":531,"column":16},"end":{"line":531,"column":24}},"loc":{"start":{"line":531,"column":90},"end":{"line":533,"column":1}}}},"branchMap":{"0":{"loc":{"start":{"line":52,"column":8},"end":{"line":54,"column":9}},"type":"if","locations":[{"start":{"line":52,"column":8},"end":{"line":54,"column":9}}]},"1":{"loc":{"start":{"line":73,"column":111},"end":{"line":73,"column":126}},"type":"default-arg","locations":[{"start":{"line":73,"column":121},"end":{"line":73,"column":126}}]},"2":{"loc":{"start":{"line":77,"column":113},"end":{"line":77,"column":128}},"type":"default-arg","locations":[{"start":{"line":77,"column":123},"end":{"line":77,"column":128}}]},"3":{"loc":{"start":{"line":92,"column":15},"end":{"line":92,"column":83}},"type":"cond-expr","locations":[{"start":{"line":92,"column":45},"end":{"line":92,"column":76}},{"start":{"line":92,"column":79},"end":{"line":92,"column":83}}]},"4":{"loc":{"start":{"line":92,"column":15},"end":{"line":92,"column":42}},"type":"binary-expr","locations":[{"start":{"line":92,"column":15},"end":{"line":92,"column":21}},{"start":{"line":92,"column":25},"end":{"line":92,"column":42}}]},"5":{"loc":{"start":{"line":96,"column":15},"end":{"line":96,"column":87}},"type":"cond-expr","locations":[{"start":{"line":96,"column":45},"end":{"line":96,"column":80}},{"start":{"line":96,"column":83},"end":{"line":96,"column":87}}]},"6":{"loc":{"start":{"line":96,"column":15},"end":{"line":96,"column":42}},"type":"binary-expr","locations":[{"start":{"line":96,"column":15},"end":{"line":96,"column":21}},{"start":{"line":96,"column":25},"end":{"line":96,"column":42}}]},"7":{"loc":{"start":{"line":108,"column":15},"end":{"line":108,"column":103}},"type":"cond-expr","locations":[{"start":{"line":108,"column":56},"end":{"line":108,"column":60}},{"start":{"line":108,"column":63},"end":{"line":108,"column":103}}]},"8":{"loc":{"start":{"line":108,"column":15},"end":{"line":108,"column":53}},"type":"binary-expr","locations":[{"start":{"line":108,"column":15},"end":{"line":108,"column":32}},{"start":{"line":108,"column":36},"end":{"line":108,"column":53}}]},"9":{"loc":{"start":{"line":119,"column":43},"end":{"line":119,"column":75}},"type":"default-arg","locations":[{"start":{"line":119,"column":70},"end":{"line":119,"column":75}}]},"10":{"loc":{"start":{"line":153,"column":25},"end":{"line":153,"column":61}},"type":"cond-expr","locations":[{"start":{"line":153,"column":45},"end":{"line":153,"column":56}},{"start":{"line":153,"column":59},"end":{"line":153,"column":61}}]},"11":{"loc":{"start":{"line":154,"column":20},"end":{"line":154,"column":108}},"type":"cond-expr","locations":[{"start":{"line":154,"column":52},"end":{"line":154,"column":54}},{"start":{"line":154,"column":57},"end":{"line":154,"column":108}}]},"12":{"loc":{"start":{"line":154,"column":65},"end":{"line":154,"column":86}},"type":"cond-expr","locations":[{"start":{"line":154,"column":81},"end":{"line":154,"column":85}},{"start":{"line":154,"column":85},"end":{"line":154,"column":86}}]},"13":{"loc":{"start":{"line":154,"column":65},"end":{"line":154,"column":85}},"type":"binary-expr","locations":[{"start":{"line":154,"column":65},"end":{"line":154,"column":85}},{"start":{"line":154,"column":81},"end":{"line":154,"column":85}}]},"14":{"loc":{"start":{"line":160,"column":8},"end":{"line":162,"column":9}},"type":"if","locations":[{"start":{"line":160,"column":8},"end":{"line":162,"column":9}}]},"15":{"loc":{"start":{"line":164,"column":8},"end":{"line":166,"column":9}},"type":"if","locations":[{"start":{"line":164,"column":8},"end":{"line":166,"column":9}}]},"16":{"loc":{"start":{"line":182,"column":21},"end":{"line":182,"column":75}},"type":"cond-expr","locations":[{"start":{"line":182,"column":40},"end":{"line":182,"column":68}},{"start":{"line":182,"column":71},"end":{"line":182,"column":75}}]},"17":{"loc":{"start":{"line":196,"column":17},"end":{"line":196,"column":47}},"type":"default-arg","locations":[{"start":{"line":196,"column":45},"end":{"line":196,"column":47}}]},"18":{"loc":{"start":{"line":201,"column":22},"end":{"line":201,"column":46}},"type":"cond-expr","locations":[{"start":{"line":201,"column":38},"end":{"line":201,"column":42}},{"start":{"line":201,"column":42},"end":{"line":201,"column":46}}]},"19":{"loc":{"start":{"line":201,"column":22},"end":{"line":201,"column":42}},"type":"binary-expr","locations":[{"start":{"line":201,"column":22},"end":{"line":201,"column":42}},{"start":{"line":201,"column":38},"end":{"line":201,"column":42}}]},"20":{"loc":{"start":{"line":210,"column":15},"end":{"line":210,"column":30}},"type":"cond-expr","locations":[{"start":{"line":210,"column":22},"end":{"line":210,"column":26}},{"start":{"line":210,"column":26},"end":{"line":210,"column":30}}]},"21":{"loc":{"start":{"line":210,"column":15},"end":{"line":210,"column":26}},"type":"binary-expr","locations":[{"start":{"line":210,"column":15},"end":{"line":210,"column":26}},{"start":{"line":210,"column":22},"end":{"line":210,"column":26}}]},"22":{"loc":{"start":{"line":218,"column":15},"end":{"line":218,"column":30}},"type":"cond-expr","locations":[{"start":{"line":218,"column":22},"end":{"line":218,"column":26}},{"start":{"line":218,"column":26},"end":{"line":218,"column":30}}]},"23":{"loc":{"start":{"line":218,"column":15},"end":{"line":218,"column":26}},"type":"binary-expr","locations":[{"start":{"line":218,"column":15},"end":{"line":218,"column":26}},{"start":{"line":218,"column":22},"end":{"line":218,"column":26}}]},"24":{"loc":{"start":{"line":224,"column":8},"end":{"line":226,"column":9}},"type":"if","locations":[{"start":{"line":224,"column":8},"end":{"line":226,"column":9}}]},"25":{"loc":{"start":{"line":230,"column":22},"end":{"line":230,"column":41}},"type":"cond-expr","locations":[{"start":{"line":230,"column":36},"end":{"line":230,"column":40}},{"start":{"line":230,"column":40},"end":{"line":230,"column":41}}]},"26":{"loc":{"start":{"line":230,"column":22},"end":{"line":230,"column":40}},"type":"binary-expr","locations":[{"start":{"line":230,"column":22},"end":{"line":230,"column":40}},{"start":{"line":230,"column":36},"end":{"line":230,"column":40}}]},"27":{"loc":{"start":{"line":230,"column":22},"end":{"line":230,"column":36}},"type":"cond-expr","locations":[{"start":{"line":230,"column":29},"end":{"line":230,"column":31}},{"start":{"line":230,"column":29},"end":{"line":230,"column":36}}]},"28":{"loc":{"start":{"line":230,"column":22},"end":{"line":230,"column":31}},"type":"binary-expr","locations":[{"start":{"line":230,"column":22},"end":{"line":230,"column":31}},{"start":{"line":230,"column":29},"end":{"line":230,"column":31}}]},"29":{"loc":{"start":{"line":236,"column":8},"end":{"line":238,"column":9}},"type":"if","locations":[{"start":{"line":236,"column":8},"end":{"line":238,"column":9}}]},"30":{"loc":{"start":{"line":250,"column":8},"end":{"line":252,"column":9}},"type":"if","locations":[{"start":{"line":250,"column":8},"end":{"line":252,"column":9}}]},"31":{"loc":{"start":{"line":256,"column":24},"end":{"line":258,"column":77}},"type":"cond-expr","locations":[{"start":{"line":257,"column":14},"end":{"line":257,"column":93}},{"start":{"line":258,"column":14},"end":{"line":258,"column":77}}]},"32":{"loc":{"start":{"line":256,"column":24},"end":{"line":256,"column":61}},"type":"binary-expr","locations":[{"start":{"line":256,"column":24},"end":{"line":256,"column":45}},{"start":{"line":256,"column":49},"end":{"line":256,"column":61}}]},"33":{"loc":{"start":{"line":261,"column":15},"end":{"line":261,"column":84}},"type":"cond-expr","locations":[{"start":{"line":261,"column":29},"end":{"line":261,"column":74}},{"start":{"line":261,"column":77},"end":{"line":261,"column":84}}]},"34":{"loc":{"start":{"line":261,"column":50},"end":{"line":261,"column":73}},"type":"cond-expr","locations":[{"start":{"line":261,"column":66},"end":{"line":261,"column":70}},{"start":{"line":261,"column":70},"end":{"line":261,"column":73}}]},"35":{"loc":{"start":{"line":261,"column":50},"end":{"line":261,"column":70}},"type":"binary-expr","locations":[{"start":{"line":261,"column":50},"end":{"line":261,"column":70}},{"start":{"line":261,"column":66},"end":{"line":261,"column":70}}]},"36":{"loc":{"start":{"line":264,"column":146},"end":{"line":264,"column":161}},"type":"default-arg","locations":[{"start":{"line":264,"column":156},"end":{"line":264,"column":161}}]},"37":{"loc":{"start":{"line":265,"column":8},"end":{"line":267,"column":9}},"type":"if","locations":[{"start":{"line":265,"column":8},"end":{"line":267,"column":9}}]},"38":{"loc":{"start":{"line":265,"column":12},"end":{"line":265,"column":87}},"type":"binary-expr","locations":[{"start":{"line":265,"column":12},"end":{"line":265,"column":31}},{"start":{"line":265,"column":35},"end":{"line":265,"column":57}},{"start":{"line":265,"column":61},"end":{"line":265,"column":87}}]},"39":{"loc":{"start":{"line":270,"column":27},"end":{"line":270,"column":83}},"type":"cond-expr","locations":[{"start":{"line":270,"column":37},"end":{"line":270,"column":67}},{"start":{"line":270,"column":70},"end":{"line":270,"column":83}}]},"40":{"loc":{"start":{"line":279,"column":8},"end":{"line":281,"column":9}},"type":"if","locations":[{"start":{"line":279,"column":8},"end":{"line":281,"column":9}}]},"41":{"loc":{"start":{"line":284,"column":39},"end":{"line":284,"column":123}},"type":"cond-expr","locations":[{"start":{"line":284,"column":53},"end":{"line":284,"column":73}},{"start":{"line":284,"column":76},"end":{"line":284,"column":123}}]},"42":{"loc":{"start":{"line":296,"column":8},"end":{"line":298,"column":9}},"type":"if","locations":[{"start":{"line":296,"column":8},"end":{"line":298,"column":9}}]},"43":{"loc":{"start":{"line":296,"column":12},"end":{"line":296,"column":64}},"type":"binary-expr","locations":[{"start":{"line":296,"column":12},"end":{"line":296,"column":34}},{"start":{"line":296,"column":38},"end":{"line":296,"column":64}}]},"44":{"loc":{"start":{"line":300,"column":8},"end":{"line":305,"column":9}},"type":"if","locations":[{"start":{"line":300,"column":8},"end":{"line":305,"column":9}}]},"45":{"loc":{"start":{"line":301,"column":12},"end":{"line":303,"column":13}},"type":"if","locations":[{"start":{"line":301,"column":12},"end":{"line":303,"column":13}}]},"46":{"loc":{"start":{"line":301,"column":16},"end":{"line":301,"column":59}},"type":"binary-expr","locations":[{"start":{"line":301,"column":16},"end":{"line":301,"column":37}},{"start":{"line":301,"column":41},"end":{"line":301,"column":59}}]},"47":{"loc":{"start":{"line":307,"column":8},"end":{"line":312,"column":9}},"type":"if","locations":[{"start":{"line":307,"column":8},"end":{"line":312,"column":9}}]},"48":{"loc":{"start":{"line":307,"column":12},"end":{"line":307,"column":54}},"type":"binary-expr","locations":[{"start":{"line":307,"column":12},"end":{"line":307,"column":29}},{"start":{"line":307,"column":33},"end":{"line":307,"column":54}}]},"49":{"loc":{"start":{"line":308,"column":12},"end":{"line":310,"column":13}},"type":"if","locations":[{"start":{"line":308,"column":12},"end":{"line":310,"column":13}}]},"50":{"loc":{"start":{"line":308,"column":16},"end":{"line":308,"column":59}},"type":"binary-expr","locations":[{"start":{"line":308,"column":16},"end":{"line":308,"column":37}},{"start":{"line":308,"column":41},"end":{"line":308,"column":59}}]},"51":{"loc":{"start":{"line":314,"column":8},"end":{"line":316,"column":9}},"type":"if","locations":[{"start":{"line":314,"column":8},"end":{"line":316,"column":9}}]},"52":{"loc":{"start":{"line":318,"column":69},"end":{"line":318,"column":82}},"type":"cond-expr","locations":[{"start":{"line":318,"column":69},"end":{"line":318,"column":74}},{"start":{"line":318,"column":78},"end":{"line":318,"column":82}}]},"53":{"loc":{"start":{"line":318,"column":69},"end":{"line":318,"column":78}},"type":"binary-expr","locations":[{"start":{"line":318,"column":69},"end":{"line":318,"column":78}},{"start":{"line":318,"column":69},"end":{"line":318,"column":78}}]},"54":{"loc":{"start":{"line":323,"column":12},"end":{"line":325,"column":13}},"type":"if","locations":[{"start":{"line":323,"column":12},"end":{"line":325,"column":13}}]},"55":{"loc":{"start":{"line":326,"column":12},"end":{"line":328,"column":13}},"type":"if","locations":[{"start":{"line":326,"column":12},"end":{"line":328,"column":13}}]},"56":{"loc":{"start":{"line":329,"column":19},"end":{"line":329,"column":67}},"type":"binary-expr","locations":[{"start":{"line":329,"column":19},"end":{"line":329,"column":37}},{"start":{"line":329,"column":41},"end":{"line":329,"column":67}}]},"57":{"loc":{"start":{"line":336,"column":27},"end":{"line":336,"column":45}},"type":"cond-expr","locations":[{"start":{"line":336,"column":38},"end":{"line":336,"column":42}},{"start":{"line":336,"column":42},"end":{"line":336,"column":45}}]},"58":{"loc":{"start":{"line":336,"column":27},"end":{"line":336,"column":42}},"type":"binary-expr","locations":[{"start":{"line":336,"column":27},"end":{"line":336,"column":42}},{"start":{"line":336,"column":38},"end":{"line":336,"column":42}}]},"59":{"loc":{"start":{"line":339,"column":28},"end":{"line":339,"column":49}},"type":"cond-expr","locations":[{"start":{"line":339,"column":42},"end":{"line":339,"column":46}},{"start":{"line":339,"column":46},"end":{"line":339,"column":49}}]},"60":{"loc":{"start":{"line":339,"column":28},"end":{"line":339,"column":46}},"type":"binary-expr","locations":[{"start":{"line":339,"column":28},"end":{"line":339,"column":46}},{"start":{"line":339,"column":42},"end":{"line":339,"column":46}}]},"61":{"loc":{"start":{"line":347,"column":8},"end":{"line":349,"column":9}},"type":"if","locations":[{"start":{"line":347,"column":8},"end":{"line":349,"column":9}}]},"62":{"loc":{"start":{"line":352,"column":26},"end":{"line":352,"column":44}},"type":"cond-expr","locations":[{"start":{"line":352,"column":37},"end":{"line":352,"column":41}},{"start":{"line":352,"column":41},"end":{"line":352,"column":44}}]},"63":{"loc":{"start":{"line":352,"column":26},"end":{"line":352,"column":41}},"type":"binary-expr","locations":[{"start":{"line":352,"column":26},"end":{"line":352,"column":41}},{"start":{"line":352,"column":37},"end":{"line":352,"column":41}}]},"64":{"loc":{"start":{"line":354,"column":22},"end":{"line":354,"column":78}},"type":"cond-expr","locations":[{"start":{"line":354,"column":38},"end":{"line":354,"column":65}},{"start":{"line":354,"column":68},"end":{"line":354,"column":78}}]},"65":{"loc":{"start":{"line":359,"column":22},"end":{"line":359,"column":32}},"type":"default-arg","locations":[{"start":{"line":359,"column":30},"end":{"line":359,"column":32}}]},"66":{"loc":{"start":{"line":365,"column":32},"end":{"line":365,"column":81}},"type":"cond-expr","locations":[{"start":{"line":365,"column":63},"end":{"line":365,"column":67}},{"start":{"line":365,"column":67},"end":{"line":365,"column":81}}]},"67":{"loc":{"start":{"line":365,"column":32},"end":{"line":365,"column":67}},"type":"binary-expr","locations":[{"start":{"line":365,"column":32},"end":{"line":365,"column":67}},{"start":{"line":365,"column":63},"end":{"line":365,"column":67}}]},"68":{"loc":{"start":{"line":366,"column":32},"end":{"line":366,"column":85}},"type":"cond-expr","locations":[{"start":{"line":366,"column":63},"end":{"line":366,"column":67}},{"start":{"line":366,"column":67},"end":{"line":366,"column":85}}]},"69":{"loc":{"start":{"line":366,"column":32},"end":{"line":366,"column":67}},"type":"binary-expr","locations":[{"start":{"line":366,"column":32},"end":{"line":366,"column":67}},{"start":{"line":366,"column":63},"end":{"line":366,"column":67}}]},"70":{"loc":{"start":{"line":368,"column":19},"end":{"line":368,"column":97}},"type":"cond-expr","locations":[{"start":{"line":368,"column":33},"end":{"line":368,"column":43}},{"start":{"line":368,"column":46},"end":{"line":368,"column":97}}]},"71":{"loc":{"start":{"line":368,"column":49},"end":{"line":368,"column":81}},"type":"cond-expr","locations":[{"start":{"line":368,"column":72},"end":{"line":368,"column":76}},{"start":{"line":368,"column":76},"end":{"line":368,"column":81}}]},"72":{"loc":{"start":{"line":368,"column":49},"end":{"line":368,"column":76}},"type":"binary-expr","locations":[{"start":{"line":368,"column":49},"end":{"line":368,"column":76}},{"start":{"line":368,"column":72},"end":{"line":368,"column":76}}]},"73":{"loc":{"start":{"line":373,"column":57},"end":{"line":373,"column":141}},"type":"cond-expr","locations":[{"start":{"line":373,"column":71},"end":{"line":373,"column":91}},{"start":{"line":373,"column":94},"end":{"line":373,"column":141}}]},"74":{"loc":{"start":{"line":382,"column":8},"end":{"line":384,"column":9}},"type":"if","locations":[{"start":{"line":382,"column":8},"end":{"line":384,"column":9}}]},"75":{"loc":{"start":{"line":395,"column":12},"end":{"line":398,"column":13}},"type":"if","locations":[{"start":{"line":395,"column":12},"end":{"line":398,"column":13}}]},"76":{"loc":{"start":{"line":396,"column":29},"end":{"line":396,"column":50}},"type":"cond-expr","locations":[{"start":{"line":396,"column":43},"end":{"line":396,"column":47}},{"start":{"line":396,"column":47},"end":{"line":396,"column":50}}]},"77":{"loc":{"start":{"line":396,"column":29},"end":{"line":396,"column":47}},"type":"binary-expr","locations":[{"start":{"line":396,"column":29},"end":{"line":396,"column":47}},{"start":{"line":396,"column":43},"end":{"line":396,"column":47}}]},"78":{"loc":{"start":{"line":405,"column":12},"end":{"line":407,"column":13}},"type":"if","locations":[{"start":{"line":405,"column":12},"end":{"line":407,"column":13}}]},"79":{"loc":{"start":{"line":406,"column":30},"end":{"line":406,"column":48}},"type":"cond-expr","locations":[{"start":{"line":406,"column":41},"end":{"line":406,"column":45}},{"start":{"line":406,"column":45},"end":{"line":406,"column":48}}]},"80":{"loc":{"start":{"line":406,"column":30},"end":{"line":406,"column":45}},"type":"binary-expr","locations":[{"start":{"line":406,"column":30},"end":{"line":406,"column":45}},{"start":{"line":406,"column":41},"end":{"line":406,"column":45}}]},"81":{"loc":{"start":{"line":416,"column":12},"end":{"line":418,"column":13}},"type":"if","locations":[{"start":{"line":416,"column":12},"end":{"line":418,"column":13}}]},"82":{"loc":{"start":{"line":416,"column":16},"end":{"line":416,"column":47}},"type":"binary-expr","locations":[{"start":{"line":416,"column":16},"end":{"line":416,"column":32}},{"start":{"line":416,"column":36},"end":{"line":416,"column":47}}]},"83":{"loc":{"start":{"line":419,"column":26},"end":{"line":419,"column":46}},"type":"cond-expr","locations":[{"start":{"line":419,"column":40},"end":{"line":419,"column":44}},{"start":{"line":419,"column":44},"end":{"line":419,"column":46}}]},"84":{"loc":{"start":{"line":419,"column":26},"end":{"line":419,"column":44}},"type":"binary-expr","locations":[{"start":{"line":419,"column":26},"end":{"line":419,"column":44}},{"start":{"line":419,"column":40},"end":{"line":419,"column":44}}]},"85":{"loc":{"start":{"line":437,"column":16},"end":{"line":439,"column":17}},"type":"if","locations":[{"start":{"line":437,"column":16},"end":{"line":439,"column":17}}]},"86":{"loc":{"start":{"line":437,"column":20},"end":{"line":437,"column":59}},"type":"binary-expr","locations":[{"start":{"line":437,"column":20},"end":{"line":437,"column":25}},{"start":{"line":437,"column":29},"end":{"line":437,"column":59}}]},"87":{"loc":{"start":{"line":441,"column":16},"end":{"line":443,"column":17}},"type":"if","locations":[{"start":{"line":441,"column":16},"end":{"line":443,"column":17}}]},"88":{"loc":{"start":{"line":457,"column":12},"end":{"line":459,"column":13}},"type":"if","locations":[{"start":{"line":457,"column":12},"end":{"line":459,"column":13}}]},"89":{"loc":{"start":{"line":457,"column":47},"end":{"line":457,"column":101}},"type":"binary-expr","locations":[{"start":{"line":457,"column":47},"end":{"line":457,"column":65}},{"start":{"line":457,"column":69},"end":{"line":457,"column":101}}]},"90":{"loc":{"start":{"line":471,"column":12},"end":{"line":473,"column":13}},"type":"if","locations":[{"start":{"line":471,"column":12},"end":{"line":473,"column":13}}]},"91":{"loc":{"start":{"line":471,"column":16},"end":{"line":471,"column":71}},"type":"binary-expr","locations":[{"start":{"line":471,"column":16},"end":{"line":471,"column":34}},{"start":{"line":471,"column":38},"end":{"line":471,"column":71}}]},"92":{"loc":{"start":{"line":475,"column":29},"end":{"line":475,"column":96}},"type":"cond-expr","locations":[{"start":{"line":475,"column":50},"end":{"line":475,"column":61}},{"start":{"line":475,"column":64},"end":{"line":475,"column":96}}]},"93":{"loc":{"start":{"line":477,"column":12},"end":{"line":479,"column":13}},"type":"if","locations":[{"start":{"line":477,"column":12},"end":{"line":479,"column":13}}]},"94":{"loc":{"start":{"line":477,"column":16},"end":{"line":477,"column":69}},"type":"binary-expr","locations":[{"start":{"line":477,"column":16},"end":{"line":477,"column":30}},{"start":{"line":477,"column":34},"end":{"line":477,"column":53}},{"start":{"line":477,"column":57},"end":{"line":477,"column":69}}]},"95":{"loc":{"start":{"line":483,"column":15},"end":{"line":483,"column":37}},"type":"cond-expr","locations":[{"start":{"line":483,"column":26},"end":{"line":483,"column":30}},{"start":{"line":483,"column":33},"end":{"line":483,"column":37}}]},"96":{"loc":{"start":{"line":487,"column":15},"end":{"line":487,"column":56}},"type":"cond-expr","locations":[{"start":{"line":487,"column":27},"end":{"line":487,"column":48}},{"start":{"line":487,"column":51},"end":{"line":487,"column":56}}]},"97":{"loc":{"start":{"line":497,"column":12},"end":{"line":499,"column":13}},"type":"if","locations":[{"start":{"line":497,"column":12},"end":{"line":499,"column":13}}]},"98":{"loc":{"start":{"line":497,"column":16},"end":{"line":497,"column":72}},"type":"binary-expr","locations":[{"start":{"line":497,"column":16},"end":{"line":497,"column":21}},{"start":{"line":497,"column":25},"end":{"line":497,"column":49}},{"start":{"line":497,"column":53},"end":{"line":497,"column":72}}]},"99":{"loc":{"start":{"line":507,"column":8},"end":{"line":509,"column":9}},"type":"if","locations":[{"start":{"line":507,"column":8},"end":{"line":509,"column":9}}]},"100":{"loc":{"start":{"line":510,"column":8},"end":{"line":512,"column":9}},"type":"if","locations":[{"start":{"line":510,"column":8},"end":{"line":512,"column":9}}]},"101":{"loc":{"start":{"line":517,"column":8},"end":{"line":519,"column":9}},"type":"if","locations":[{"start":{"line":517,"column":8},"end":{"line":519,"column":9}}]},"102":{"loc":{"start":{"line":520,"column":8},"end":{"line":522,"column":9}},"type":"if","locations":[{"start":{"line":520,"column":8},"end":{"line":522,"column":9}}]},"103":{"loc":{"start":{"line":520,"column":12},"end":{"line":520,"column":67}},"type":"binary-expr","locations":[{"start":{"line":520,"column":12},"end":{"line":520,"column":37}},{"start":{"line":520,"column":41},"end":{"line":520,"column":67}}]}},"s":{"0":4,"1":4,"2":4,"3":29,"4":116,"5":116,"6":116,"7":116,"8":116,"9":113,"10":2,"11":2,"12":2,"13":2,"14":2,"15":1,"16":1,"17":1,"18":1,"19":31,"20":2,"21":1,"22":1,"23":1,"24":1,"25":3,"26":2,"27":1,"28":1,"29":3,"30":2,"31":1,"32":3,"33":3,"34":1,"35":1,"36":7,"37":7,"38":3,"39":3,"40":2,"41":2,"42":2,"43":2,"44":2,"45":87,"46":87,"47":87,"48":87,"49":87,"50":86,"51":86,"52":86,"53":23,"54":86,"55":3,"56":86,"57":21,"58":21,"59":21,"60":21,"61":21,"62":4,"63":14,"64":14,"65":2,"66":2,"67":3,"68":3,"69":3,"70":3,"71":3,"72":7,"73":7,"74":7,"75":7,"76":7,"77":3,"78":3,"79":3,"80":1,"81":3,"82":3,"83":3,"84":3,"85":3,"86":3,"87":1,"88":3,"89":4,"90":4,"91":4,"92":4,"93":26,"94":4,"95":22,"96":22,"97":22,"98":16,"99":22,"100":22,"101":2,"102":33,"103":1,"104":32,"105":31,"106":31,"107":31,"108":3,"109":3,"110":3,"111":1,"112":2,"113":3,"114":2,"115":2,"116":36,"117":2,"118":34,"119":3,"120":2,"121":1,"122":31,"123":4,"124":2,"125":2,"126":5,"127":27,"128":1,"129":26,"130":87,"131":386,"132":85,"133":301,"134":2,"135":299,"136":87,"137":87,"138":381,"139":381,"140":87,"141":87,"142":1,"143":86,"144":381,"145":381,"146":381,"147":92,"148":92,"149":15,"150":15,"151":23,"152":23,"153":23,"154":23,"155":92,"156":32,"157":86,"158":3,"159":35,"160":35,"161":1,"162":34,"163":94,"164":35,"165":22,"166":22,"167":87,"168":15,"169":15,"170":22,"171":22,"172":21,"173":20,"174":2,"175":6,"176":6,"177":11,"178":11,"179":1,"180":10,"181":10,"182":10,"183":6,"184":6,"185":6,"186":6,"187":6,"188":6,"189":6,"190":10,"191":10,"192":10,"193":2,"194":8,"195":8,"196":1,"197":7,"198":7,"199":6,"200":22,"201":22,"202":89,"203":89,"204":89,"205":25,"206":15,"207":74,"208":22,"209":10,"210":10,"211":10,"212":38,"213":38,"214":16,"215":22,"216":22,"217":22,"218":16,"219":22,"220":10,"221":111,"222":96,"223":96,"224":96,"225":96,"226":4,"227":4,"228":4,"229":4,"230":4,"231":96,"232":15,"233":8,"234":7,"235":1,"236":6,"237":4,"238":1,"239":3,"240":2,"241":1,"242":4,"243":12,"244":1},"f":{"0":29,"1":116,"2":113,"3":2,"4":1,"5":1,"6":31,"7":2,"8":1,"9":1,"10":3,"11":2,"12":1,"13":1,"14":3,"15":2,"16":1,"17":3,"18":1,"19":1,"20":7,"21":3,"22":2,"23":87,"24":21,"25":4,"26":14,"27":2,"28":3,"29":7,"30":3,"31":3,"32":4,"33":4,"34":26,"35":16,"36":2,"37":33,"38":3,"39":3,"40":36,"41":5,"42":87,"43":386,"44":87,"45":87,"46":381,"47":92,"48":15,"49":15,"50":23,"51":92,"52":32,"53":86,"54":3,"55":35,"56":94,"57":35,"58":22,"59":22,"60":6,"61":6,"62":6,"63":22,"64":25,"65":10,"66":111,"67":96,"68":15,"69":4,"70":12,"71":1},"b":{"0":[2],"1":[30],"2":[2],"3":[1,2],"4":[3,2],"5":[1,1],"6":[2,2],"7":[2,1],"8":[3,2],"9":[1],"10":[1,86],"11":[68,19],"12":[5,14],"13":[19,19],"14":[23],"15":[3],"16":[1,20],"17":[1],"18":[1,1],"19":[2,2],"20":[2,1],"21":[3,3],"22":[4,3],"23":[7,7],"24":[1],"25":[2,1],"26":[3,3],"27":[1,2],"28":[3,3],"29":[1],"30":[4],"31":[6,16],"32":[22,7],"33":[2,20],"34":[1,1],"35":[2,2],"36":[0],"37":[1],"38":[33,3,2],"39":[1,30],"40":[1],"41":[2,1],"42":[2],"43":[36,35],"44":[3],"45":[2],"46":[3,2],"47":[4],"48":[31,29],"49":[2],"50":[4,4],"51":[1],"52":[25,1],"53":[26,25],"54":[85],"55":[2],"56":[299,4],"57":[7,374],"58":[381,381],"59":[25,356],"60":[381,381],"61":[1],"62":[7,374],"63":[381,381],"64":[6,375],"65":[77],"66":[7,16],"67":[23,23],"68":[7,16],"69":[23,23],"70":[15,8],"71":[7,1],"72":[8,8],"73":[25,7],"74":[1],"75":[15],"76":[13,2],"77":[15,15],"78":[20],"79":[1,19],"80":[20,20],"81":[1],"82":[11,11],"83":[4,6],"84":[10,10],"85":[2],"86":[10,8],"87":[1],"88":[15],"89":[25,22],"90":[16],"91":[38,34],"92":[4,18],"93":[16],"94":[22,22,16],"95":[8,2],"96":[2,109],"97":[4],"98":[4,2,1],"99":[8],"100":[1],"101":[1],"102":[2],"103":[3,2]}}
,"C:\\src\\netsuite-repository\\src\\record-updater.ts": {"path":"C:\\src\\netsuite-repository\\src\\record-updater.ts","statementMap":{"0":{"start":{"line":1389,"column":0},"end":{"line":1389,"column":16}},"1":{"start":{"line":2,"column":0},"end":{"line":2,"column":47}},"2":{"start":{"line":57,"column":4},"end":{"line":57,"column":58}},"3":{"start":{"line":61,"column":4},"end":{"line":67,"column":6}},"4":{"start":{"line":71,"column":4},"end":{"line":71,"column":66}},"5":{"start":{"line":75,"column":4},"end":{"line":75,"column":80}},"6":{"start":{"line":79,"column":4},"end":{"line":98,"column":5}},"7":{"start":{"line":81,"column":12},"end":{"line":81,"column":29}},"8":{"start":{"line":83,"column":12},"end":{"line":83,"column":27}},"9":{"start":{"line":85,"column":12},"end":{"line":85,"column":30}},"10":{"start":{"line":87,"column":12},"end":{"line":87,"column":29}},"11":{"start":{"line":89,"column":12},"end":{"line":89,"column":26}},"12":{"start":{"line":91,"column":12},"end":{"line":91,"column":30}},"13":{"start":{"line":93,"column":12},"end":{"line":93,"column":33}},"14":{"start":{"line":95,"column":12},"end":{"line":95,"column":25}},"15":{"start":{"line":97,"column":12},"end":{"line":97,"column":28}},"16":{"start":{"line":103,"column":25},"end":{"line":103,"column":64}},"17":{"start":{"line":104,"column":25},"end":{"line":104,"column":49}},"18":{"start":{"line":105,"column":25},"end":{"line":105,"column":65}},"19":{"start":{"line":109,"column":8},"end":{"line":109,"column":93}},"20":{"start":{"line":110,"column":8},"end":{"line":110,"column":20}},"21":{"start":{"line":114,"column":8},"end":{"line":114,"column":84}},"22":{"start":{"line":115,"column":8},"end":{"line":115,"column":20}},"23":{"start":{"line":119,"column":8},"end":{"line":119,"column":27}},"24":{"start":{"line":101,"column":0},"end":{"line":101,"column":13}},"25":{"start":{"line":125,"column":25},"end":{"line":125,"column":64}},"26":{"start":{"line":126,"column":25},"end":{"line":126,"column":49}},"27":{"start":{"line":127,"column":25},"end":{"line":127,"column":58}},"28":{"start":{"line":131,"column":8},"end":{"line":131,"column":98}},"29":{"start":{"line":132,"column":8},"end":{"line":132,"column":20}},"30":{"start":{"line":136,"column":8},"end":{"line":136,"column":126}},"31":{"start":{"line":137,"column":8},"end":{"line":137,"column":20}},"32":{"start":{"line":141,"column":8},"end":{"line":143,"column":9}},"33":{"start":{"line":142,"column":12},"end":{"line":142,"column":65}},"34":{"start":{"line":144,"column":8},"end":{"line":144,"column":20}},"35":{"start":{"line":148,"column":8},"end":{"line":148,"column":88}},"36":{"start":{"line":149,"column":8},"end":{"line":149,"column":20}},"37":{"start":{"line":153,"column":8},"end":{"line":153,"column":71}},"38":{"start":{"line":154,"column":8},"end":{"line":154,"column":20}},"39":{"start":{"line":158,"column":8},"end":{"line":158,"column":27}},"40":{"start":{"line":123,"column":0},"end":{"line":123,"column":13}},"41":{"start":{"line":164,"column":12},"end":{"line":164,"column":45}},"42":{"start":{"line":165,"column":12},"end":{"line":173,"column":6}},"43":{"start":{"line":174,"column":21},"end":{"line":174,"column":72}},"44":{"start":{"line":175,"column":21},"end":{"line":175,"column":90}},"45":{"start":{"line":176,"column":21},"end":{"line":176,"column":81}},"46":{"start":{"line":177,"column":12},"end":{"line":177,"column":50}},"47":{"start":{"line":178,"column":12},"end":{"line":178,"column":44}},"48":{"start":{"line":179,"column":12},"end":{"line":179,"column":50}},"49":{"start":{"line":182,"column":8},"end":{"line":182,"column":29}},"50":{"start":{"line":186,"column":8},"end":{"line":186,"column":81}},"51":{"start":{"line":190,"column":8},"end":{"line":190,"column":33}},"52":{"start":{"line":191,"column":8},"end":{"line":191,"column":20}},"53":{"start":{"line":195,"column":8},"end":{"line":195,"column":41}},"54":{"start":{"line":196,"column":8},"end":{"line":196,"column":20}},"55":{"start":{"line":200,"column":8},"end":{"line":200,"column":55}},"56":{"start":{"line":201,"column":8},"end":{"line":201,"column":20}},"57":{"start":{"line":205,"column":8},"end":{"line":205,"column":67}},"58":{"start":{"line":206,"column":8},"end":{"line":206,"column":20}},"59":{"start":{"line":210,"column":29},"end":{"line":210,"column":60}},"60":{"start":{"line":211,"column":8},"end":{"line":211,"column":67}},"61":{"start":{"line":215,"column":29},"end":{"line":215,"column":65}},"62":{"start":{"line":216,"column":8},"end":{"line":216,"column":70}},"63":{"start":{"line":222,"column":22},"end":{"line":222,"column":57}},"64":{"start":{"line":223,"column":23},"end":{"line":223,"column":51}},"65":{"start":{"line":225,"column":8},"end":{"line":227,"column":9}},"66":{"start":{"line":226,"column":12},"end":{"line":226,"column":104}},"67":{"start":{"line":229,"column":23},"end":{"line":229,"column":67}},"68":{"start":{"line":230,"column":8},"end":{"line":233,"column":9}},"69":{"start":{"line":231,"column":12},"end":{"line":231,"column":50}},"70":{"start":{"line":232,"column":12},"end":{"line":232,"column":24}},"71":{"start":{"line":235,"column":28},"end":{"line":235,"column":84}},"72":{"start":{"line":236,"column":24},"end":{"line":236,"column":102}},"73":{"start":{"line":237,"column":8},"end":{"line":237,"column":38}},"74":{"start":{"line":238,"column":8},"end":{"line":238,"column":55}},"75":{"start":{"line":240,"column":8},"end":{"line":245,"column":9}},"76":{"start":{"line":241,"column":12},"end":{"line":244,"column":15}},"77":{"start":{"line":246,"column":8},"end":{"line":246,"column":20}},"78":{"start":{"line":250,"column":8},"end":{"line":254,"column":9}},"79":{"start":{"line":251,"column":12},"end":{"line":253,"column":13}},"80":{"start":{"line":252,"column":16},"end":{"line":252,"column":57}},"81":{"start":{"line":255,"column":8},"end":{"line":255,"column":20}},"82":{"start":{"line":259,"column":54},"end":{"line":259,"column":56}},"83":{"start":{"line":260,"column":8},"end":{"line":272,"column":9}},"84":{"start":{"line":261,"column":12},"end":{"line":263,"column":13}},"85":{"start":{"line":262,"column":16},"end":{"line":262,"column":25}},"86":{"start":{"line":265,"column":33},"end":{"line":265,"column":65}},"87":{"start":{"line":266,"column":12},"end":{"line":269,"column":13}},"88":{"start":{"line":267,"column":16},"end":{"line":267,"column":65}},"89":{"start":{"line":268,"column":16},"end":{"line":268,"column":25}},"90":{"start":{"line":271,"column":12},"end":{"line":271,"column":84}},"91":{"start":{"line":274,"column":8},"end":{"line":278,"column":9}},"92":{"start":{"line":275,"column":12},"end":{"line":277,"column":13}},"93":{"start":{"line":276,"column":16},"end":{"line":276,"column":57}},"94":{"start":{"line":279,"column":8},"end":{"line":279,"column":20}},"95":{"start":{"line":283,"column":8},"end":{"line":283,"column":103}},"96":{"start":{"line":284,"column":8},"end":{"line":284,"column":20}},"97":{"start":{"line":288,"column":27},"end":{"line":288,"column":74}},"98":{"start":{"line":289,"column":8},"end":{"line":297,"column":11}},"99":{"start":{"line":298,"column":8},"end":{"line":298,"column":20}},"100":{"start":{"line":302,"column":8},"end":{"line":304,"column":9}},"101":{"start":{"line":303,"column":12},"end":{"line":303,"column":76}},"102":{"start":{"line":305,"column":8},"end":{"line":305,"column":20}},"103":{"start":{"line":309,"column":8},"end":{"line":309,"column":93}},"104":{"start":{"line":310,"column":8},"end":{"line":310,"column":20}},"105":{"start":{"line":314,"column":8},"end":{"line":314,"column":51}},"106":{"start":{"line":315,"column":8},"end":{"line":315,"column":20}},"107":{"start":{"line":319,"column":31},"end":{"line":319,"column":105}},"108":{"start":{"line":320,"column":22},"end":{"line":320,"column":63}},"109":{"start":{"line":321,"column":23},"end":{"line":321,"column":73}},"110":{"start":{"line":322,"column":24},"end":{"line":322,"column":118}},"111":{"start":{"line":323,"column":8},"end":{"line":323,"column":44}},"112":{"start":{"line":324,"column":8},"end":{"line":324,"column":71}},"113":{"start":{"line":325,"column":8},"end":{"line":325,"column":87}},"114":{"start":{"line":326,"column":8},"end":{"line":326,"column":20}},"115":{"start":{"line":330,"column":8},"end":{"line":334,"column":9}},"116":{"start":{"line":331,"column":12},"end":{"line":333,"column":13}},"117":{"start":{"line":332,"column":16},"end":{"line":332,"column":84}},"118":{"start":{"line":335,"column":8},"end":{"line":335,"column":20}},"119":{"start":{"line":339,"column":8},"end":{"line":339,"column":159}},"120":{"start":{"line":340,"column":8},"end":{"line":340,"column":20}},"121":{"start":{"line":344,"column":31},"end":{"line":344,"column":110}},"122":{"start":{"line":345,"column":27},"end":{"line":345,"column":68}},"123":{"start":{"line":346,"column":8},"end":{"line":354,"column":11}},"124":{"start":{"line":355,"column":8},"end":{"line":355,"column":20}},"125":{"start":{"line":359,"column":8},"end":{"line":359,"column":149}},"126":{"start":{"line":360,"column":8},"end":{"line":360,"column":20}},"127":{"start":{"line":364,"column":8},"end":{"line":366,"column":9}},"128":{"start":{"line":365,"column":12},"end":{"line":365,"column":97}},"129":{"start":{"line":368,"column":8},"end":{"line":370,"column":9}},"130":{"start":{"line":369,"column":12},"end":{"line":369,"column":89}},"131":{"start":{"line":372,"column":8},"end":{"line":377,"column":9}},"132":{"start":{"line":373,"column":12},"end":{"line":373,"column":58}},"133":{"start":{"line":374,"column":12},"end":{"line":374,"column":85}},"134":{"start":{"line":376,"column":12},"end":{"line":376,"column":65}},"135":{"start":{"line":381,"column":29},"end":{"line":381,"column":51}},"136":{"start":{"line":382,"column":30},"end":{"line":382,"column":115}},"137":{"start":{"line":383,"column":27},"end":{"line":383,"column":163}},"138":{"start":{"line":384,"column":24},"end":{"line":384,"column":48}},"139":{"start":{"line":386,"column":8},"end":{"line":394,"column":10}},"140":{"start":{"line":398,"column":8},"end":{"line":398,"column":32}},"141":{"start":{"line":399,"column":8},"end":{"line":399,"column":37}},"142":{"start":{"line":400,"column":8},"end":{"line":400,"column":38}},"143":{"start":{"line":401,"column":8},"end":{"line":401,"column":30}},"144":{"start":{"line":402,"column":8},"end":{"line":402,"column":27}},"145":{"start":{"line":403,"column":8},"end":{"line":403,"column":30}},"146":{"start":{"line":404,"column":8},"end":{"line":404,"column":20}},"147":{"start":{"line":408,"column":20},"end":{"line":408,"column":115}},"148":{"start":{"line":409,"column":8},"end":{"line":411,"column":9}},"149":{"start":{"line":410,"column":12},"end":{"line":410,"column":33}},"150":{"start":{"line":412,"column":8},"end":{"line":412,"column":21}},"151":{"start":{"line":416,"column":8},"end":{"line":416,"column":171}},"152":{"start":{"line":420,"column":8},"end":{"line":426,"column":10}},"153":{"start":{"line":430,"column":8},"end":{"line":435,"column":11}},"154":{"start":{"line":439,"column":50},"end":{"line":444,"column":10}},"155":{"start":{"line":446,"column":8},"end":{"line":451,"column":9}},"156":{"start":{"line":447,"column":12},"end":{"line":450,"column":15}},"157":{"start":{"line":453,"column":8},"end":{"line":455,"column":9}},"158":{"start":{"line":453,"column":73},"end":{"line":453,"column":95}},"159":{"start":{"line":454,"column":12},"end":{"line":454,"column":103}},"160":{"start":{"line":457,"column":8},"end":{"line":465,"column":9}},"161":{"start":{"line":458,"column":12},"end":{"line":464,"column":15}},"162":{"start":{"line":467,"column":8},"end":{"line":473,"column":9}},"163":{"start":{"line":468,"column":12},"end":{"line":472,"column":15}},"164":{"start":{"line":475,"column":8},"end":{"line":483,"column":9}},"165":{"start":{"line":476,"column":27},"end":{"line":476,"column":65}},"166":{"start":{"line":477,"column":12},"end":{"line":482,"column":15}},"167":{"start":{"line":485,"column":8},"end":{"line":489,"column":11}},"168":{"start":{"line":491,"column":8},"end":{"line":491,"column":26}},"169":{"start":{"line":495,"column":44},"end":{"line":495,"column":154}},"170":{"start":{"line":495,"column":108},"end":{"line":495,"column":146}},"171":{"start":{"line":496,"column":33},"end":{"line":496,"column":111}},"172":{"start":{"line":496,"column":73},"end":{"line":496,"column":103}},"173":{"start":{"line":497,"column":32},"end":{"line":497,"column":34}},"174":{"start":{"line":499,"column":8},"end":{"line":503,"column":9}},"175":{"start":{"line":500,"column":12},"end":{"line":500,"column":88}},"176":{"start":{"line":501,"column":15},"end":{"line":503,"column":9}},"177":{"start":{"line":502,"column":12},"end":{"line":502,"column":128}},"178":{"start":{"line":504,"column":8},"end":{"line":506,"column":9}},"179":{"start":{"line":505,"column":12},"end":{"line":505,"column":140}},"180":{"start":{"line":507,"column":8},"end":{"line":509,"column":9}},"181":{"start":{"line":508,"column":12},"end":{"line":508,"column":132}},"182":{"start":{"line":511,"column":8},"end":{"line":520,"column":10}},"183":{"start":{"line":524,"column":8},"end":{"line":524,"column":93}},"184":{"start":{"line":524,"column":40},"end":{"line":524,"column":90}},"185":{"start":{"line":528,"column":37},"end":{"line":528,"column":39}},"186":{"start":{"line":530,"column":8},"end":{"line":532,"column":9}},"187":{"start":{"line":531,"column":12},"end":{"line":531,"column":99}},"188":{"start":{"line":534,"column":8},"end":{"line":536,"column":9}},"189":{"start":{"line":535,"column":12},"end":{"line":535,"column":155}},"190":{"start":{"line":538,"column":8},"end":{"line":540,"column":9}},"191":{"start":{"line":539,"column":12},"end":{"line":539,"column":126}},"192":{"start":{"line":542,"column":8},"end":{"line":544,"column":9}},"193":{"start":{"line":543,"column":12},"end":{"line":543,"column":155}},"194":{"start":{"line":546,"column":8},"end":{"line":548,"column":9}},"195":{"start":{"line":547,"column":12},"end":{"line":547,"column":129}},"196":{"start":{"line":552,"column":60},"end":{"line":552,"column":62}},"197":{"start":{"line":553,"column":8},"end":{"line":555,"column":9}},"198":{"start":{"line":554,"column":12},"end":{"line":554,"column":56}},"199":{"start":{"line":557,"column":24},"end":{"line":565,"column":10}},"200":{"start":{"line":567,"column":8},"end":{"line":567,"column":21}},"201":{"start":{"line":568
[...]
start":{"line":1275,"column":57},"end":{"line":1275,"column":86}},{"start":{"line":1275,"column":89},"end":{"line":1275,"column":156}}]},"380":{"loc":{"start":{"line":1275,"column":15},"end":{"line":1275,"column":40}},"type":"cond-expr","locations":[{"start":{"line":1275,"column":34},"end":{"line":1275,"column":36}},{"start":{"line":1275,"column":34},"end":{"line":1275,"column":40}}]},"381":{"loc":{"start":{"line":1275,"column":15},"end":{"line":1275,"column":36}},"type":"binary-expr","locations":[{"start":{"line":1275,"column":15},"end":{"line":1275,"column":36}},{"start":{"line":1275,"column":34},"end":{"line":1275,"column":36}}]},"382":{"loc":{"start":{"line":1275,"column":89},"end":{"line":1275,"column":156}},"type":"cond-expr","locations":[{"start":{"line":1275,"column":124},"end":{"line":1275,"column":144}},{"start":{"line":1275,"column":147},"end":{"line":1275,"column":156}}]},"383":{"loc":{"start":{"line":1279,"column":32},"end":{"line":1279,"column":50}},"type":"cond-expr","locations":[{"start":{"line":1279,"column":44},"end":{"line":1279,"column":46}},{"start":{"line":1279,"column":44},"end":{"line":1279,"column":50}}]},"384":{"loc":{"start":{"line":1279,"column":32},"end":{"line":1279,"column":46}},"type":"binary-expr","locations":[{"start":{"line":1279,"column":32},"end":{"line":1279,"column":46}},{"start":{"line":1279,"column":44},"end":{"line":1279,"column":46}}]},"385":{"loc":{"start":{"line":1295,"column":12},"end":{"line":1295,"column":113}},"type":"if","locations":[{"start":{"line":1295,"column":12},"end":{"line":1295,"column":113}}]},"386":{"loc":{"start":{"line":1295,"column":16},"end":{"line":1295,"column":94}},"type":"binary-expr","locations":[{"start":{"line":1295,"column":16},"end":{"line":1295,"column":45}},{"start":{"line":1295,"column":49},"end":{"line":1295,"column":76}},{"start":{"line":1295,"column":80},"end":{"line":1295,"column":94}}]},"387":{"loc":{"start":{"line":1296,"column":12},"end":{"line":1296,"column":164}},"type":"if","locations":[{"start":{"line":1296,"column":12},"end":{"line":1296,"column":164}}]},"388":{"loc":{"start":{"line":1296,"column":16},"end":{"line":1296,"column":137}},"type":"binary-expr","locations":[{"start":{"line":1296,"column":16},"end":{"line":1296,"column":45}},{"start":{"line":1296,"column":49},"end":{"line":1296,"column":72}},{"start":{"line":1296,"column":76},"end":{"line":1296,"column":111}},{"start":{"line":1296,"column":115},"end":{"line":1296,"column":137}}]},"389":{"loc":{"start":{"line":1312,"column":8},"end":{"line":1312,"column":48}},"type":"if","locations":[{"start":{"line":1312,"column":8},"end":{"line":1312,"column":48}}]},"390":{"loc":{"start":{"line":1322,"column":12},"end":{"line":1322,"column":58}},"type":"if","locations":[{"start":{"line":1322,"column":12},"end":{"line":1322,"column":58}}]},"391":{"loc":{"start":{"line":1328,"column":15},"end":{"line":1328,"column":104}},"type":"binary-expr","locations":[{"start":{"line":1328,"column":15},"end":{"line":1328,"column":70}},{"start":{"line":1328,"column":74},"end":{"line":1328,"column":104}}]},"392":{"loc":{"start":{"line":1328,"column":16},"end":{"line":1328,"column":57}},"type":"cond-expr","locations":[{"start":{"line":1328,"column":35},"end":{"line":1328,"column":39}},{"start":{"line":1328,"column":39},"end":{"line":1328,"column":57}}]},"393":{"loc":{"start":{"line":1328,"column":16},"end":{"line":1328,"column":39}},"type":"binary-expr","locations":[{"start":{"line":1328,"column":16},"end":{"line":1328,"column":39}},{"start":{"line":1328,"column":35},"end":{"line":1328,"column":39}}]},"394":{"loc":{"start":{"line":1336,"column":8},"end":{"line":1336,"column":60}},"type":"if","locations":[{"start":{"line":1336,"column":8},"end":{"line":1336,"column":60}}]},"395":{"loc":{"start":{"line":1337,"column":8},"end":{"line":1337,"column":50}},"type":"if","locations":[{"start":{"line":1337,"column":8},"end":{"line":1337,"column":50}}]},"396":{"loc":{"start":{"line":1347,"column":48},"end":{"line":1347,"column":66}},"type":"cond-expr","locations":[{"start":{"line":1347,"column":60},"end":{"line":1347,"column":62}},{"start":{"line":1347,"column":60},"end":{"line":1347,"column":66}}]},"397":{"loc":{"start":{"line":1347,"column":48},"end":{"line":1347,"column":62}},"type":"binary-expr","locations":[{"start":{"line":1347,"column":48},"end":{"line":1347,"column":62}},{"start":{"line":1347,"column":60},"end":{"line":1347,"column":62}}]},"398":{"loc":{"start":{"line":1348,"column":12},"end":{"line":1350,"column":13}},"type":"if","locations":[{"start":{"line":1348,"column":12},"end":{"line":1350,"column":13}}]},"399":{"loc":{"start":{"line":1348,"column":47},"end":{"line":1348,"column":264}},"type":"binary-expr","locations":[{"start":{"line":1348,"column":47},"end":{"line":1348,"column":76}},{"start":{"line":1348,"column":80},"end":{"line":1348,"column":130}},{"start":{"line":1348,"column":134},"end":{"line":1348,"column":196}},{"start":{"line":1348,"column":200},"end":{"line":1348,"column":264}}]},"400":{"loc":{"start":{"line":1364,"column":73},"end":{"line":1364,"column":84}},"type":"default-arg","locations":[{"start":{"line":1364,"column":82},"end":{"line":1364,"column":84}}]},"401":{"loc":{"start":{"line":1367,"column":28},"end":{"line":1367,"column":61}},"type":"cond-expr","locations":[{"start":{"line":1367,"column":37},"end":{"line":1367,"column":55}},{"start":{"line":1367,"column":58},"end":{"line":1367,"column":61}}]},"402":{"loc":{"start":{"line":1368,"column":12},"end":{"line":1371,"column":13}},"type":"if","locations":[{"start":{"line":1368,"column":12},"end":{"line":1371,"column":13}}]},"403":{"loc":{"start":{"line":1368,"column":16},"end":{"line":1368,"column":75}},"type":"binary-expr","locations":[{"start":{"line":1368,"column":16},"end":{"line":1368,"column":21}},{"start":{"line":1368,"column":25},"end":{"line":1368,"column":50}},{"start":{"line":1368,"column":54},"end":{"line":1368,"column":75}}]},"404":{"loc":{"start":{"line":1382,"column":8},"end":{"line":1384,"column":9}},"type":"if","locations":[{"start":{"line":1382,"column":8},"end":{"line":1384,"column":9}}]}},"s":{"0":4,"1":4,"2":23,"3":21,"4":4,"5":73,"6":10,"7":1,"8":1,"9":1,"10":1,"11":1,"12":1,"13":1,"14":1,"15":2,"16":8,"17":8,"18":8,"19":7,"20":6,"21":2,"22":2,"23":7,"24":4,"25":5,"26":5,"27":5,"28":3,"29":3,"30":1,"31":1,"32":1,"33":2,"34":1,"35":1,"36":1,"37":1,"38":1,"39":5,"40":4,"41":174,"42":174,"43":174,"44":174,"45":174,"46":174,"47":174,"48":174,"49":174,"50":174,"51":171,"52":171,"53":2,"54":2,"55":8,"56":8,"57":1,"58":1,"59":10,"60":8,"61":6,"62":5,"63":116,"64":106,"65":106,"66":1,"67":105,"68":92,"69":59,"70":59,"71":33,"72":32,"73":32,"74":32,"75":32,"76":6,"77":32,"78":2,"79":4,"80":3,"81":2,"82":33,"83":33,"84":35,"85":1,"86":34,"87":34,"88":10,"89":6,"90":24,"91":20,"92":9,"93":9,"94":20,"95":10,"96":9,"97":6,"98":6,"99":6,"100":1,"101":2,"102":1,"103":3,"104":3,"105":9,"106":9,"107":12,"108":11,"109":11,"110":11,"111":11,"112":11,"113":11,"114":11,"115":3,"116":5,"117":5,"118":3,"119":4,"120":4,"121":3,"122":3,"123":3,"124":3,"125":2,"126":2,"127":25,"128":1,"129":24,"130":1,"131":23,"132":23,"133":22,"134":4,"135":107,"136":107,"137":107,"138":107,"139":107,"140":20,"141":20,"142":20,"143":20,"144":20,"145":20,"146":20,"147":135,"148":135,"149":45,"150":135,"151":124,"152":107,"153":31,"154":71,"155":71,"156":3,"157":71,"158":3,"159":9,"160":71,"161":27,"162":71,"163":5,"164":71,"165":37,"166":37,"167":71,"168":71,"169":107,"170":37,"171":107,"172":27,"173":107,"174":107,"175":31,"176":76,"177":71,"178":107,"179":11,"180":107,"181":12,"182":107,"183":103,"184":120,"185":27,"186":27,"187":2,"188":27,"189":1,"190":27,"191":1,"192":27,"193":1,"194":27,"195":5,"196":10,"197":10,"198":12,"199":10,"200":9,"201":9,"202":12,"203":11,"204":11,"205":2,"206":2,"207":11,"208":1,"209":2,"210":2,"211":11,"212":3,"213":2,"214":10,"215":1,"216":1,"217":10,"218":6,"219":6,"220":10,"221":10,"222":10,"223":3,"224":3,"225":1,"226":2,"227":2,"228":1,"229":1,"230":2,"231":6,"232":6,"233":6,"234":1,"235":1,"236":1,"237":6,"238":6,"239":6,"240":6,"241":2,"242":2,"243":2,"244":4,"245":1,"246":1,"247":19,"248":22,"249":21,"250":28,"251":28,"252":1,"253":27,"254":9,"255":12,"256":12,"257":12,"258":10,"259":2,"260":1,"261":1,"262":1,"263":8,"264":1,"265":7,"266":7,"267":5,"268":5,"269":1,"270":5,"271":2,"272":5,"273":5,"274":1,"275":4,"276":1,"277":1,"278":3,"279":3,"280":1,"281":2,"282":16,"283":16,"284":1,"285":15,"286":10,"287":9,"288":1,"289":8,"290":6,"291":6,"292":1,"293":5,"294":27,"295":27,"296":1,"297":26,"298":26,"299":23,"300":3,"301":8,"302":2,"303":1,"304":11,"305":11,"306":1,"307":180,"308":180,"309":176,"310":1,"311":175,"312":1,"313":174,"314":1,"315":173,"316":170,"317":169,"318":169,"319":107,"320":62,"321":3,"322":1,"323":3,"324":4,"325":4,"326":2,"327":4,"328":51,"329":11,"330":11,"331":1,"332":10,"333":10,"334":1,"335":1,"336":0,"337":1,"338":9,"339":9,"340":9,"341":0,"342":9,"343":155,"344":142,"345":142,"346":154,"347":1,"348":153,"349":3,"350":1,"351":2,"352":1,"353":1,"354":1,"355":150,"356":21,"357":26,"358":3,"359":2,"360":98,"361":173,"362":173,"363":135,"364":38,"365":1,"366":37,"367":37,"368":2,"369":2,"370":2,"371":1,"372":1,"373":1,"374":1,"375":36,"376":2,"377":2,"378":2,"379":1,"380":155,"381":155,"382":0,"383":155,"384":2,"385":1,"386":1,"387":153,"388":120,"389":33,"390":3,"391":1,"392":32,"393":18,"394":1,"395":17,"396":1,"397":16,"398":1,"399":29,"400":29,"401":7,"402":1,"403":6,"404":1,"405":5,"406":1,"407":4,"408":4,"409":1,"410":3,"411":4,"412":1,"413":3,"414":3,"415":1,"416":2,"417":5,"418":1,"419":4,"420":2,"421":1,"422":1,"423":4,"424":470,"425":470,"426":375,"427":95,"428":95,"429":95,"430":4,"431":91,"432":4,"433":87,"434":20,"435":20,"436":23,"437":23,"438":21,"439":21,"440":2,"441":1,"442":3,"443":1,"444":1,"445":1,"446":1,"447":1,"448":20,"449":35,"450":35,"451":43,"452":43,"453":43,"454":43,"455":22,"456":22,"457":21,"458":14,"459":13,"460":11,"461":5,"462":2,"463":2,"464":1,"465":1,"466":1,"467":1,"468":7,"469":2,"470":1,"471":5,"472":1,"473":1,"474":4,"475":1,"476":25,"477":7,"478":11,"479":11,"480":1,"481":10,"482":7,"483":1,"484":6,"485":6,"486":6,"487":6,"488":10,"489":10,"490":2,"491":1,"492":1,"493":8,"494":2,"495":6,"496":5,"497":0,"498":5,"499":10,"500":10,"501":3,"502":7,"503":6,"504":1,"505":5,"506":5,"507":1,"508":4,"509":4,"510":1,"511":3,"512":14,"513":14,"514":36,"515":36,"516":18,"517":18,"518":18,"519":18,"520":14,"521":1,"522":13,"523":7,"524":7,"525":19,"526":19,"527":7,"528":7,"529":7,"530":1,"531":6,"532":4,"533":8,"534":8,"535":4,"536":4,"537":4,"538":4,"539":2,"540":3,"541":1,"542":8,"543":8,"544":4,"545":4,"546":0,"547":4,"548":36,"549":29,"550":58,"551":25,"552":25,"553":25,"554":108,"555":10,"556":31,"557":31,"558":3,"559":28,"560":0,"561":7,"562":6,"563":6,"564":6,"565":6,"566":6,"567":6,"568":5,"569":5,"570":3,"571":2,"572":2,"573":7,"574":8,"575":1,"576":7,"577":5,"578":4,"579":43,"580":12,"581":31,"582":0,"583":31,"584":31,"585":79,"586":158,"587":79,"588":37,"589":10,"590":21,"591":58,"592":58,"593":13,"594":13,"595":18,"596":18,"597":1,"598":1,"599":17,"600":13,"601":133,"602":20,"603":37,"604":1,"605":36,"606":4,"607":174},"f":{"0":23,"1":21,"2":4,"3":73,"4":10,"5":8,"6":7,"7":2,"8":7,"9":5,"10":3,"11":1,"12":1,"13":1,"14":1,"15":5,"16":174,"17":174,"18":171,"19":2,"20":8,"21":1,"22":10,"23":6,"24":116,"25":2,"26":33,"27":10,"28":6,"29":1,"30":3,"31":9,"32":12,"33":3,"34":4,"35":3,"36":2,"37":25,"38":107,"39":20,"40":135,"41":124,"42":107,"43":31,"44":71,"45":3,"46":107,"47":37,"48":27,"49":103,"50":120,"51":27,"52":10,"53":12,"54":1,"55":3,"56":1,"57":6,"58":2,"59":19,"60":22,"61":28,"62":9,"63":12,"64":10,"65":7,"66":5,"67":16,"68":10,"69":6,"70":27,"71":11,"72":180,"73":169,"74":11,"75":155,"76":154,"77":173,"78":155,"79":3,"80":470,"81":20,"82":3,"83":35,"84":2,"85":7,"86":11,"87":11,"88":10,"89":14,"90":18,"91":7,"92":7,"93":4,"94":2,"95":8,"96":36,"97":29,"98":58,"99":25,"100":108,"101":10,"102":6,"103":5,"104":7,"105":8,"106":5,"107":4,"108":43,"109":158,"110":37,"111":58,"112":58,"113":13,"114":133,"115":20,"116":37,"117":174},"b":{"0":[4,0],"1":[73,72,39],"2":[1,1,1,1,1,1,1,1,2],"3":[1],"4":[44,62],"5":[106,106],"6":[1],"7":[59],"8":[3,29],"9":[32,32],"10":[6],"11":[32,11,10],"12":[3],"13":[1],"14":[24,10],"15":[34,34],"16":[10],"17":[9],"18":[6,0],"19":[6,6],"20":[3,8],"21":[11,11],"22":[5],"23":[3,0],"24":[3,3],"25":[1],"26":[1],"27":[10,12],"28":[5,102],"29":[31,71],"30":[31,76],"31":[71,5],"32":[106,1],"33":[107,106],"34":[124,46,41,41,41],"35":[31,0],"36":[31,31],"37":[71,0],"38":[71,71],"39":[3],"40":[12,15],"41":[12,15],"42":[11,26],"43":[31,76],"44":[71],"45":[11],"46":[12],"47":[5,102],"48":[31,71],"49":[71,36],"50":[71,36],"51":[31,76],"52":[2],"53":[27,2,2],"54":[1],"55":[1],"56":[27,1],"57":[1],"58":[27,1],"59":[5],"60":[2,1],"61":[1],"62":[1],"63":[6,2],"64":[1],"65":[1],"66":[28,28],"67":[28,0],"68":[28,28],"69":[2],"70":[1],"71":[1],"72":[5,2],"73":[7,7],"74":[1,4],"75":[5,5],"76":[1,4],"77":[5,5],"78":[4,1],"79":[5,5],"80":[1],"81":[1],"82":[1,2],"83":[3,3],"84":[2,0],"85":[1],"86":[3,3],"87":[1,15],"88":[16,16],"89":[1],"90":[1],"91":[1],"92":[26,1],"93":[27,27],"94":[1],"95":[23],"96":[2],"97":[8,4,2],"98":[0,2],"99":[2,2],"100":[1,10],"101":[11,11],"102":[10,1],"103":[11,11],"104":[1],"105":[11,10,1,1],"106":[169,11],"107":[1],"108":[1],"109":[175,3,3],"110":[172,3],"111":[175,175],"112":[1],"113":[107],"114":[1,2,3,1,3,4,51],"115":[1,2],"116":[3,0],"117":[3,3],"118":[3,0],"119":[3,3],"120":[1,2],"121":[3,3],"122":[1,3],"123":[4,4],"124":[1,3],"125":[4,4],"126":[0,4],"127":[4,4],"128":[4,1],"129":[3,1],"130":[4,4],"131":[2],"132":[4,3],"133":[51,0],"134":[51,51],"135":[51,0],"136":[51,51],"137":[0,51],"138":[51,51],"139":[1],"140":[0,10],"141":[10,10],"142":[9,1],"143":[10,10],"144":[1],"145":[10,1],"146":[9,1],"147":[10,10],"148":[1,0],"149":[1,1],"150":[0,1],"151":[1,1],"152":[0,1],"153":[1,1],"154":[0,1],"155":[1,1],"156":[0,0],"157":[0,0],"158":[0,0],"159":[0,0],"160":[0,0],"161":[0,0],"162":[0],"163":[0],"164":[9,0],"165":[9,0],"166":[9,9],"167":[9,0],"168":[9,9],"169":[0,9],"170":[9,9],"171":[0,0],"172":[0,0],"173":[0],"174":[0,9],"175":[0,9],"176":[0,9],"177":[9,9],"178":[130,12],"179":[142,142],"180":[1],"181":[154,154],"182":[3],"183":[153,4],"184":[132,21],"185":[153,153],"186":[1],"187":[1],"188":[1],"189":[2,21,25,26,3,3,2,98],"190":[20,1],"191":[25,1],"192":[1,2],"193":[2,1],"194":[1,1],"195":[135],"196":[1],"197":[13,24],"198":[37,37],"199":[2],"200":[0,2],"201":[2,2],"202":[0,2],"203":[2,2],"204":[1],"205":[0,2],"206":[2,2],"207":[0,1],"208":[1,1],"209":[1],"210":[1,1],"211":[2],"212":[0,2],"213":[2,2],"214":[0,2],"215":[2,2],"216":[1],"217":[0,2],"218":[2,2],"219":[0],"220":[2],"221":[1],"222":[2,1],"223":[0,2],"224":[2,2],"225":[120],"226":[153,33],"227":[120,33],"228":[153,153],"229":[1],"230":[33,2],"231":[31,2],"232":[33,33],"233":[3,2],"234":[18],"235":[1],"236":[18,2],"237":[1],"238":[17,1],"239":[1],"240":[16,1],"241":[29,4,3,2],"242":[1,6,7,4,3,4,3,5,2,2,2,4],"243":[1],"244":[7,2,2,2],"245":[1],"246":[6,3],"247":[1],"248":[5,2],"249":[1],"250":[4,3],"251":[1],"252":[4,4,4,4],"253":[1],"254":[1],"255":[5,5,4],"256":[1],"257":[2,1],"258":[375],"259":[33,62],"260":[95,95],"261":[35,60],"262":[95,95],"263":[4],"264":[95,4],"265":[4,0],"266":[4,4],"267":[3,1],"268":[4,4],"269":[3,1],"270":[4,4],"271":[1,3],"272":[4,4],"273":[0,4],"274":[4,4],"275":[0,4],"276":[4,4],"277":[1,0],"278":[1,1],"279":[0,1],"280":[1,1],"281":[0,1],"282":[1,1],"283":[0,1],"284":[1,1],"285":[0,0],"286":[0,0],"287":[4],"288":[91,4],"289":[4,0],"290":[4,4],"291":[3,1],"292":[4,4],"293":[3,1],"294":[4,4],"295":[1,3],"296":[4,4],"297":[0,4],"298":[4,4],"299":[0,4],"300":[4,4],"301":[1,0],"302":[1,1],"303":[0,1],"304":[1,1],"305":[0,1],"306":[1,1],"307":[0,1],"308":[1,1],"309":[0,0],"310":[0,0],"311":[87,0],"312":[87,87],"313":[0,87],"314":[87,87],"315":[0,0],"316":[0,0],"317":[19],"318":[1,22],"319":[21],"320":[1],"321":[2,2,1],"322":[1],"323":[1],"324":[26],"325":[26],"326":[15,28],"327":[15,28],"328":[22],"329":[14],"330":[11],"331":[1,1],"332":[1],"333":[2],"334":[1],"335":[1],"336":[4,3],"337":[7,7],"338":[1],"339":[1],"340":[2],"341":[10,8],"342":[10,0],"343":[10,10],"344":[1],"345":[2],"346":[8,5],"347":[0],"348":[2,3],"349":[3],"350":[1],"351":[1],"352":[1],"353":[3,0],"354":[3,3],"355":[18],"356":[18],"357":[1],"358":[7],"359":[19,12,12,7],"360":[7,12],"361":[19,19],"362":[1],"363":[4],"364":[8,4],"365":[4,0],"366":[4,4],"367":[3],"368":[4,4,2,2],"369":[2,1],"370":[4],"371":[4,4],"372":[8,8],"373":[4,0],"374":[4,4],"375":[4,0],"376":[4,4],"377":[0],"378":[4,0],"379":[18,18],"380":[12,24],"381":[36,36],"382":[0,18],"383":[29,0],"384":[29,29],"385":[3],"386":[31,3,3],"387":[0],"388":[28,0,0,0],"389":[3],"390":[1],"391":[5,3],"392":[5,0],"393":[5,5],"394":[12],"395":[0],"396":[79,0],"397":[79,79],"398":[10],"399":[37,27,27,27],"400":[12],"401":[1,17],"402":[1],"403":[18,18,1],"404":[1]}}
,"C:\\src\\netsuite-repository\\src\\types.ts": {"path":"C:\\src\\netsuite-repository\\src\\types.ts","statementMap":{"0":{"start":{"line":440,"column":0},"end":{"line":440,"column":16}},"1":{"start":{"line":444,"column":0},"end":{"line":444,"column":16}},"2":{"start":{"line":452,"column":0},"end":{"line":452,"column":16}},"3":{"start":{"line":441,"column":4},"end":{"line":441,"column":40}},"4":{"start":{"line":445,"column":59},"end":{"line":445,"column":61}},"5":{"start":{"line":446,"column":4},"end":{"line":448,"column":5}},"6":{"start":{"line":447,"column":8},"end":{"line":447,"column":49}},"7":{"start":{"line":449,"column":4},"end":{"line":449,"column":33}},"8":{"start":{"line":453,"column":4},"end":{"line":453,"column":51}},"9":{"start":{"line":453,"column":38},"end":{"line":453,"column":51}},"10":{"start":{"line":454,"column":4},"end":{"line":458,"column":6}},"11":{"start":{"line":462,"column":4},"end":{"line":462,"column":125}}},"fnMap":{"0":{"name":"defineQueryConfig","decl":{"start":{"line":440,"column":16},"end":{"line":440,"column":33}},"loc":{"start":{"line":440,"column":145},"end":{"line":442,"column":1}}},"1":{"name":"normalizeQueryConfig","decl":{"start":{"line":444,"column":16},"end":{"line":444,"column":36}},"loc":{"start":{"line":444,"column":148},"end":{"line":450,"column":1}}},"2":{"name":"normalizeQueryField","decl":{"start":{"line":452,"column":16},"end":{"line":452,"column":35}},"loc":{"start":{"line":452,"column":93},"end":{"line":459,"column":1}}},"3":{"name":"isQueryFieldSections","decl":{"start":{"line":461,"column":9},"end":{"line":461,"column":29}},"loc":{"start":{"line":461,"column":77},"end":{"line":463,"column":1}}}},"branchMap":{"0":{"loc":{"start":{"line":453,"column":4},"end":{"line":453,"column":51}},"type":"if","locations":[{"start":{"line":453,"column":4},"end":{"line":453,"column":51}}]},"1":{"loc":{"start":{"line":456,"column":12},"end":{"line":456,"column":30}},"type":"binary-expr","locations":[{"start":{"line":456,"column":12},"end":{"line":456,"column":24}},{"start":{"line":456,"column":28},"end":{"line":456,"column":30}}]},"2":{"loc":{"start":{"line":457,"column":12},"end":{"line":457,"column":30}},"type":"binary-expr","locations":[{"start":{"line":457,"column":12},"end":{"line":457,"column":24}},{"start":{"line":457,"column":28},"end":{"line":457,"column":30}}]},"3":{"loc":{"start":{"line":462,"column":19},"end":{"line":462,"column":123}},"type":"binary-expr","locations":[{"start":{"line":462,"column":19},"end":{"line":462,"column":24}},{"start":{"line":462,"column":28},"end":{"line":462,"column":53}},{"start":{"line":462,"column":57},"end":{"line":462,"column":73}},{"start":{"line":462,"column":77},"end":{"line":462,"column":88}},{"start":{"line":462,"column":92},"end":{"line":462,"column":123}}]}},"s":{"0":7,"1":7,"2":7,"3":112,"4":437,"5":437,"6":1613,"7":437,"8":1618,"9":1612,"10":6,"11":1618},"f":{"0":112,"1":437,"2":1618,"3":1618},"b":{"0":[1612],"1":[6,1],"2":[6,3],"3":[1618,1618,1618,6,6]}}
}
