TN:
SF:src\context.ts
FN:9,(anonymous_0)
FN:13,(anonymous_1)
FN:17,(anonymous_2)
FN:21,(anonymous_3)
FN:25,(anonymous_4)
FN:29,(anonymous_5)
FN:33,(anonymous_6)
FN:37,(anonymous_7)
FN:41,(anonymous_8)
FN:45,(anonymous_9)
FN:49,(anonymous_10)
FN:53,(anonymous_11)
FN:70,(anonymous_12)
FN:74,(anonymous_13)
FN:82,(anonymous_14)
FN:86,(anonymous_15)
FN:94,(anonymous_16)
FN:105,createNetSuiteContext
FNF:18
FNH:18
FNDA:36,(anonymous_0)
FNDA:3,(anonymous_1)
FNDA:2,(anonymous_2)
FNDA:9,(anonymous_3)
FNDA:2,(anonymous_4)
FNDA:2,(anonymous_5)
FNDA:1,(anonymous_6)
FNDA:3,(anonymous_7)
FNDA:3,(anonymous_8)
FNDA:1,(anonymous_9)
FNDA:2,(anonymous_10)
FNDA:3,(anonymous_11)
FNDA:12,(anonymous_12)
FNDA:4,(anonymous_13)
FNDA:2,(anonymous_14)
FNDA:2,(anonymous_15)
FNDA:12,(anonymous_16)
FNDA:5,createNetSuiteContext
DA:1,2
DA:3,2
DA:4,2
DA:6,2
DA:10,36
DA:14,3
DA:18,2
DA:22,9
DA:26,2
DA:30,2
DA:34,1
DA:38,3
DA:42,3
DA:46,1
DA:50,2
DA:54,3
DA:55,3
DA:56,2
DA:59,1
DA:67,2
DA:70,12
DA:71,12
DA:75,4
DA:76,4
DA:77,1
DA:79,3
DA:83,2
DA:87,2
DA:88,2
DA:89,1
DA:91,1
DA:95,12
DA:96,12
DA:97,23
DA:99,12
DA:105,2
DA:106,5
DA:107,5
DA:108,9
DA:115,5
LF:40
LH:40
BRDA:55,0,0,2
BRDA:76,1,0,1
BRDA:88,2,0,1
BRF:3
BRH:3
end_of_record
TN:
SF:src\index.ts
FN:12,repository
FN:15,update
FN:22,(anonymous_6)
FNF:3
FNH:3
FNDA:4,repository
FNDA:3,update
FNDA:1,(anonymous_6)
DA:1,1
DA:2,1
DA:3,1
DA:4,1
DA:8,1
DA:9,1
DA:10,1
DA:12,1
DA:16,3
DA:17,3
DA:18,3
DA:21,4
DA:22,1
DA:27,1
LF:14
LH:14
BRDA:17,0,0,1
BRDA:18,1,0,1
BRDA:18,1,1,2
BRF:3
BRH:3
end_of_record
TN:
SF:src\query.ts
FN:30,getNsQuery
FN:43,(anonymous_1)
FN:47,(anonymous_2)
FN:51,(anonymous_3)
FN:63,(anonymous_4)
FN:68,(anonymous_5)
FN:73,(anonymous_6)
FN:77,(anonymous_7)
FN:81,(anonymous_8)
FN:86,(anonymous_9)
FN:91,(anonymous_10)
FN:95,(anonymous_11)
FN:99,(anonymous_12)
FN:103,(anonymous_13)
FN:107,(anonymous_14)
FN:111,(anonymous_15)
FN:115,(anonymous_16)
FN:119,(anonymous_17)
FN:124,(anonymous_18)
FN:128,(anonymous_19)
FN:132,(anonymous_20)
FN:137,(anonymous_21)
FN:142,(anonymous_22)
FN:150,(anonymous_23)
FN:175,(anonymous_24)
FN:187,(anonymous_25)
FN:191,(anonymous_26)
FN:196,(anonymous_27)
FN:205,(anonymous_28)
FN:213,(anonymous_29)
FN:221,(anonymous_30)
FN:233,(anonymous_31)
FN:243,(anonymous_32)
FN:246,(anonymous_33)
FN:249,(anonymous_34)
FN:258,(anonymous_35)
FN:261,(anonymous_36)
FN:264,(anonymous_37)
FN:275,(anonymous_38)
FN:284,(anonymous_39)
FN:295,(anonymous_40)
FN:311,(anonymous_41)
FN:321,(anonymous_42)
FN:322,(anonymous_43)
FN:333,(anonymous_44)
FN:346,(anonymous_45)
FN:351,(anonymous_46)
FN:358,(anonymous_47)
FN:360,(anonymous_48)
FN:363,(anonymous_49)
FN:364,(anonymous_50)
FN:372,(anonymous_51)
FN:373,(anonymous_52)
FN:376,(anonymous_53)
FN:377,(anonymous_54)
FN:380,(anonymous_55)
FN:388,(anonymous_56)
FN:389,(anonymous_57)
FN:392,(anonymous_58)
FN:403,(anonymous_59)
FN:412,(anonymous_60)
FN:423,(anonymous_61)
FN:426,(anonymous_62)
FN:452,(anonymous_63)
FN:457,(anonymous_64)
FN:465,(anonymous_65)
FN:486,(anonymous_66)
FN:490,(anonymous_67)
FN:506,(anonymous_68)
FN:516,(anonymous_69)
FN:527,query
FN:531,runQuery
FNF:72
FNH:72
FNDA:29,getNsQuery
FNDA:116,(anonymous_1)
FNDA:113,(anonymous_2)
FNDA:2,(anonymous_3)
FNDA:1,(anonymous_4)
FNDA:1,(anonymous_5)
FNDA:31,(anonymous_6)
FNDA:2,(anonymous_7)
FNDA:1,(anonymous_8)
FNDA:1,(anonymous_9)
FNDA:3,(anonymous_10)
FNDA:2,(anonymous_11)
FNDA:1,(anonymous_12)
FNDA:1,(anonymous_13)
FNDA:3,(anonymous_14)
FNDA:2,(anonymous_15)
FNDA:1,(anonymous_16)
FNDA:3,(anonymous_17)
FNDA:1,(anonymous_18)
FNDA:1,(anonymous_19)
FNDA:7,(anonymous_20)
FNDA:3,(anonymous_21)
FNDA:2,(anonymous_22)
FNDA:87,(anonymous_23)
FNDA:21,(anonymous_24)
FNDA:4,(anonymous_25)
FNDA:14,(anonymous_26)
FNDA:2,(anonymous_27)
FNDA:3,(anonymous_28)
FNDA:7,(anonymous_29)
FNDA:3,(anonymous_30)
FNDA:3,(anonymous_31)
FNDA:4,(anonymous_32)
FNDA:4,(anonymous_33)
FNDA:26,(anonymous_34)
FNDA:16,(anonymous_35)
FNDA:2,(anonymous_36)
FNDA:33,(anonymous_37)
FNDA:3,(anonymous_38)
FNDA:3,(anonymous_39)
FNDA:36,(anonymous_40)
FNDA:5,(anonymous_41)
FNDA:87,(anonymous_42)
FNDA:386,(anonymous_43)
FNDA:87,(anonymous_44)
FNDA:87,(anonymous_45)
FNDA:381,(anonymous_46)
FNDA:92,(anonymous_47)
FNDA:15,(anonymous_48)
FNDA:15,(anonymous_49)
FNDA:23,(anonymous_50)
FNDA:92,(anonymous_51)
FNDA:32,(anonymous_52)
FNDA:86,(anonymous_53)
FNDA:3,(anonymous_54)
FNDA:35,(anonymous_55)
FNDA:94,(anonymous_56)
FNDA:35,(anonymous_57)
FNDA:22,(anonymous_58)
FNDA:22,(anonymous_59)
FNDA:6,(anonymous_60)
FNDA:6,(anonymous_61)
FNDA:6,(anonymous_62)
FNDA:22,(anonymous_63)
FNDA:25,(anonymous_64)
FNDA:10,(anonymous_65)
FNDA:111,(anonymous_66)
FNDA:96,(anonymous_67)
FNDA:15,(anonymous_68)
FNDA:4,(anonymous_69)
FNDA:12,query
FNDA:1,runQuery
DA:2,4
DA:31,29
DA:34,4
DA:36,116
DA:37,116
DA:38,116
DA:41,116
DA:44,116
DA:48,113
DA:52,2
DA:53,2
DA:56,2
DA:57,2
DA:60,2
DA:64,1
DA:65,1
DA:69,1
DA:70,1
DA:74,31
DA:78,2
DA:82,1
DA:83,1
DA:87,1
DA:88,1
DA:92,3
DA:96,2
DA:100,1
DA:104,1
DA:108,3
DA:112,2
DA:116,1
DA:120,3
DA:121,3
DA:125,1
DA:129,1
DA:133,7
DA:134,7
DA:138,3
DA:139,3
DA:143,2
DA:144,2
DA:145,2
DA:146,2
DA:147,2
DA:151,87
DA:152,87
DA:153,87
DA:154,87
DA:156,87
DA:157,86
DA:158,86
DA:160,86
DA:161,23
DA:164,86
DA:165,3
DA:168,86
DA:176,21
DA:177,21
DA:181,21
DA:182,21
DA:184,21
DA:188,4
DA:192,14
DA:193,14
DA:197,2
DA:198,2
DA:206,3
DA:207,3
DA:208,3
DA:209,3
DA:210,3
DA:214,7
DA:215,7
DA:216,7
DA:217,7
DA:218,7
DA:222,3
DA:223,3
DA:224,3
DA:225,1
DA:228,3
DA:229,3
DA:230,3
DA:234,3
DA:235,3
DA:236,3
DA:237,1
DA:240,3
DA:244,4
DA:245,4
DA:246,4
DA:250,26
DA:251,4
DA:254,22
DA:255,22
DA:256,22
DA:258,16
DA:260,22
DA:261,22
DA:265,33
DA:266,1
DA:269,32
DA:270,31
DA:271,31
DA:272,31
DA:276,3
DA:277,3
DA:279,3
DA:280,1
DA:283,2
DA:284,3
DA:287,2
DA:292,2
DA:296,36
DA:297,2
DA:300,34
DA:301,3
DA:302,2
DA:304,1
DA:307,31
DA:308,4
DA:309,2
DA:311,5
DA:314,27
DA:315,1
DA:318,26
DA:322,87
DA:323,386
DA:324,85
DA:326,301
DA:327,2
DA:329,299
DA:334,87
DA:335,87
DA:336,381
DA:337,381
DA:343,87
DA:347,87
DA:348,1
DA:351,86
DA:352,381
DA:353,381
DA:354,381
DA:359,92
DA:360,92
DA:364,15
DA:365,23
DA:366,23
DA:367,23
DA:368,23
DA:373,92
DA:377,86
DA:381,35
DA:382,35
DA:383,1
DA:385,34
DA:389,94
DA:393,22
DA:394,22
DA:395,87
DA:396,15
DA:397,15
DA:400,22
DA:404,22
DA:405,21
DA:406,20
DA:409,2
DA:413,6
DA:414,6
DA:415,11
DA:416,11
DA:417,1
DA:419,10
DA:420,10
DA:421,10
DA:423,6
DA:427,6
DA:429,6
DA:430,6
DA:433,6
DA:434,6
DA:435,10
DA:436,10
DA:437,10
DA:438,2
DA:440,8
DA:441,8
DA:442,1
DA:444,7
DA:445,7
DA:449,6
DA:453,22
DA:454,22
DA:455,89
DA:456,89
DA:457,89
DA:458,15
DA:460,74
DA:462,22
DA:466,10
DA:467,10
DA:469,10
DA:470,38
DA:471,38
DA:472,16
DA:475,22
DA:476,22
DA:477,22
DA:478,16
DA:480,22
DA:483,10
DA:487,111
DA:491,96
DA:492,96
DA:494,96
DA:495,4
DA:496,4
DA:497,4
DA:498,4
DA:500,4
DA:503,96
DA:507,15
DA:508,8
DA:510,7
DA:511,1
DA:513,6
DA:517,4
DA:518,1
DA:520,3
DA:521,2
DA:523,1
DA:527,4
DA:528,12
DA:531,4
DA:532,1
LF:235
LH:235
BRDA:52,0,0,2
BRDA:73,1,0,30
BRDA:77,2,0,2
BRDA:92,3,0,1
BRDA:92,3,1,2
BRDA:92,4,0,3
BRDA:92,4,1,2
BRDA:96,5,0,1
BRDA:96,5,1,1
BRDA:96,6,0,2
BRDA:96,6,1,2
BRDA:108,7,0,2
BRDA:108,7,1,1
BRDA:108,8,0,3
BRDA:108,8,1,2
BRDA:119,9,0,1
BRDA:153,10,0,1
BRDA:153,10,1,86
BRDA:154,11,0,68
BRDA:154,11,1,19
BRDA:154,12,0,5
BRDA:154,12,1,14
BRDA:154,13,0,19
BRDA:154,13,1,19
BRDA:160,14,0,23
BRDA:164,15,0,3
BRDA:182,16,0,1
BRDA:182,16,1,20
BRDA:196,17,0,1
BRDA:201,18,0,1
BRDA:201,18,1,1
BRDA:201,19,0,2
BRDA:201,19,1,2
BRDA:210,20,0,2
BRDA:210,20,1,1
BRDA:210,21,0,3
BRDA:210,21,1,3
BRDA:218,22,0,4
BRDA:218,22,1,3
BRDA:218,23,0,7
BRDA:218,23,1,7
BRDA:224,24,0,1
BRDA:230,25,0,2
BRDA:230,25,1,1
BRDA:230,26,0,3
BRDA:230,26,1,3
BRDA:230,27,0,1
BRDA:230,27,1,2
BRDA:230,28,0,3
BRDA:230,28,1,3
BRDA:236,29,0,1
BRDA:250,30,0,4
BRDA:256,31,0,6
BRDA:256,31,1,16
BRDA:256,32,0,22
BRDA:256,32,1,7
BRDA:261,33,0,2
BRDA:261,33,1,20
BRDA:261,34,0,1
BRDA:261,34,1,1
BRDA:261,35,0,2
BRDA:261,35,1,2
BRDA:264,36,0,0
BRDA:265,37,0,1
BRDA:265,38,0,33
BRDA:265,38,1,3
BRDA:265,38,2,2
BRDA:270,39,0,1
BRDA:270,39,1,30
BRDA:279,40,0,1
BRDA:284,41,0,2
BRDA:284,41,1,1
BRDA:296,42,0,2
BRDA:296,43,0,36
BRDA:296,43,1,35
BRDA:300,44,0,3
BRDA:301,45,0,2
BRDA:301,46,0,3
BRDA:301,46,1,2
BRDA:307,47,0,4
BRDA:307,48,0,31
BRDA:307,48,1,29
BRDA:308,49,0,2
BRDA:308,50,0,4
BRDA:308,50,1,4
BRDA:314,51,0,1
BRDA:318,52,0,25
BRDA:318,52,1,1
BRDA:318,53,0,26
BRDA:318,53,1,25
BRDA:323,54,0,85
BRDA:326,55,0,2
BRDA:329,56,0,299
BRDA:329,56,1,4
BRDA:336,57,0,7
BRDA:336,57,1,374
BRDA:336,58,0,381
BRDA:336,58,1,381
BRDA:339,59,0,25
BRDA:339,59,1,356
BRDA:339,60,0,381
BRDA:339,60,1,381
BRDA:347,61,0,1
BRDA:352,62,0,7
BRDA:352,62,1,374
BRDA:352,63,0,381
BRDA:352,63,1,381
BRDA:354,64,0,6
BRDA:354,64,1,375
BRDA:359,65,0,77
BRDA:365,66,0,7
BRDA:365,66,1,16
BRDA:365,67,0,23
BRDA:365,67,1,23
BRDA:366,68,0,7
BRDA:366,68,1,16
BRDA:366,69,0,23
BRDA:366,69,1,23
BRDA:368,70,0,15
BRDA:368,70,1,8
BRDA:368,71,0,7
BRDA:368,71,1,1
BRDA:368,72,0,8
BRDA:368,72,1,8
BRDA:373,73,0,25
BRDA:373,73,1,7
BRDA:382,74,0,1
BRDA:395,75,0,15
BRDA:396,76,0,13
BRDA:396,76,1,2
BRDA:396,77,0,15
BRDA:396,77,1,15
BRDA:405,78,0,20
BRDA:406,79,0,1
BRDA:406,79,1,19
BRDA:406,80,0,20
BRDA:406,80,1,20
BRDA:416,81,0,1
BRDA:416,82,0,11
BRDA:416,82,1,11
BRDA:419,83,0,4
BRDA:419,83,1,6
BRDA:419,84,0,10
BRDA:419,84,1,10
BRDA:437,85,0,2
BRDA:437,86,0,10
BRDA:437,86,1,8
BRDA:441,87,0,1
BRDA:457,88,0,15
BRDA:457,89,0,25
BRDA:457,89,1,22
BRDA:471,90,0,16
BRDA:471,91,0,38
BRDA:471,91,1,34
BRDA:475,92,0,4
BRDA:475,92,1,18
BRDA:477,93,0,16
BRDA:477,94,0,22
BRDA:477,94,1,22
BRDA:477,94,2,16
BRDA:483,95,0,8
BRDA:483,95,1,2
BRDA:487,96,0,2
BRDA:487,96,1,109
BRDA:497,97,0,4
BRDA:497,98,0,4
BRDA:497,98,1,2
BRDA:497,98,2,1
BRDA:507,99,0,8
BRDA:510,100,0,1
BRDA:517,101,0,1
BRDA:520,102,0,2
BRDA:520,103,0,3
BRDA:520,103,1,2
BRF:174
BRH:173
end_of_record
TN:
SF:src\record-updater.ts
FN:56,getNsRecord
FN:60,emptyDetails
FN:70,formatError
FN:74,isPlainObject
FN:78,toQueryFieldType
FN:102,(anonymous_5)
FN:108,(anonymous_6)
FN:113,(anonymous_7)
FN:118,(anonymous_8)
FN:124,(anonymous_9)
FN:130,(anonymous_10)
FN:135,(anonymous_11)
FN:140,(anonymous_12)
FN:147,(anonymous_13)
FN:152,(anonymous_14)
FN:157,(anonymous_15)
FN:181,(anonymous_16)
FN:185,(anonymous_17)
FN:189,(anonymous_18)
FN:194,(anonymous_19)
FN:199,(anonymous_20)
FN:204,(anonymous_21)
FN:209,(anonymous_22)
FN:214,(anonymous_23)
FN:221,(anonymous_24)
FN:249,(anonymous_25)
FN:258,(anonymous_26)
FN:282,(anonymous_27)
FN:287,(anonymous_28)
FN:301,(anonymous_29)
FN:308,(anonymous_30)
FN:313,(anonymous_31)
FN:318,(anonymous_32)
FN:329,(anonymous_33)
FN:338,(anonymous_34)
FN:343,(anonymous_35)
FN:358,(anonymous_36)
FN:363,(anonymous_37)
FN:380,(anonymous_38)
FN:397,(anonymous_39)
FN:407,(anonymous_40)
FN:415,(anonymous_41)
FN:419,(anonymous_42)
FN:429,(anonymous_43)
FN:438,(anonymous_44)
FN:453,(anonymous_45)
FN:494,(anonymous_46)
FN:495,(anonymous_47)
FN:496,(anonymous_48)
FN:523,(anonymous_49)
FN:524,(anonymous_50)
FN:527,(anonymous_51)
FN:551,(anonymous_52)
FN:575,(anonymous_53)
FN:588,(anonymous_54)
FN:617,(anonymous_55)
FN:631,(anonymous_56)
FN:638,(anonymous_57)
FN:656,(anonymous_58)
FN:666,(anonymous_59)
FN:667,(anonymous_60)
FN:673,(anonymous_61)
FN:681,(anonymous_62)
FN:682,(anonymous_63)
FN:689,(anonymous_64)
FN:704,(anonymous_65)
FN:718,(anonymous_66)
FN:737,(anonymous_67)
FN:745,(anonymous_68)
FN:753,(anonymous_69)
FN:761,(anonymous_70)
FN:781,(anonymous_71)
FN:791,(anonymous_72)
FN:807,(anonymous_73)
FN:855,(anonymous_74)
FN:905,(anonymous_75)
FN:916,(anonymous_76)
FN:944,(anonymous_77)
FN:976,(anonymous_78)
FN:987,(anonymous_79)
FN:1051,(anonymous_80)
FN:1074,(anonymous_81)
FN:1085,(anonymous_82)
FN:1099,(anonymous_83)
FN:1118,(anonymous_84)
FN:1145,(anonymous_85)
FN:1149,(anonymous_86)
FN:1150,(anonymous_87)
FN:1188,(anonymous_88)
FN:1213,(anonymous_89)
FN:1218,(anonymous_90)
FN:1230,(anonymous_91)
FN:1234,(anonymous_92)
FN:1246,(anonymous_93)
FN:1252,(anonymous_94)
FN:1259,(anonymous_95)
FN:1274,(anonymous_96)
FN:1278,(anonymous_97)
FN:1279,(anonymous_98)
FN:1282,(anonymous_99)
FN:1288,(anonymous_100)
FN:1292,(anonymous_101)
FN:1301,(anonymous_102)
FN:1310,(anonymous_103)
FN:1320,(anonymous_104)
FN:1321,(anonymous_105)
FN:1327,(anonymous_106)
FN:1331,(anonymous_107)
FN:1335,(anonymous_108)
FN:1347,(anonymous_109)
FN:1348,(anonymous_110)
FN:1356,(anonymous_111)
FN:1360,(anonymous_112)
FN:1364,(anonymous_113)
FN:1377,(anonymous_114)
FN:1378,(anonymous_115)
FN:1381,(anonymous_116)
FN:1389,updateRecord
FNF:118
FNH:118
FNDA:23,getNsRecord
FNDA:21,emptyDetails
FNDA:4,formatError
FNDA:73,isPlainObject
FNDA:10,toQueryFieldType
FNDA:8,(anonymous_5)
FNDA:7,(anonymous_6)
FNDA:2,(anonymous_7)
FNDA:7,(anonymous_8)
FNDA:5,(anonymous_9)
FNDA:3,(anonymous_10)
FNDA:1,(anonymous_11)
FNDA:1,(anonymous_12)
FNDA:1,(anonymous_13)
FNDA:1,(anonymous_14)
FNDA:5,(anonymous_15)
FNDA:174,(anonymous_16)
FNDA:174,(anonymous_17)
FNDA:171,(anonymous_18)
FNDA:2,(anonymous_19)
FNDA:8,(anonymous_20)
FNDA:1,(anonymous_21)
FNDA:10,(anonymous_22)
FNDA:6,(anonymous_23)
FNDA:116,(anonymous_24)
FNDA:2,(anonymous_25)
FNDA:33,(anonymous_26)
FNDA:10,(anonymous_27)
FNDA:6,(anonymous_28)
FNDA:1,(anonymous_29)
FNDA:3,(anonymous_30)
FNDA:9,(anonymous_31)
FNDA:12,(anonymous_32)
FNDA:3,(anonymous_33)
FNDA:4,(anonymous_34)
FNDA:3,(anonymous_35)
FNDA:2,(anonymous_36)
FNDA:25,(anonymous_37)
FNDA:107,(anonymous_38)
FNDA:20,(anonymous_39)
FNDA:135,(anonymous_40)
FNDA:124,(anonymous_41)
FNDA:107,(anonymous_42)
FNDA:31,(anonymous_43)
FNDA:71,(anonymous_44)
FNDA:3,(anonymous_45)
FNDA:107,(anonymous_46)
FNDA:37,(anonymous_47)
FNDA:27,(anonymous_48)
FNDA:103,(anonymous_49)
FNDA:120,(anonymous_50)
FNDA:27,(anonymous_51)
FNDA:10,(anonymous_52)
FNDA:12,(anonymous_53)
FNDA:1,(anonymous_54)
FNDA:3,(anonymous_55)
FNDA:1,(anonymous_56)
FNDA:6,(anonymous_57)
FNDA:2,(anonymous_58)
FNDA:19,(anonymous_59)
FNDA:22,(anonymous_60)
FNDA:28,(anonymous_61)
FNDA:9,(anonymous_62)
FNDA:12,(anonymous_63)
FNDA:10,(anonymous_64)
FNDA:7,(anonymous_65)
FNDA:5,(anonymous_66)
FNDA:16,(anonymous_67)
FNDA:10,(anonymous_68)
FNDA:6,(anonymous_69)
FNDA:27,(anonymous_70)
FNDA:11,(anonymous_71)
FNDA:180,(anonymous_72)
FNDA:169,(anonymous_73)
FNDA:11,(anonymous_74)
FNDA:155,(anonymous_75)
FNDA:154,(anonymous_76)
FNDA:173,(anonymous_77)
FNDA:155,(anonymous_78)
FNDA:3,(anonymous_79)
FNDA:470,(anonymous_80)
FNDA:20,(anonymous_81)
FNDA:3,(anonymous_82)
FNDA:35,(anonymous_83)
FNDA:2,(anonymous_84)
FNDA:7,(anonymous_85)
FNDA:11,(anonymous_86)
FNDA:11,(anonymous_87)
FNDA:10,(anonymous_88)
FNDA:14,(anonymous_89)
FNDA:18,(anonymous_90)
FNDA:7,(anonymous_91)
FNDA:7,(anonymous_92)
FNDA:4,(anonymous_93)
FNDA:2,(anonymous_94)
FNDA:8,(anonymous_95)
FNDA:36,(anonymous_96)
FNDA:29,(anonymous_97)
FNDA:58,(anonymous_98)
FNDA:25,(anonymous_99)
FNDA:108,(anonymous_100)
FNDA:10,(anonymous_101)
FNDA:6,(anonymous_102)
FNDA:5,(anonymous_103)
FNDA:7,(anonymous_104)
FNDA:8,(anonymous_105)
FNDA:5,(anonymous_106)
FNDA:4,(anonymous_107)
FNDA:43,(anonymous_108)
FNDA:158,(anonymous_109)
FNDA:37,(anonymous_110)
FNDA:58,(anonymous_111)
FNDA:58,(anonymous_112)
FNDA:13,(anonymous_113)
FNDA:133,(anonymous_114)
FNDA:20,(anonymous_115)
FNDA:37,(anonymous_116)
FNDA:174,updateRecord
DA:2,4
DA:57,23
DA:61,21
DA:71,4
DA:75,73
DA:79,10
DA:81,1
DA:83,1
DA:85,1
DA:87,1
DA:89,1
DA:91,1
DA:93,1
DA:95,1
DA:97,2
DA:101,4
DA:103,8
DA:104,8
DA:105,8
DA:109,7
DA:110,6
DA:114,2
DA:115,2
DA:119,7
DA:123,4
DA:125,5
DA:126,5
DA:127,5
DA:131,3
DA:132,3
DA:136,1
DA:137,1
DA:141,1
DA:142,2
DA:144,1
DA:148,1
DA:149,1
DA:153,1
DA:154,1
DA:158,5
DA:162,4
DA:164,174
DA:165,174
DA:174,174
DA:175,174
DA:176,174
DA:177,174
DA:178,174
DA:179,174
DA:182,174
DA:186,174
DA:190,171
DA:191,171
DA:195,2
DA:196,2
DA:200,8
DA:201,8
DA:205,1
DA:206,1
DA:210,10
DA:211,8
DA:215,6
DA:216,5
DA:222,116
DA:223,106
DA:225,106
DA:226,1
DA:229,105
DA:230,92
DA:231,59
DA:232,59
DA:235,33
DA:236,32
DA:237,32
DA:238,32
DA:240,32
DA:241,6
DA:246,32
DA:250,2
DA:251,4
DA:252,3
DA:255,2
DA:259,33
DA:260,33
DA:261,35
DA:262,1
DA:265,34
DA:266,34
DA:267,10
DA:268,6
DA:271,24
DA:274,20
DA:275,9
DA:276,9
DA:279,20
DA:283,10
DA:284,9
DA:288,6
DA:289,6
DA:298,6
DA:302,1
DA:303,2
DA:305,1
DA:309,3
DA:310,3
DA:314,9
DA:315,9
DA:319,12
DA:320,11
DA:321,11
DA:322,11
DA:323,11
DA:324,11
DA:325,11
DA:326,11
DA:330,3
DA:331,5
DA:332,5
DA:335,3
DA:339,4
DA:340,4
DA:344,3
DA:345,3
DA:346,3
DA:355,3
DA:359,2
DA:360,2
DA:364,25
DA:365,1
DA:368,24
DA:369,1
DA:372,23
DA:373,23
DA:374,22
DA:376,4
DA:381,107
DA:382,107
DA:383,107
DA:384,107
DA:386,107
DA:398,20
DA:399,20
DA:400,20
DA:401,20
DA:402,20
DA:403,20
DA:404,20
DA:408,135
DA:409,135
DA:410,45
DA:412,135
DA:416,124
DA:420,107
DA:430,31
DA:439,71
DA:446,71
DA:447,3
DA:453,71
DA:454,9
DA:457,71
DA:458,27
DA:467,71
DA:468,5
DA:475,71
DA:476,37
DA:477,37
DA:485,71
DA:491,71
DA:495,107
DA:496,107
DA:497,107
DA:499,107
DA:500,31
DA:501,76
DA:502,71
DA:504,107
DA:505,11
DA:507,107
DA:508,12
DA:511,107
DA:524,120
DA:528,27
DA:530,27
DA:531,2
DA:534,27
DA:535,1
DA:538,27
DA:539,1
DA:542,27
DA:543,1
DA:546,27
DA:547,5
DA:552,10
DA:553,10
DA:554,12
DA:557,10
DA:567,9
DA:568,9
DA:576,12
DA:581,11
DA:583,11
DA:584,2
DA:585,2
DA:588,11
DA:589,2
DA:590,2
DA:593,11
DA:594,3
DA:595,2
DA:598,10
DA:599,1
DA:600,1
DA:603,10
DA:604,6
DA:605,6
DA:608,10
DA:613,10
DA:614,10
DA:618,3
DA:622,3
DA:623,1
DA:626,2
DA:627,2
DA:632,1
DA:633,1
DA:634,2
DA:639,6
DA:640,6
DA:642,6
DA:643,1
DA:644,1
DA:645,1
DA:648,6
DA:649,6
DA:650,6
DA:653,6
DA:657,2
DA:658,2
DA:659,4
DA:660,1
DA:663,1
DA:667,19
DA:668,22
DA:669,21
DA:674,28
DA:675,28
DA:676,1
DA:678,27
DA:682,9
DA:683,12
DA:684,12
DA:685,12
DA:690,10
DA:691,2
DA:692,1
DA:694,1
DA:695,1
DA:698,8
DA:699,1
DA:701,7
DA:705,7
DA:706,5
DA:709,5
DA:710,1
DA:713,5
DA:714,2
DA:719,5
DA:720,5
DA:721,1
DA:724,4
DA:725,1
DA:726,1
DA:729,3
DA:730,3
DA:731,1
DA:734,2
DA:738,16
DA:739,16
DA:740,1
DA:742,15
DA:746,10
DA:747,9
DA:748,1
DA:750,8
DA:754,6
DA:755,6
DA:756,1
DA:758,5
DA:762,27
DA:763,27
DA:764,1
DA:767,26
DA:768,26
DA:769,23
DA:772,3
DA:773,8
DA:774,2
DA:778,1
DA:782,11
DA:783,11
DA:784,1
DA:792,180
DA:793,180
DA:794,176
DA:795,1
DA:797,175
DA:798,1
DA:800,174
DA:801,1
DA:803,173
DA:804,170
DA:808,169
DA:809,169
DA:811,62
DA:815,3
DA:817,1
DA:819,3
DA:827,4
DA:836,4
DA:837,2
DA:842,4
DA:845,51
DA:856,11
DA:857,11
DA:859,10
DA:860,10
DA:861,1
DA:862,1
DA:863,1
DA:874,9
DA:892,9
DA:893,9
DA:894,9
DA:906,155
DA:907,142
DA:908,142
DA:917,154
DA:918,1
DA:921,153
DA:922,3
DA:923,2
DA:924,1
DA:927,150
DA:930,21
DA:933,26
DA:936,3
DA:938,2
DA:940,98
DA:945,173
DA:946,173
DA:947,38
DA:948,1
DA:951,37
DA:952,37
DA:953,2
DA:954,2
DA:955,2
DA:956,1
DA:958,1
DA:959,1
DA:960,1
DA:967,36
DA:968,2
DA:969,2
DA:970,2
DA:971,1
DA:977,155
DA:978,155
DA:979,155
DA:980,2
DA:981,1
DA:983,1
DA:985,153
DA:987,33
DA:988,1
DA:991,32
DA:992,18
DA:993,1
DA:995,17
DA:996,1
DA:998,16
DA:999,1
DA:1003,29
DA:1004,29
DA:1008,7
DA:1009,1
DA:1011,6
DA:1012,1
DA:1014,5
DA:1015,1
DA:1017,4
DA:1019,4
DA:1020,1
DA:1022,3
DA:1025,4
DA:1026,1
DA:1028,3
DA:1030,3
DA:1031,1
DA:1033,2
DA:1035,5
DA:1036,1
DA:1038,4
DA:1042,2
DA:1043,1
DA:1045,1
DA:1047,4
DA:1052,470
DA:1053,470
DA:1055,95
DA:1056,95
DA:1057,95
DA:1058,4
DA:1064,91
DA:1065,4
DA:1071,87
DA:1075,20
DA:1076,20
DA:1077,23
DA:1079,23
DA:1080,21
DA:1081,21
DA:1084,2
DA:1085,3
DA:1086,1
DA:1087,1
DA:1088,1
DA:1092,1
DA:1093,1
DA:1096,20
DA:1100,35
DA:1101,35
DA:1102,43
DA:1103,43
DA:1104,43
DA:1106,43
DA:1107,22
DA:1108,22
DA:1111,21
DA:1112,14
DA:1113,13
DA:1114,11
DA:1115,5
DA:1118,2
DA:1119,2
DA:1120,1
DA:1121,1
DA:1122,1
DA:1125,1
DA:1128,7
DA:1129,2
DA:1130,1
DA:1133,5
DA:1134,1
DA:1135,1
DA:1138,4
DA:1139,1
DA:1142,25
DA:1146,7
DA:1150,11
DA:1151,11
DA:1152,1
DA:1155,10
DA:1156,7
DA:1157,1
DA:1160,6
DA:1161,6
DA:1162,6
DA:1164,6
DA:1165,10
DA:1166,10
DA:1167,2
DA:1168,1
DA:1170,1
DA:1173,8
DA:1174,2
DA:1177,6
DA:1180,5
DA:1182,5
DA:1189,10
DA:1190,10
DA:1192,7
DA:1193,6
DA:1195,5
DA:1196,5
DA:1197,1
DA:1200,4
DA:1201,4
DA:1202,1
DA:1205,3
DA:1214,14
DA:1215,14
DA:1216,36
DA:1217,36
DA:1218,18
DA:1219,18
DA:1223,14
DA:1224,1
DA:1227,13
DA:1231,7
DA:1232,7
DA:1233,19
DA:1234,19
DA:1235,7
DA:1239,7
DA:1240,1
DA:1243,6
DA:1247,4
DA:1248,8
DA:1249,8
DA:1250,4
DA:1251,4
DA:1252,4
DA:1253,3
DA:1256,1
DA:1260,8
DA:1261,8
DA:1262,4
DA:1270,4
DA:1271,4
DA:1275,36
DA:1279,58
DA:1283,25
DA:1284,25
DA:1285,25
DA:1289,108
DA:1293,10
DA:1294,31
DA:1295,31
DA:1296,28
DA:1298,7
DA:1302,6
DA:1303,6
DA:1304,6
DA:1305,6
DA:1306,6
DA:1307,6
DA:1311,5
DA:1312,5
DA:1314,2
DA:1317,2
DA:1321,7
DA:1322,8
DA:1323,7
DA:1328,5
DA:1332,4
DA:1336,43
DA:1337,31
DA:1339,31
DA:1346,31
DA:1347,158
DA:1348,79
DA:1349,10
DA:1353,21
DA:1357,58
DA:1361,58
DA:1365,13
DA:1366,13
DA:1367,18
DA:1368,18
DA:1369,1
DA:1370,1
DA:1372,17
DA:1374,13
DA:1378,133
DA:1382,37
DA:1383,1
DA:1385,36
DA:1389,4
DA:1390,174
LF:570
LH:570
BRDA:71,0,0,4
BRDA:71,0,1,0
BRDA:75,1,0,73
BRDA:75,1,1,72
BRDA:75,1,2,39
BRDA:79,2,0,1
BRDA:79,2,1,1
BRDA:79,2,2,1
BRDA:79,2,3,1
BRDA:79,2,4,1
BRDA:79,2,5,1
BRDA:79,2,6,1
BRDA:79,2,7,1
BRDA:79,2,8,2
BRDA:194,3,0,1
BRDA:223,4,0,44
BRDA:223,4,1,62
BRDA:223,5,0,106
BRDA:223,5,1,106
BRDA:225,6,0,1
BRDA:230,7,0,59
BRDA:236,8,0,3
BRDA:236,8,1,29
BRDA:236,9,0,32
BRDA:236,9,1,32
BRDA:240,10,0,6
BRDA:240,11,0,32
BRDA:240,11,1,11
BRDA:240,11,2,10
BRDA:251,12,0,3
BRDA:261,13,0,1
BRDA:265,14,0,24
BRDA:265,14,1,10
BRDA:265,15,0,34
BRDA:265,15,1,34
BRDA:266,16,0,10
BRDA:275,17,0,9
BRDA:293,18,0,6
BRDA:293,18,1,0
BRDA:293,19,0,6
BRDA:293,19,1,6
BRDA:322,20,0,3
BRDA:322,20,1,8
BRDA:322,21,0,11
BRDA:322,21,1,11
BRDA:331,22,0,5
BRDA:350,23,0,3
BRDA:350,23,1,0
BRDA:350,24,0,3
BRDA:350,24,1,3
BRDA:364,25,0,1
BRDA:368,26,0,1
BRDA:374,27,0,10
BRDA:374,27,1,12
BRDA:382,28,0,5
BRDA:382,28,1,102
BRDA:382,29,0,31
BRDA:382,29,1,71
BRDA:383,30,0,31
BRDA:383,30,1,76
BRDA:383,31,0,71
BRDA:383,31,1,5
BRDA:388,32,0,106
BRDA:388,32,1,1
BRDA:388,33,0,107
BRDA:388,33,1,106
BRDA:416,34,0,124
BRDA:416,34,1,46
BRDA:416,34,2,41
BRDA:416,34,3,41
BRDA:416,34,4,41
BRDA:433,35,0,31
BRDA:433,35,1,0
BRDA:433,36,0,31
BRDA:433,36,1,31
BRDA:442,37,0,71
BRDA:442,37,1,0
BRDA:442,38,0,71
BRDA:442,38,1,71
BRDA:446,39,0,3
BRDA:461,40,0,12
BRDA:461,40,1,15
BRDA:462,41,0,12
BRDA:462,41,1,15
BRDA:481,42,0,11
BRDA:481,42,1,26
BRDA:499,43,0,31
BRDA:499,43,1,76
BRDA:501,44,0,71
BRDA:504,45,0,11
BRDA:507,46,0,12
BRDA:513,47,0,5
BRDA:513,47,1,102
BRDA:513,48,0,31
BRDA:513,48,1,71
BRDA:514,49,0,71
BRDA:514,49,1,36
BRDA:515,50,0,71
BRDA:515,50,1,36
BRDA:516,51,0,31
BRDA:516,51,1,76
BRDA:530,52,0,2
BRDA:530,53,0,27
BRDA:530,53,1,2
BRDA:530,53,2,2
BRDA:534,54,0,1
BRDA:538,55,0,1
BRDA:538,56,0,27
BRDA:538,56,1,1
BRDA:542,57,0,1
BRDA:542,58,0,27
BRDA:542,58,1,1
BRDA:546,59,0,5
BRDA:618,60,0,2
BRDA:618,60,1,1
BRDA:622,61,0,1
BRDA:642,62,0,1
BRDA:642,63,0,6
BRDA:642,63,1,2
BRDA:659,64,0,1
BRDA:675,65,0,1
BRDA:675,66,0,28
BRDA:675,66,1,28
BRDA:675,67,0,28
BRDA:675,67,1,0
BRDA:675,68,0,28
BRDA:675,68,1,28
BRDA:690,69,0,2
BRDA:691,70,0,1
BRDA:698,71,0,1
BRDA:705,72,0,5
BRDA:705,72,1,2
BRDA:705,73,0,7
BRDA:705,73,1,7
BRDA:709,74,0,1
BRDA:709,74,1,4
BRDA:709,75,0,5
BRDA:709,75,1,5
BRDA:713,76,0,1
BRDA:713,76,1,4
BRDA:713,77,0,5
BRDA:713,77,1,5
BRDA:719,78,0,4
BRDA:719,78,1,1
BRDA:719,79,0,5
BRDA:719,79,1,5
BRDA:720,80,0,1
BRDA:724,81,0,1
BRDA:729,82,0,1
BRDA:729,82,1,2
BRDA:729,83,0,3
BRDA:729,83,1,3
BRDA:729,84,0,2
BRDA:729,84,1,0
BRDA:730,85,0,1
BRDA:730,86,0,3
BRDA:730,86,1,3
BRDA:738,87,0,1
BRDA:738,87,1,15
BRDA:738,88,0,16
BRDA:738,88,1,16
BRDA:739,89,0,1
BRDA:747,90,0,1
BRDA:755,91,0,1
BRDA:762,92,0,26
BRDA:762,92,1,1
BRDA:762,93,0,27
BRDA:762,93,1,27
BRDA:763,94,0,1
BRDA:768,95,0,23
BRDA:773,96,0,2
BRDA:773,97,0,8
BRDA:773,97,1,4
BRDA:773,97,2,2
BRDA:773,98,0,0
BRDA:773,98,1,2
BRDA:773,99,0,2
BRDA:773,99,1,2
BRDA:782,100,0,1
BRDA:782,100,1,10
BRDA:782,101,0,11
BRDA:782,101,1,11
BRDA:782,102,0,10
BRDA:782,102,1,1
BRDA:782,103,0,11
BRDA:782,103,1,11
BRDA:783,104,0,1
BRDA:783,105,0,11
BRDA:783,105,1,10
BRDA:783,105,2,1
BRDA:783,105,3,1
BRDA:793,106,0,169
BRDA:793,106,1,11
BRDA:794,107,0,1
BRDA:797,108,0,1
BRDA:797,109,0,175
BRDA:797,109,1,3
BRDA:797,109,2,3
BRDA:797,110,0,172
BRDA:797,110,1,3
BRDA:797,111,0,175
BRDA:797,111,1,175
BRDA:800,112,0,1
BRDA:809,113,0,107
BRDA:811,114,0,1
BRDA:811,114,1,2
BRDA:811,114,2,3
BRDA:811,114,3,1
BRDA:811,114,4,3
BRDA:811,114,5,4
BRDA:811,114,6,51
BRDA:815,115,0,1
BRDA:815,115,1,2
BRDA:821,116,0,3
BRDA:821,116,1,0
BRDA:821,117,0,3
BRDA:821,117,1,3
BRDA:821,118,0,3
BRDA:821,118,1,0
BRDA:821,119,0,3
BRDA:821,119,1,3
BRDA:824,120,0,1
BRDA:824,120,1,2
BRDA:824,121,0,3
BRDA:824,121,1,3
BRDA:829,122,0,1
BRDA:829,122,1,3
BRDA:829,123,0,4
BRDA:829,123,1,4
BRDA:829,124,0,1
BRDA:829,124,1,3
BRDA:829,125,0,4
BRDA:829,125,1,4
BRDA:832,126,0,0
BRDA:832,126,1,4
BRDA:832,127,0,4
BRDA:832,127,1,4
BRDA:833,128,0,4
BRDA:833,128,1,1
BRDA:834,129,0,3
BRDA:834,129,1,1
BRDA:834,130,0,4
BRDA:834,130,1,4
BRDA:836,131,0,2
BRDA:836,132,0,4
BRDA:836,132,1,3
BRDA:847,133,0,51
BRDA:847,133,1,0
BRDA:847,134,0,51
BRDA:847,134,1,51
BRDA:847,135,0,51
BRDA:847,135,1,0
BRDA:847,136,0,51
BRDA:847,136,1,51
BRDA:850,137,0,0
BRDA:850,137,1,51
BRDA:850,138,0,51
BRDA:850,138,1,51
BRDA:857,139,0,1
BRDA:859,140,0,0
BRDA:859,140,1,10
BRDA:859,141,0,10
BRDA:859,141,1,10
BRDA:859,142,0,9
BRDA:859,142,1,1
BRDA:859,143,0,10
BRDA:859,143,1,10
BRDA:860,144,0,1
BRDA:860,145,0,10
BRDA:860,145,1,1
BRDA:860,146,0,9
BRDA:860,146,1,1
BRDA:860,147,0,10
BRDA:860,147,1,10
BRDA:861,148,0,1
BRDA:861,148,1,0
BRDA:861,149,0,1
BRDA:861,149,1,1
BRDA:861,150,0,0
BRDA:861,150,1,1
BRDA:861,151,0,1
BRDA:861,151,1,1
BRDA:861,152,0,0
BRDA:861,152,1,1
BRDA:861,153,0,1
BRDA:861,153,1,1
BRDA:861,154,0,0
BRDA:861,154,1,1
BRDA:861,155,0,1
BRDA:861,155,1,1
BRDA:861,156,0,0
BRDA:861,156,1,0
BRDA:861,157,0,0
BRDA:861,157,1,0
BRDA:861,158,0,0
BRDA:861,158,1,0
BRDA:861,159,0,0
BRDA:861,159,1,0
BRDA:861,160,0,0
BRDA:861,160,1,0
BRDA:861,161,0,0
BRDA:861,161,1,0
BRDA:862,162,0,0
BRDA:874,163,0,0
BRDA:874,164,0,9
BRDA:874,164,1,0
BRDA:874,165,0,9
BRDA:874,165,1,0
BRDA:874,166,0,9
BRDA:874,166,1,9
BRDA:892,167,0,9
BRDA:892,167,1,0
BRDA:892,168,0,9
BRDA:892,168,1,9
BRDA:892,169,0,0
BRDA:892,169,1,9
BRDA:892,170,0,9
BRDA:892,170,1,9
BRDA:892,171,0,0
BRDA:892,171,1,0
BRDA:892,172,0,0
BRDA:892,172,1,0
BRDA:893,173,0,0
BRDA:900,174,0,0
BRDA:900,174,1,9
BRDA:900,175,0,0
BRDA:900,175,1,9
BRDA:901,176,0,0
BRDA:901,176,1,9
BRDA:901,177,0,9
BRDA:901,177,1,9
BRDA:911,178,0,130
BRDA:911,178,1,12
BRDA:911,179,0,142
BRDA:911,179,1,142
BRDA:917,180,0,1
BRDA:917,181,0,154
BRDA:917,181,1,154
BRDA:921,182,0,3
BRDA:921,183,0,153
BRDA:921,183,1,4
BRDA:921,184,0,132
BRDA:921,184,1,21
BRDA:921,185,0,153
BRDA:921,185,1,153
BRDA:922,186,0,1
BRDA:923,187,0,1
BRDA:924,188,0,1
BRDA:927,189,0,2
BRDA:927,189,1,21
BRDA:927,189,2,25
BRDA:927,189,3,26
BRDA:927,189,4,3
BRDA:927,189,5,3
BRDA:927,189,6,2
BRDA:927,189,7,98
BRDA:930,190,0,20
BRDA:930,190,1,1
BRDA:933,191,0,25
BRDA:933,191,1,1
BRDA:936,192,0,1
BRDA:936,192,1,2
BRDA:936,193,0,2
BRDA:936,193,1,1
BRDA:938,194,0,1
BRDA:938,194,1,1
BRDA:946,195,0,135
BRDA:947,196,0,1
BRDA:951,197,0,13
BRDA:951,197,1,24
BRDA:951,198,0,37
BRDA:951,198,1,37
BRDA:952,199,0,2
BRDA:954,200,0,0
BRDA:954,200,1,2
BRDA:954,201,0,2
BRDA:954,201,1,2
BRDA:954,202,0,0
BRDA:954,202,1,2
BRDA:954,203,0,2
BRDA:954,203,1,2
BRDA:955,204,0,1
BRDA:955,205,0,0
BRDA:955,205,1,2
BRDA:955,206,0,2
BRDA:955,206,1,2
BRDA:958,207,0,0
BRDA:958,207,1,1
BRDA:958,208,0,1
BRDA:958,208,1,1
BRDA:959,209,0,1
BRDA:959,210,0,1
BRDA:959,210,1,1
BRDA:967,211,0,2
BRDA:969,212,0,0
BRDA:969,212,1,2
BRDA:969,213,0,2
BRDA:969,213,1,2
BRDA:969,214,0,0
BRDA:969,214,1,2
BRDA:969,215,0,2
BRDA:969,215,1,2
BRDA:970,216,0,1
BRDA:970,217,0,0
BRDA:970,217,1,2
BRDA:970,218,0,2
BRDA:970,218,1,2
BRDA:978,219,0,0
BRDA:979,220,0,2
BRDA:980,221,0,1
BRDA:980,222,0,2
BRDA:980,222,1,1
BRDA:980,223,0,0
BRDA:980,223,1,2
BRDA:980,224,0,2
BRDA:980,224,1,2
BRDA:985,225,0,120
BRDA:985,226,0,153
BRDA:985,226,1,33
BRDA:985,227,0,120
BRDA:985,227,1,33
BRDA:985,228,0,153
BRDA:985,228,1,153
BRDA:987,229,0,1
BRDA:987,230,0,33
BRDA:987,230,1,2
BRDA:987,231,0,31
BRDA:987,231,1,2
BRDA:987,232,0,33
BRDA:987,232,1,33
BRDA:987,233,0,3
BRDA:987,233,1,2
BRDA:991,234,0,18
BRDA:992,235,0,1
BRDA:992,236,0,18
BRDA:992,236,1,2
BRDA:995,237,0,1
BRDA:995,238,0,17
BRDA:995,238,1,1
BRDA:998,239,0,1
BRDA:998,240,0,16
BRDA:998,240,1,1
BRDA:1003,241,0,29
BRDA:1003,241,1,4
BRDA:1003,241,2,3
BRDA:1003,241,3,2
BRDA:1004,242,0,1
BRDA:1004,242,1,6
BRDA:1004,242,2,7
BRDA:1004,242,3,4
BRDA:1004,242,4,3
BRDA:1004,242,5,4
BRDA:1004,242,6,3
BRDA:1004,242,7,5
BRDA:1004,242,8,2
BRDA:1004,242,9,2
BRDA:1004,242,10,2
BRDA:1004,242,11,4
BRDA:1008,243,0,1
BRDA:1008,244,0,7
BRDA:1008,244,1,2
BRDA:1008,244,2,2
BRDA:1008,244,3,2
BRDA:1011,245,0,1
BRDA:1011,246,0,6
BRDA:1011,246,1,3
BRDA:1014,247,0,1
BRDA:1014,248,0,5
BRDA:1014,248,1,2
BRDA:1019,249,0,1
BRDA:1019,250,0,4
BRDA:1019,250,1,3
BRDA:1025,251,0,1
BRDA:1025,252,0,4
BRDA:1025,252,1,4
BRDA:1025,252,2,4
BRDA:1025,252,3,4
BRDA:1030,253,0,1
BRDA:1035,254,0,1
BRDA:1035,255,0,5
BRDA:1035,255,1,5
BRDA:1035,255,2,4
BRDA:1042,256,0,1
BRDA:1042,257,0,2
BRDA:1042,257,1,1
BRDA:1053,258,0,375
BRDA:1055,259,0,33
BRDA:1055,259,1,62
BRDA:1055,260,0,95
BRDA:1055,260,1,95
BRDA:1056,261,0,35
BRDA:1056,261,1,60
BRDA:1056,262,0,95
BRDA:1056,262,1,95
BRDA:1057,263,0,4
BRDA:1057,264,0,95
BRDA:1057,264,1,4
BRDA:1058,265,0,4
BRDA:1058,265,1,0
BRDA:1058,266,0,4
BRDA:1058,266,1,4
BRDA:1058,267,0,3
BRDA:1058,267,1,1
BRDA:1058,268,0,4
BRDA:1058,268,1,4
BRDA:1058,269,0,3
BRDA:1058,269,1,1
BRDA:1058,270,0,4
BRDA:1058,270,1,4
BRDA:1058,271,0,1
BRDA:1058,271,1,3
BRDA:1058,272,0,4
BRDA:1058,272,1,4
BRDA:1058,273,0,0
BRDA:1058,273,1,4
BRDA:1058,274,0,4
BRDA:1058,274,1,4
BRDA:1058,275,0,0
BRDA:1058,275,1,4
BRDA:1058,276,0,4
BRDA:1058,276,1,4
BRDA:1059,277,0,1
BRDA:1059,277,1,0
BRDA:1059,278,0,1
BRDA:1059,278,1,1
BRDA:1059,279,0,0
BRDA:1059,279,1,1
BRDA:1059,280,0,1
BRDA:1059,280,1,1
BRDA:1059,281,0,0
BRDA:1059,281,1,1
BRDA:1059,282,0,1
BRDA:1059,282,1,1
BRDA:1060,283,0,0
BRDA:1060,283,1,1
BRDA:1060,284,0,1
BRDA:1060,284,1,1
BRDA:1061,285,0,0
BRDA:1061,285,1,0
BRDA:1061,286,0,0
BRDA:1061,286,1,0
BRDA:1064,287,0,4
BRDA:1064,288,0,91
BRDA:1064,288,1,4
BRDA:1065,289,0,4
BRDA:1065,289,1,0
BRDA:1065,290,0,4
BRDA:1065,290,1,4
BRDA:1065,291,0,3
BRDA:1065,291,1,1
BRDA:1065,292,0,4
BRDA:1065,292,1,4
BRDA:1065,293,0,3
BRDA:1065,293,1,1
BRDA:1065,294,0,4
BRDA:1065,294,1,4
BRDA:1065,295,0,1
BRDA:1065,295,1,3
BRDA:1065,296,0,4
BRDA:1065,296,1,4
BRDA:1065,297,0,0
BRDA:1065,297,1,4
BRDA:1065,298,0,4
BRDA:1065,298,1,4
BRDA:1065,299,0,0
BRDA:1065,299,1,4
BRDA:1065,300,0,4
BRDA:1065,300,1,4
BRDA:1066,301,0,1
BRDA:1066,301,1,0
BRDA:1066,302,0,1
BRDA:1066,302,1,1
BRDA:1066,303,0,0
BRDA:1066,303,1,1
BRDA:1066,304,0,1
BRDA:1066,304,1,1
BRDA:1066,305,0,0
BRDA:1066,305,1,1
BRDA:1066,306,0,1
BRDA:1066,306,1,1
BRDA:1067,307,0,0
BRDA:1067,307,1,1
BRDA:1067,308,0,1
BRDA:1067,308,1,1
BRDA:1068,309,0,0
BRDA:1068,309,1,0
BRDA:1068,310,0,0
BRDA:1068,310,1,0
BRDA:1071,311,0,87
BRDA:1071,311,1,0
BRDA:1071,312,0,87
BRDA:1071,312,1,87
BRDA:1071,313,0,0
BRDA:1071,313,1,87
BRDA:1071,314,0,87
BRDA:1071,314,1,87
BRDA:1071,315,0,0
BRDA:1071,315,1,0
BRDA:1071,316,0,0
BRDA:1071,316,1,0
BRDA:1074,317,0,19
BRDA:1077,318,0,1
BRDA:1077,318,1,22
BRDA:1079,319,0,21
BRDA:1084,320,0,1
BRDA:1084,321,0,2
BRDA:1084,321,1,2
BRDA:1084,321,2,1
BRDA:1086,322,0,1
BRDA:1092,323,0,1
BRDA:1099,324,0,26
BRDA:1099,325,0,26
BRDA:1102,326,0,15
BRDA:1102,326,1,28
BRDA:1103,327,0,15
BRDA:1103,327,1,28
BRDA:1106,328,0,22
BRDA:1111,329,0,14
BRDA:1113,330,0,11
BRDA:1119,331,0,1
BRDA:1119,331,1,1
BRDA:1121,332,0,1
BRDA:1128,333,0,2
BRDA:1133,334,0,1
BRDA:1138,335,0,1
BRDA:1146,336,0,4
BRDA:1146,336,1,3
BRDA:1146,337,0,7
BRDA:1146,337,1,7
BRDA:1151,338,0,1
BRDA:1156,339,0,1
BRDA:1166,340,0,2
BRDA:1166,341,0,10
BRDA:1166,341,1,8
BRDA:1166,342,0,10
BRDA:1166,342,1,0
BRDA:1166,343,0,10
BRDA:1166,343,1,10
BRDA:1167,344,0,1
BRDA:1173,345,0,2
BRDA:1173,346,0,8
BRDA:1173,346,1,5
BRDA:1180,347,0,0
BRDA:1182,348,0,2
BRDA:1182,348,1,3
BRDA:1190,349,0,3
BRDA:1193,350,0,1
BRDA:1196,351,0,1
BRDA:1201,352,0,1
BRDA:1207,353,0,3
BRDA:1207,353,1,0
BRDA:1207,354,0,3
BRDA:1207,354,1,3
BRDA:1217,355,0,18
BRDA:1218,356,0,18
BRDA:1223,357,0,1
BRDA:1234,358,0,7
BRDA:1234,359,0,19
BRDA:1234,359,1,12
BRDA:1234,359,2,12
BRDA:1234,359,3,7
BRDA:1234,360,0,7
BRDA:1234,360,1,12
BRDA:1234,361,0,19
BRDA:1234,361,1,19
BRDA:1239,362,0,1
BRDA:1249,363,0,4
BRDA:1249,364,0,8
BRDA:1249,364,1,4
BRDA:1250,365,0,4
BRDA:1250,365,1,0
BRDA:1250,366,0,4
BRDA:1250,366,1,4
BRDA:1252,367,0,3
BRDA:1252,368,0,4
BRDA:1252,368,1,4
BRDA:1252,368,2,2
BRDA:1252,368,3,2
BRDA:1252,369,0,2
BRDA:1252,369,1,1
BRDA:1261,370,0,4
BRDA:1261,371,0,4
BRDA:1261,371,1,4
BRDA:1261,372,0,8
BRDA:1261,372,1,8
BRDA:1264,373,0,4
BRDA:1264,373,1,0
BRDA:1264,374,0,4
BRDA:1264,374,1,4
BRDA:1264,375,0,4
BRDA:1264,375,1,0
BRDA:1264,376,0,4
BRDA:1264,376,1,4
BRDA:1270,377,0,0
BRDA:1270,378,0,4
BRDA:1270,378,1,0
BRDA:1275,379,0,18
BRDA:1275,379,1,18
BRDA:1275,380,0,12
BRDA:1275,380,1,24
BRDA:1275,381,0,36
BRDA:1275,381,1,36
BRDA:1275,382,0,0
BRDA:1275,382,1,18
BRDA:1279,383,0,29
BRDA:1279,383,1,0
BRDA:1279,384,0,29
BRDA:1279,384,1,29
BRDA:1295,385,0,3
BRDA:1295,386,0,31
BRDA:1295,386,1,3
BRDA:1295,386,2,3
BRDA:1296,387,0,0
BRDA:1296,388,0,28
BRDA:1296,388,1,0
BRDA:1296,388,2,0
BRDA:1296,388,3,0
BRDA:1312,389,0,3
BRDA:1322,390,0,1
BRDA:1328,391,0,5
BRDA:1328,391,1,3
BRDA:1328,392,0,5
BRDA:1328,392,1,0
BRDA:1328,393,0,5
BRDA:1328,393,1,5
BRDA:1336,394,0,12
BRDA:1337,395,0,0
BRDA:1347,396,0,79
BRDA:1347,396,1,0
BRDA:1347,397,0,79
BRDA:1347,397,1,79
BRDA:1348,398,0,10
BRDA:1348,399,0,37
BRDA:1348,399,1,27
BRDA:1348,399,2,27
BRDA:1348,399,3,27
BRDA:1364,400,0,12
BRDA:1367,401,0,1
BRDA:1367,401,1,17
BRDA:1368,402,0,1
BRDA:1368,403,0,18
BRDA:1368,403,1,18
BRDA:1368,403,2,1
BRDA:1382,404,0,1
BRF:744
BRH:645
end_of_record
TN:
SF:src\types.ts
FN:440,defineQueryConfig
FN:444,normalizeQueryConfig
FN:452,normalizeQueryField
FN:461,isQueryFieldSections
FNF:4
FNH:4
FNDA:112,defineQueryConfig
FNDA:437,normalizeQueryConfig
FNDA:1618,normalizeQueryField
FNDA:1618,isQueryFieldSections
DA:440,7
DA:441,112
DA:444,7
DA:445,437
DA:446,437
DA:447,1613
DA:449,437
DA:452,7
DA:453,1618
DA:454,6
DA:462,1618
LF:11
LH:11
BRDA:453,0,0,1612
BRDA:456,1,0,6
BRDA:456,1,1,1
BRDA:457,2,0,6
BRDA:457,2,1,3
BRDA:462,3,0,1618
BRDA:462,3,1,1618
BRDA:462,3,2,1618
BRDA:462,3,3,6
BRDA:462,3,4,6
BRF:10
BRH:10
end_of_record
